#
# There is insufficient memory for the Java Runtime Environment to continue.
# Native memory allocation (malloc) failed to allocate 1067136 bytes for Chunk::new
# Possible reasons:
#   The system is out of physical RAM or swap space
#   The process is running with CompressedOops enabled, and the Java Heap may be blocking the growth of the native heap
# Possible solutions:
#   Reduce memory load on the system
#   Increase physical memory or swap space
#   Check if swap backing store is full
#   Decrease Java heap size (-Xmx/-Xms)
#   Decrease number of Java threads
#   Decrease Java thread stack sizes (-Xss)
#   Set larger code cache with -XX:ReservedCodeCacheSize=
#   JVM is running with Unscaled Compressed Oops mode in which the Java heap is
#     placed in the first 4GB address space. The Java Heap base address is the
#     maximum limit for the native heap growth. Please use -XX:HeapBaseMinAddress
#     to set the Java Heap base and to place the Java Heap above 4GB virtual address.
# This output file may be truncated or incomplete.
#
#  Out of Memory Error (arena.cpp:189), pid=10852, tid=3724
#
# JRE version: Java(TM) SE Runtime Environment (17.0.12+8) (build 17.0.12+8-LTS-286)
# Java VM: Java HotSpot(TM) 64-Bit Server VM (17.0.12+8-LTS-286, mixed mode, sharing, tiered, compressed oops, compressed class ptrs, g1 gc, windows-amd64)
# No core dump will be written. Minidumps are not enabled by default on client versions of Windows
#

---------------  S U M M A R Y ------------

Command Line: --add-opens=java.base/java.lang=ALL-UNNAMED --add-opens=java.base/java.lang.invoke=ALL-UNNAMED --add-opens=java.base/java.util=ALL-UNNAMED --add-opens=java.prefs/java.util.prefs=ALL-UNNAMED --add-exports=jdk.compiler/com.sun.tools.javac.api=ALL-UNNAMED --add-exports=jdk.compiler/com.sun.tools.javac.util=ALL-UNNAMED --add-opens=java.base/java.util=ALL-UNNAMED --add-opens=java.prefs/java.util.prefs=ALL-UNNAMED --add-opens=java.base/java.nio.charset=ALL-UNNAMED --add-opens=java.base/java.net=ALL-UNNAMED --add-opens=java.base/java.util.concurrent.atomic=ALL-UNNAMED --add-opens=java.xml/javax.xml.namespace=ALL-UNNAMED -XX:MaxMetaspaceSize=512m -Xmx2048m -Dfile.encoding=UTF-8 -Duser.country=FR -Duser.language=fr -Duser.variant -javaagent:C:\Users\Dell\.gradle\wrapper\dists\gradle-8.13-bin\5xuhj0ry160q40clulazy9h7d\gradle-8.13\lib\agents\gradle-instrumentation-agent-8.13.jar org.gradle.launcher.daemon.bootstrap.GradleDaemon 8.13

Host: Intel(R) Core(TM) i5-6300U CPU @ 2.40GHz, 4 cores, 7G,  Windows 10 , 64 bit Build 19041 (10.0.19041.5915)
Time: Mon Jun  9 00:41:36 2025 Maroc (heure d64 bit Build 19041 (10.0.19041.5915) elapsed time: 59.966371 seconds (0d 0h 0m 59s)

---------------  T H R E A D  ---------------

Current thread (0x000001fd4cf99220):  JavaThread "C2 CompilerThread0" daemon [_thread_in_native, id=3724, stack(0x0000001740e00000,0x0000001740f00000)]


Current CompileTask:
C2:  59966 13283 %     4       groovy.lang.MetaClassImpl::inheritInterfaceNewMetaMethods @ 100 (195 bytes)

Stack: [0x0000001740e00000,0x0000001740f00000]
Native frames: (J=compiled Java code, j=interpreted, Vv=VM code, C=native code)
V  [jvm.dll+0x67a04a]
V  [jvm.dll+0x7da4ed]
V  [jvm.dll+0x7dbe33]
V  [jvm.dll+0x7dc4a3]
V  [jvm.dll+0x24508f]
V  [jvm.dll+0xab773]
V  [jvm.dll+0xabd3c]
V  [jvm.dll+0x2aa52f]
V  [jvm.dll+0x581eb9]
V  [jvm.dll+0x21f422]
V  [jvm.dll+0x21856c]
V  [jvm.dll+0x215b65]
V  [jvm.dll+0x1a2960]
V  [jvm.dll+0x22610b]
V  [jvm.dll+0x2242ab]
V  [jvm.dll+0x79075c]
V  [jvm.dll+0x78abea]
V  [jvm.dll+0x678f35]
C  [ucrtbase.dll+0x21bb2]
C  [KERNEL32.DLL+0x17374]
C  [ntdll.dll+0x4cc91]


---------------  P R O C E S S  ---------------

Threads class SMR info:
_java_thread_list=0x000001fd6f34c580, length=94, elements={
0x000001fd2f62fcf0, 0x000001fd4cf7fe80, 0x000001fd4cf80c10, 0x000001fd4cf92130,
0x000001fd4cf92c00, 0x000001fd4cf95d80, 0x000001fd4cf96650, 0x000001fd4cf99220,
0x000001fd4cf9d9e0, 0x000001fd4cfb8640, 0x000001fd4d1cda30, 0x000001fd4d240710,
0x000001fd4d009330, 0x000001fd4d50c2d0, 0x000001fd6dfce950, 0x000001fd6d75fc40,
0x000001fd6df353e0, 0x000001fd4d3ea250, 0x000001fd4d3ebba0, 0x000001fd4d3ec5c0,
0x000001fd4d3eb180, 0x000001fd4d3ec0b0, 0x000001fd4d3ecfe0, 0x000001fd4d3eac70,
0x000001fd4d3ed4f0, 0x000001fd4d3ea760, 0x000001fd4d3eda00, 0x000001fd4d3ecad0,
0x000001fd6fdead30, 0x000001fd6fde6140, 0x000001fd6fde8ed0, 0x000001fd6fde47f0,
0x000001fd6fde5720, 0x000001fd6fde38c0, 0x000001fd6fdea820, 0x000001fd6fde84b0,
0x000001fd6fde98f0, 0x000001fd6fde9e00, 0x000001fd6fdea310, 0x000001fd6fde4d00,
0x000001fd6fdeb240, 0x000001fd6fde7070, 0x000001fd6fde6b60, 0x000001fd6fde3dd0,
0x000001fd6fde7580, 0x000001fd6fde5c30, 0x000001fd6fde7a90, 0x000001fd6fde7fa0,
0x000001fd6fde89c0, 0x000001fd6fde93e0, 0x000001fd6fde42e0, 0x000001fd702571b0,
0x000001fd7024fd40, 0x000001fd70255d70, 0x000001fd70251690, 0x000001fd70254420,
0x000001fd70256ca0, 0x000001fd70256790, 0x000001fd70254e40, 0x000001fd70250c70,
0x000001fd70251ba0, 0x000001fd70250760, 0x000001fd70255860, 0x000001fd70254930,
0x000001fd702576c0, 0x000001fd70250250, 0x000001fd70251180, 0x000001fd702520b0,
0x000001fd702525c0, 0x000001fd70252ad0, 0x000001fd70252fe0, 0x000001fd71ae6b50,
0x000001fd71ae47e0, 0x000001fd71ae42d0, 0x000001fd71ae5710, 0x000001fd71ae4cf0,
0x000001fd71ae7060, 0x000001fd71ae7570, 0x000001fd71ae2e90, 0x000001fd71ae5c20,
0x000001fd71ae0100, 0x000001fd71ae6130, 0x000001fd71ae2980, 0x000001fd71ae1540,
0x000001fd71ae6640, 0x000001fd71ae7a80, 0x000001fd71ae0610, 0x000001fd71ae2470,
0x000001fd71ae0b20, 0x000001fd71ae1030, 0x000001fd71ae1a50, 0x000001fd7187af90,
0x000001fd7187fb80, 0x000001fd71a56e00
}

Java Threads: ( => current thread )
  0x000001fd2f62fcf0 JavaThread "main" [_thread_blocked, id=17520, stack(0x0000001740100000,0x0000001740200000)]
  0x000001fd4cf7fe80 JavaThread "Reference Handler" daemon [_thread_blocked, id=25896, stack(0x0000001740800000,0x0000001740900000)]
  0x000001fd4cf80c10 JavaThread "Finalizer" daemon [_thread_blocked, id=17676, stack(0x0000001740900000,0x0000001740a00000)]
  0x000001fd4cf92130 JavaThread "Signal Dispatcher" daemon [_thread_blocked, id=19688, stack(0x0000001740a00000,0x0000001740b00000)]
  0x000001fd4cf92c00 JavaThread "Attach Listener" daemon [_thread_blocked, id=12676, stack(0x0000001740b00000,0x0000001740c00000)]
  0x000001fd4cf95d80 JavaThread "Service Thread" daemon [_thread_blocked, id=14484, stack(0x0000001740c00000,0x0000001740d00000)]
  0x000001fd4cf96650 JavaThread "Monitor Deflation Thread" daemon [_thread_blocked, id=25820, stack(0x0000001740d00000,0x0000001740e00000)]
=>0x000001fd4cf99220 JavaThread "C2 CompilerThread0" daemon [_thread_in_native, id=3724, stack(0x0000001740e00000,0x0000001740f00000)]
  0x000001fd4cf9d9e0 JavaThread "C1 CompilerThread0" daemon [_thread_blocked, id=19612, stack(0x0000001740f00000,0x0000001741000000)]
  0x000001fd4cfb8640 JavaThread "Sweeper thread" daemon [_thread_blocked, id=13968, stack(0x0000001741000000,0x0000001741100000)]
  0x000001fd4d1cda30 JavaThread "Common-Cleaner" daemon [_thread_blocked, id=4304, stack(0x0000001741100000,0x0000001741200000)]
  0x000001fd4d240710 JavaThread "Notification Thread" daemon [_thread_blocked, id=10332, stack(0x0000001741200000,0x0000001741300000)]
  0x000001fd4d009330 JavaThread "Daemon health stats" [_thread_blocked, id=20260, stack(0x0000001741600000,0x0000001741700000)]
  0x000001fd4d50c2d0 JavaThread "Incoming local TCP Connector on port 60952" [_thread_in_native, id=11548, stack(0x0000001741800000,0x0000001741900000)]
  0x000001fd6dfce950 JavaThread "Daemon periodic checks" [_thread_blocked, id=9116, stack(0x0000001741900000,0x0000001741a00000)]
  0x000001fd6d75fc40 JavaThread "Daemon" [_thread_blocked, id=10548, stack(0x0000001741a00000,0x0000001741b00000)]
  0x000001fd6df353e0 JavaThread "Handler for socket connection from /127.0.0.1:60952 to /127.0.0.1:60954" [_thread_in_native, id=6212, stack(0x0000001741b00000,0x0000001741c00000)]
  0x000001fd4d3ea250 JavaThread "Cancel handler" [_thread_blocked, id=2860, stack(0x0000001741c00000,0x0000001741d00000)]
  0x000001fd4d3ebba0 JavaThread "Daemon worker" [_thread_in_Java, id=19480, stack(0x0000001741d00000,0x0000001741e00000)]
  0x000001fd4d3ec5c0 JavaThread "Asynchronous log dispatcher for DefaultDaemonConnection: socket connection from /127.0.0.1:60952 to /127.0.0.1:60954" [_thread_blocked, id=17452, stack(0x0000001741e00000,0x0000001741f00000)]
  0x000001fd4d3eb180 JavaThread "Stdin handler" [_thread_blocked, id=4600, stack(0x0000001741f00000,0x0000001742000000)]
  0x000001fd4d3ec0b0 JavaThread "Daemon client event forwarder" [_thread_blocked, id=9016, stack(0x0000001742000000,0x0000001742100000)]
  0x000001fd4d3ecfe0 JavaThread "Cache worker for journal cache (C:\Users\Dell\.gradle\caches\journal-1)" [_thread_blocked, id=22304, stack(0x0000001742100000,0x0000001742200000)]
  0x000001fd4d3eac70 JavaThread "File lock request listener" [_thread_in_native, id=18444, stack(0x0000001742200000,0x0000001742300000)]
  0x000001fd4d3ed4f0 JavaThread "Cache worker for file hash cache (C:\Users\Dell\.gradle\caches\8.13\fileHashes)" [_thread_blocked, id=3064, stack(0x0000001742300000,0x0000001742400000)]
  0x000001fd4d3ea760 JavaThread "Cache worker for file hash cache (C:\Users\Dell\cooking\android\.gradle\8.13\fileHashes)" [_thread_blocked, id=21336, stack(0x0000001742500000,0x0000001742600000)]
  0x000001fd4d3eda00 JavaThread "Cache worker for Build Output Cleanup Cache (C:\Users\Dell\cooking\android\.gradle\buildOutputCleanup)" [_thread_blocked, id=16388, stack(0x0000001742600000,0x0000001742700000)]
  0x000001fd4d3ecad0 JavaThread "File watcher server" daemon [_thread_in_native, id=21756, stack(0x0000001742700000,0x0000001742800000)]
  0x000001fd6fdead30 JavaThread "File watcher consumer" daemon [_thread_blocked, id=6648, stack(0x0000001742800000,0x0000001742900000)]
  0x000001fd6fde6140 JavaThread "jar transforms" [_thread_blocked, id=11744, stack(0x0000001742900000,0x0000001742a00000)]
  0x000001fd6fde8ed0 JavaThread "jar transforms Thread 2" [_thread_blocked, id=10936, stack(0x0000001742a00000,0x0000001742b00000)]
  0x000001fd6fde47f0 JavaThread "Cache worker for checksums cache (C:\Users\Dell\cooking\android\.gradle\8.13\checksums)" [_thread_blocked, id=1456, stack(0x0000001742c00000,0x0000001742d00000)]
  0x000001fd6fde5720 JavaThread "Cache worker for file content cache (C:\Users\Dell\.gradle\caches\8.13\fileContent)" [_thread_blocked, id=13796, stack(0x0000001742d00000,0x0000001742e00000)]
  0x000001fd6fde38c0 JavaThread "jar transforms Thread 3" [_thread_blocked, id=22116, stack(0x0000001742e00000,0x0000001742f00000)]
  0x000001fd6fdea820 JavaThread "Cache worker for cache directory md-supplier (C:\Users\Dell\.gradle\caches\8.13\md-supplier)" [_thread_blocked, id=21308, stack(0x0000001742f00000,0x0000001743000000)]
  0x000001fd6fde84b0 JavaThread "Cache worker for cache directory md-rule (C:\Users\Dell\.gradle\caches\8.13\md-rule)" [_thread_blocked, id=21500, stack(0x0000001743000000,0x0000001743100000)]
  0x000001fd6fde98f0 JavaThread "Cache worker for Build Output Cleanup Cache (C:\Users\Dell\cooking\node_modules\@react-native\gradle-plugin\.gradle\buildOutputCleanup)" [_thread_blocked, id=19292, stack(0x0000001742400000,0x0000001742500000)]
  0x000001fd6fde9e00 JavaThread "Unconstrained build operations" [_thread_blocked, id=9164, stack(0x0000001743100000,0x0000001743200000)]
  0x000001fd6fdea310 JavaThread "Unconstrained build operations Thread 2" [_thread_blocked, id=11428, stack(0x0000001743200000,0x0000001743300000)]
  0x000001fd6fde4d00 JavaThread "Unconstrained build operations Thread 3" [_thread_blocked, id=7492, stack(0x0000001743400000,0x0000001743500000)]
  0x000001fd6fdeb240 JavaThread "Unconstrained build operations Thread 4" [_thread_blocked, id=10064, stack(0x0000001743500000,0x0000001743600000)]
  0x000001fd6fde7070 JavaThread "Unconstrained build operations Thread 5" [_thread_blocked, id=5596, stack(0x0000001743600000,0x0000001743700000)]
  0x000001fd6fde6b60 JavaThread "Unconstrained build operations Thread 6" [_thread_blocked, id=17524, stack(0x0000001743700000,0x0000001743800000)]
  0x000001fd6fde3dd0 JavaThread "Unconstrained build operations Thread 7" [_thread_blocked, id=7416, stack(0x0000001743800000,0x0000001743900000)]
  0x000001fd6fde7580 JavaThread "Unconstrained build operations Thread 8" [_thread_blocked, id=25460, stack(0x0000001743900000,0x0000001743a00000)]
  0x000001fd6fde5c30 JavaThread "Unconstrained build operations Thread 9" [_thread_blocked, id=25404, stack(0x0000001743a00000,0x0000001743b00000)]
  0x000001fd6fde7a90 JavaThread "Unconstrained build operations Thread 10" [_thread_blocked, id=6232, stack(0x0000001743b00000,0x0000001743c00000)]
  0x000001fd6fde7fa0 JavaThread "Unconstrained build operations Thread 11" [_thread_blocked, id=15028, stack(0x0000001743c00000,0x0000001743d00000)]
  0x000001fd6fde89c0 JavaThread "Unconstrained build operations Thread 12" [_thread_blocked, id=25836, stack(0x0000001743d00000,0x0000001743e00000)]
  0x000001fd6fde93e0 JavaThread "Unconstrained build operations Thread 13" [_thread_blocked, id=24040, stack(0x0000001743e00000,0x0000001743f00000)]
  0x000001fd6fde42e0 JavaThread "Unconstrained build operations Thread 14" [_thread_blocked, id=22160, stack(0x0000001743f00000,0x0000001744000000)]
  0x000001fd702571b0 JavaThread "Unconstrained build operations Thread 15" [_thread_blocked, id=15940, stack(0x0000001744000000,0x0000001744100000)]
  0x000001fd7024fd40 JavaThread "build event listener" [_thread_blocked, id=11316, stack(0x0000001743300000,0x0000001743400000)]
  0x000001fd70255d70 JavaThread "Memory manager" [_thread_blocked, id=15516, stack(0x000000173fe00000,0x000000173ff00000)]
  0x000001fd70251690 JavaThread "ForkJoinPool.commonPool-worker-1" daemon [_thread_blocked, id=16576, stack(0x0000001744400000,0x0000001744500000)]
  0x000001fd70254420 JavaThread "ForkJoinPool.commonPool-worker-2" daemon [_thread_blocked, id=20316, stack(0x0000001744500000,0x0000001744600000)]
  0x000001fd70256ca0 JavaThread "ForkJoinPool.commonPool-worker-3" daemon [_thread_blocked, id=3712, stack(0x0000001744600000,0x0000001744700000)]
  0x000001fd70256790 JavaThread "Exec process" daemon [_thread_blocked, id=13676, stack(0x0000001744700000,0x0000001744800000)]
  0x000001fd70254e40 JavaThread "Exec process Thread 2" daemon [_thread_blocked, id=11084, stack(0x0000001744800000,0x0000001744900000)]
  0x000001fd70250c70 JavaThread "Exec process Thread 3" daemon [_thread_blocked, id=17768, stack(0x0000001744900000,0x0000001744a00000)]
  0x000001fd70251ba0 JavaThread "included builds" [_thread_blocked, id=15100, stack(0x0000001744a00000,0x0000001744b00000)]
  0x000001fd70250760 JavaThread "Execution worker" [_thread_blocked, id=5636, stack(0x0000001744b00000,0x0000001744c00000)]
  0x000001fd70255860 JavaThread "Execution worker Thread 2" [_thread_blocked, id=6176, stack(0x0000001744c00000,0x0000001744d00000)]
  0x000001fd70254930 JavaThread "Execution worker Thread 3" [_thread_blocked, id=19744, stack(0x0000001744d00000,0x0000001744e00000)]
  0x000001fd702576c0 JavaThread "Cache worker for execution history cache (C:\Users\Dell\cooking\node_modules\@react-native\gradle-plugin\.gradle\8.13\executionHistory)" [_thread_blocked, id=6368, stack(0x0000001744e00000,0x0000001744f00000)]
  0x000001fd70250250 JavaThread "Unconstrained build operations Thread 16" [_thread_blocked, id=10780, stack(0x0000001744f00000,0x0000001745000000)]
  0x000001fd70251180 JavaThread "Unconstrained build operations Thread 17" [_thread_blocked, id=11956, stack(0x0000001745000000,0x0000001745100000)]
  0x000001fd702520b0 JavaThread "Unconstrained build operations Thread 18" [_thread_blocked, id=19008, stack(0x0000001745100000,0x0000001745200000)]
  0x000001fd702525c0 JavaThread "Unconstrained build operations Thread 19" [_thread_blocked, id=4016, stack(0x0000001745200000,0x0000001745300000)]
  0x000001fd70252ad0 JavaThread "Unconstrained build operations Thread 20" [_thread_blocked, id=12780, stack(0x0000001745300000,0x0000001745400000)]
  0x000001fd70252fe0 JavaThread "Unconstrained build operations Thread 21" [_thread_blocked, id=19788, stack(0x0000001745400000,0x0000001745500000)]
  0x000001fd71ae6b50 JavaThread "Unconstrained build operations Thread 22" [_thread_blocked, id=7456, stack(0x0000001745500000,0x0000001745600000)]
  0x000001fd71ae47e0 JavaThread "Unconstrained build operations Thread 23" [_thread_blocked, id=9576, stack(0x0000001745600000,0x0000001745700000)]
  0x000001fd71ae42d0 JavaThread "Unconstrained build operations Thread 24" [_thread_blocked, id=20028, stack(0x0000001745700000,0x0000001745800000)]
  0x000001fd71ae5710 JavaThread "Unconstrained build operations Thread 25" [_thread_blocked, id=1372, stack(0x0000001745800000,0x0000001745900000)]
  0x000001fd71ae4cf0 JavaThread "Unconstrained build operations Thread 26" [_thread_blocked, id=9460, stack(0x0000001745900000,0x0000001745a00000)]
  0x000001fd71ae7060 JavaThread "Unconstrained build operations Thread 27" [_thread_blocked, id=17040, stack(0x0000001745a00000,0x0000001745b00000)]
  0x000001fd71ae7570 JavaThread "Unconstrained build operations Thread 28" [_thread_blocked, id=22120, stack(0x0000001745b00000,0x0000001745c00000)]
  0x000001fd71ae2e90 JavaThread "Unconstrained build operations Thread 29" [_thread_blocked, id=15284, stack(0x0000001745c00000,0x0000001745d00000)]
  0x000001fd71ae5c20 JavaThread "Unconstrained build operations Thread 30" [_thread_blocked, id=21244, stack(0x0000001745d00000,0x0000001745e00000)]
  0x000001fd71ae0100 JavaThread "Unconstrained build operations Thread 31" [_thread_blocked, id=23848, stack(0x0000001745e00000,0x0000001745f00000)]
  0x000001fd71ae6130 JavaThread "Unconstrained build operations Thread 32" [_thread_blocked, id=26616, stack(0x0000001745f00000,0x0000001746000000)]
  0x000001fd71ae2980 JavaThread "Unconstrained build operations Thread 33" [_thread_blocked, id=22712, stack(0x0000001746000000,0x0000001746100000)]
  0x000001fd71ae1540 JavaThread "Unconstrained build operations Thread 34" [_thread_blocked, id=19696, stack(0x0000001746100000,0x0000001746200000)]
  0x000001fd71ae6640 JavaThread "Unconstrained build operations Thread 35" [_thread_blocked, id=7376, stack(0x0000001746200000,0x0000001746300000)]
  0x000001fd71ae7a80 JavaThread "Unconstrained build operations Thread 36" [_thread_blocked, id=9616, stack(0x0000001746300000,0x0000001746400000)]
  0x000001fd71ae0610 JavaThread "Unconstrained build operations Thread 37" [_thread_blocked, id=20004, stack(0x0000001746400000,0x0000001746500000)]
  0x000001fd71ae2470 JavaThread "jar transforms Thread 4" [_thread_blocked, id=17396, stack(0x0000001746500000,0x0000001746600000)]
  0x000001fd71ae0b20 JavaThread "Unconstrained build operations Thread 38" [_thread_blocked, id=23856, stack(0x0000001746600000,0x0000001746700000)]
  0x000001fd71ae1030 JavaThread "Unconstrained build operations Thread 39" [_thread_blocked, id=19640, stack(0x0000001746700000,0x0000001746800000)]
  0x000001fd71ae1a50 JavaThread "Unconstrained build operations Thread 40" [_thread_blocked, id=21412, stack(0x0000001746800000,0x0000001746900000)]
  0x000001fd7187af90 JavaThread "Problems report writer" [_thread_blocked, id=14208, stack(0x0000001746900000,0x0000001746a00000)]
  0x000001fd7187fb80 JavaThread "build event listener" [_thread_blocked, id=15508, stack(0x0000001746a00000,0x0000001746b00000)]
  0x000001fd71a56e00 JavaThread "C2 CompilerThread1" daemon [_thread_in_native, id=6388, stack(0x0000001744100000,0x0000001744200000)]

Other Threads:
  0x000001fd4cf7b310 VMThread "VM Thread" [stack: 0x0000001740700000,0x0000001740800000] [id=9020] _threads_hazard_ptr=0x000001fd6f34c580
  0x000001fd2f630960 WatcherThread [stack: 0x0000001741300000,0x0000001741400000] [id=1156]
  0x000001fd2f688a30 GCTaskThread "GC Thread#0" [stack: 0x0000001740200000,0x0000001740300000] [id=16664]
  0x000001fd4d3f3a00 GCTaskThread "GC Thread#1" [stack: 0x0000001741400000,0x0000001741500000] [id=25484]
  0x000001fd4d43a050 GCTaskThread "GC Thread#2" [stack: 0x0000001741500000,0x0000001741600000] [id=8076]
  0x000001fd6d530850 GCTaskThread "GC Thread#3" [stack: 0x0000001741700000,0x0000001741800000] [id=12828]
  0x000001fd2f699890 ConcurrentGCThread "G1 Main Marker" [stack: 0x0000001740300000,0x0000001740400000] [id=7360]
  0x000001fd2f69a1b0 ConcurrentGCThread "G1 Conc#0" [stack: 0x0000001740400000,0x0000001740500000] [id=14328]
  0x000001fd2f6fecd0 ConcurrentGCThread "G1 Refine#0" [stack: 0x0000001740500000,0x0000001740600000] [id=11120]
  0x000001fd6fa841e0 ConcurrentGCThread "G1 Refine#1" [stack: 0x0000001742b00000,0x0000001742c00000] [id=22664]
  0x000001fd4ce326f0 ConcurrentGCThread "G1 Service" [stack: 0x0000001740600000,0x0000001740700000] [id=11600]

Threads with active compile tasks:
C2 CompilerThread0    60040 13283 %     4       groovy.lang.MetaClassImpl::inheritInterfaceNewMetaMethods @ 100 (195 bytes)
C2 CompilerThread1    60040 13295       4       java.lang.Class::privateGetPublicMethods (224 bytes)

VM state: not at safepoint (normal execution)

VM Mutex/Monitor currently owned by a thread: None

Heap address: 0x0000000080000000, size: 2048 MB, Compressed Oops mode: 32-bit

CDS archive(s) mapped at: [0x000001fd4e000000-0x000001fd4ebd0000-0x000001fd4ebd0000), size 12386304, SharedBaseAddress: 0x000001fd4e000000, ArchiveRelocationMode: 1.
Compressed class space mapped at: 0x000001fd4f000000-0x000001fd69000000, reserved size: 436207616
Narrow klass base: 0x000001fd4e000000, Narrow klass shift: 0, Narrow klass range: 0x100000000

GC Precious Log:
 CPUs: 4 total, 4 available
 Memory: 8073M
 Large Page Support: Disabled
 NUMA Support: Disabled
 Compressed Oops: Enabled (32-bit)
 Heap Region Size: 1M
 Heap Min Capacity: 8M
 Heap Initial Capacity: 128M
 Heap Max Capacity: 2G
 Pre-touch: Disabled
 Parallel Workers: 4
 Concurrent Workers: 1
 Concurrent Refinement Workers: 4
 Periodic GC: Disabled

Heap:
 garbage-first heap   total 201728K, used 140787K [0x0000000080000000, 0x0000000100000000)
  region size 1024K, 29 young (29696K), 4 survivors (4096K)
 Metaspace       used 100543K, committed 101632K, reserved 557056K
  class space    used 14044K, committed 14528K, reserved 425984K

Heap Regions: E=young(eden), S=young(survivor), O=old, HS=humongous(starts), HC=humongous(continues), CS=collection set, F=free, OA=open archive, CA=closed archive, TAMS=top-at-mark-start (previous, next)
|   0|0x0000000080000000, 0x0000000080100000, 0x0000000080100000|100%|HS|  |TAMS 0x0000000080100000, 0x0000000080000000| Complete 
|   1|0x0000000080100000, 0x0000000080200000, 0x0000000080200000|100%|HC|  |TAMS 0x0000000080200000, 0x0000000080100000| Complete 
|   2|0x0000000080200000, 0x0000000080300000, 0x0000000080300000|100%|HC|  |TAMS 0x0000000080300000, 0x0000000080200000| Complete 
|   3|0x0000000080300000, 0x0000000080400000, 0x0000000080400000|100%| O|  |TAMS 0x0000000080400000, 0x0000000080300000| Untracked 
|   4|0x0000000080400000, 0x0000000080500000, 0x0000000080500000|100%| O|  |TAMS 0x0000000080500000, 0x0000000080400000| Untracked 
|   5|0x0000000080500000, 0x0000000080600000, 0x0000000080600000|100%| O|  |TAMS 0x0000000080600000, 0x0000000080500000| Untracked 
|   6|0x0000000080600000, 0x0000000080700000, 0x0000000080700000|100%| O|  |TAMS 0x0000000080700000, 0x0000000080600000| Untracked 
|   7|0x0000000080700000, 0x0000000080800000, 0x0000000080800000|100%|HS|  |TAMS 0x0000000080800000, 0x0000000080700000| Complete 
|   8|0x0000000080800000, 0x0000000080900000, 0x0000000080900000|100%| O|  |TAMS 0x0000000080900000, 0x0000000080800000| Untracked 
|   9|0x0000000080900000, 0x0000000080a00000, 0x0000000080a00000|100%| O|  |TAMS 0x0000000080a00000, 0x0000000080900000| Untracked 
|  10|0x0000000080a00000, 0x0000000080b00000, 0x0000000080b00000|100%| O|  |TAMS 0x0000000080b00000, 0x0000000080a00000| Untracked 
|  11|0x0000000080b00000, 0x0000000080c00000, 0x0000000080c00000|100%| O|  |TAMS 0x0000000080c00000, 0x0000000080b00000| Untracked 
|  12|0x0000000080c00000, 0x0000000080d00000, 0x0000000080d00000|100%| O|  |TAMS 0x0000000080d00000, 0x0000000080c00000| Untracked 
|  13|0x0000000080d00000, 0x0000000080e00000, 0x0000000080e00000|100%| O|  |TAMS 0x0000000080e00000, 0x0000000080d00000| Untracked 
|  14|0x0000000080e00000, 0x0000000080f00000, 0x0000000080f00000|100%| O|  |TAMS 0x0000000080f00000, 0x0000000080e00000| Untracked 
|  15|0x0000000080f00000, 0x0000000080fc9000, 0x0000000081000000| 78%| O|  |TAMS 0x0000000080fc9000, 0x0000000080f00000| Untracked 
|  16|0x0000000081000000, 0x0000000081100000, 0x0000000081100000|100%| O|  |TAMS 0x0000000081100000, 0x0000000081000000| Untracked 
|  17|0x0000000081100000, 0x0000000081200000, 0x0000000081200000|100%| O|  |TAMS 0x0000000081200000, 0x0000000081100000| Untracked 
|  18|0x0000000081200000, 0x0000000081300000, 0x0000000081300000|100%| O|  |TAMS 0x0000000081300000, 0x0000000081200000| Untracked 
|  19|0x0000000081300000, 0x0000000081400000, 0x0000000081400000|100%| O|  |TAMS 0x0000000081400000, 0x0000000081300000| Untracked 
|  20|0x0000000081400000, 0x0000000081500000, 0x0000000081500000|100%| O|  |TAMS 0x0000000081500000, 0x0000000081400000| Untracked 
|  21|0x0000000081500000, 0x0000000081600000, 0x0000000081600000|100%| O|  |TAMS 0x0000000081600000, 0x0000000081500000| Untracked 
|  22|0x0000000081600000, 0x0000000081700000, 0x0000000081700000|100%| O|  |TAMS 0x0000000081700000, 0x0000000081600000| Untracked 
|  23|0x0000000081700000, 0x0000000081800000, 0x0000000081800000|100%| O|  |TAMS 0x0000000081800000, 0x0000000081700000| Untracked 
|  24|0x0000000081800000, 0x0000000081900000, 0x0000000081900000|100%| O|  |TAMS 0x0000000081900000, 0x0000000081800000| Untracked 
|  25|0x0000000081900000, 0x0000000081a00000, 0x0000000081a00000|100%| O|  |TAMS 0x0000000081a00000, 0x0000000081900000| Untracked 
|  26|0x0000000081a00000, 0x0000000081b00000, 0x0000000081b00000|100%| O|  |TAMS 0x0000000081b00000, 0x0000000081a00000| Untracked 
|  27|0x0000000081b00000, 0x0000000081c00000, 0x0000000081c00000|100%| O|  |TAMS 0x0000000081c00000, 0x0000000081b00000| Untracked 
|  28|0x0000000081c00000, 0x0000000081d00000, 0x0000000081d00000|100%| O|  |TAMS 0x0000000081d00000, 0x0000000081c00000| Untracked 
|  29|0x0000000081d00000, 0x0000000081e00000, 0x0000000081e00000|100%| O|  |TAMS 0x0000000081e00000, 0x0000000081d00000| Untracked 
|  30|0x0000000081e00000, 0x0000000081f00000, 0x0000000081f00000|100%| O|  |TAMS 0x0000000081f00000, 0x0000000081e00000| Untracked 
|  31|0x0000000081f00000, 0x0000000082000000, 0x0000000082000000|100%| O|  |TAMS 0x0000000082000000, 0x0000000081f00000| Untracked 
|  32|0x0000000082000000, 0x0000000082100000, 0x0000000082100000|100%| O|  |TAMS 0x0000000082100000, 0x0000000082000000| Untracked 
|  33|0x0000000082100000, 0x0000000082200000, 0x0000000082200000|100%| O|  |TAMS 0x0000000082200000, 0x0000000082100000| Untracked 
|  34|0x0000000082200000, 0x0000000082300000, 0x0000000082300000|100%| O|  |TAMS 0x0000000082300000, 0x0000000082200000| Untracked 
|  35|0x0000000082300000, 0x0000000082400000, 0x0000000082400000|100%| O|  |TAMS 0x0000000082400000, 0x0000000082300000| Untracked 
|  36|0x0000000082400000, 0x0000000082500000, 0x0000000082500000|100%| O|  |TAMS 0x0000000082500000, 0x0000000082400000| Untracked 
|  37|0x0000000082500000, 0x0000000082600000, 0x0000000082600000|100%| O|  |TAMS 0x0000000082600000, 0x0000000082500000| Untracked 
|  38|0x0000000082600000, 0x0000000082700000, 0x0000000082700000|100%| O|  |TAMS 0x0000000082700000, 0x0000000082600000| Untracked 
|  39|0x0000000082700000, 0x0000000082800000, 0x0000000082800000|100%| O|  |TAMS 0x0000000082800000, 0x0000000082700000| Untracked 
|  40|0x0000000082800000, 0x0000000082900000, 0x0000000082900000|100%| O|  |TAMS 0x0000000082900000, 0x0000000082800000| Untracked 
|  41|0x0000000082900000, 0x0000000082a00000, 0x0000000082a00000|100%| O|  |TAMS 0x0000000082a00000, 0x0000000082900000| Untracked 
|  42|0x0000000082a00000, 0x0000000082b00000, 0x0000000082b00000|100%|HS|  |TAMS 0x0000000082b00000, 0x0000000082a00000| Complete 
|  43|0x0000000082b00000, 0x0000000082c00000, 0x0000000082c00000|100%|HC|  |TAMS 0x0000000082c00000, 0x0000000082b00000| Complete 
|  44|0x0000000082c00000, 0x0000000082d00000, 0x0000000082d00000|100%|HS|  |TAMS 0x0000000082d00000, 0x0000000082c00000| Complete 
|  45|0x0000000082d00000, 0x0000000082e00000, 0x0000000082e00000|100%|HC|  |TAMS 0x0000000082e00000, 0x0000000082d00000| Complete 
|  46|0x0000000082e00000, 0x0000000082f00000, 0x0000000082f00000|100%|HC|  |TAMS 0x0000000082f00000, 0x0000000082e00000| Complete 
|  47|0x0000000082f00000, 0x0000000083000000, 0x0000000083000000|100%| O|  |TAMS 0x0000000083000000, 0x0000000082f00000| Untracked 
|  48|0x0000000083000000, 0x0000000083100000, 0x0000000083100000|100%| O|  |TAMS 0x0000000083100000, 0x0000000083000000| Untracked 
|  49|0x0000000083100000, 0x0000000083200000, 0x0000000083200000|100%| O|  |TAMS 0x0000000083200000, 0x0000000083100000| Untracked 
|  50|0x0000000083200000, 0x0000000083300000, 0x0000000083300000|100%| O|  |TAMS 0x0000000083200000, 0x0000000083200000| Untracked 
|  51|0x0000000083300000, 0x0000000083400000, 0x0000000083400000|100%| O|  |TAMS 0x0000000083400000, 0x0000000083300000| Untracked 
|  52|0x0000000083400000, 0x0000000083500000, 0x0000000083500000|100%| O|  |TAMS 0x0000000083500000, 0x0000000083400000| Untracked 
|  53|0x0000000083500000, 0x0000000083600000, 0x0000000083600000|100%| O|  |TAMS 0x0000000083600000, 0x0000000083500000| Untracked 
|  54|0x0000000083600000, 0x0000000083700000, 0x0000000083700000|100%| O|  |TAMS 0x0000000083700000, 0x0000000083600000| Untracked 
|  55|0x0000000083700000, 0x0000000083800000, 0x0000000083800000|100%|HS|  |TAMS 0x0000000083800000, 0x0000000083700000| Complete 
|  56|0x0000000083800000, 0x0000000083900000, 0x0000000083900000|100%|HC|  |TAMS 0x0000000083900000, 0x0000000083800000| Complete 
|  57|0x0000000083900000, 0x0000000083a00000, 0x0000000083a00000|100%| O|  |TAMS 0x0000000083a00000, 0x0000000083900000| Untracked 
|  58|0x0000000083a00000, 0x0000000083b00000, 0x0000000083b00000|100%|HS|  |TAMS 0x0000000083b00000, 0x0000000083a00000| Complete 
|  59|0x0000000083b00000, 0x0000000083c00000, 0x0000000083c00000|100%|HC|  |TAMS 0x0000000083c00000, 0x0000000083b00000| Complete 
|  60|0x0000000083c00000, 0x0000000083d00000, 0x0000000083d00000|100%|HC|  |TAMS 0x0000000083d00000, 0x0000000083c00000| Complete 
|  61|0x0000000083d00000, 0x0000000083e00000, 0x0000000083e00000|100%| O|  |TAMS 0x0000000083e00000, 0x0000000083d00000| Untracked 
|  62|0x0000000083e00000, 0x0000000083f00000, 0x0000000083f00000|100%| O|  |TAMS 0x0000000083f00000, 0x0000000083e00000| Untracked 
|  63|0x0000000083f00000, 0x0000000084000000, 0x0000000084000000|100%| O|  |TAMS 0x0000000083f00000, 0x0000000083f00000| Untracked 
|  64|0x0000000084000000, 0x0000000084100000, 0x0000000084100000|100%| O|  |TAMS 0x0000000084100000, 0x0000000084000000| Untracked 
|  65|0x0000000084100000, 0x0000000084200000, 0x0000000084200000|100%| O|  |TAMS 0x0000000084200000, 0x0000000084100000| Untracked 
|  66|0x0000000084200000, 0x0000000084300000, 0x0000000084300000|100%| O|  |TAMS 0x0000000084300000, 0x0000000084200000| Untracked 
|  67|0x0000000084300000, 0x0000000084400000, 0x0000000084400000|100%| O|  |TAMS 0x0000000084400000, 0x0000000084300000| Untracked 
|  68|0x0000000084400000, 0x0000000084500000, 0x0000000084500000|100%| O|  |TAMS 0x0000000084500000, 0x0000000084400000| Untracked 
|  69|0x0000000084500000, 0x0000000084600000, 0x0000000084600000|100%| O|  |TAMS 0x0000000084600000, 0x0000000084500000| Untracked 
|  70|0x0000000084600000, 0x0000000084700000, 0x0000000084700000|100%| O|  |TAMS 0x0000000084700000, 0x0000000084600000| Untracked 
|  71|0x0000000084700000, 0x0000000084800000, 0x0000000084800000|100%| O|  |TAMS 0x0000000084800000, 0x0000000084700000| Untracked 
|  72|0x0000000084800000, 0x0000000084900000, 0x0000000084900000|100%| O|  |TAMS 0x0000000084900000, 0x0000000084800000| Untracked 
|  73|0x0000000084900000, 0x0000000084a00000, 0x0000000084a00000|100%| O|  |TAMS 0x0000000084a00000, 0x0000000084900000| Untracked 
|  74|0x0000000084a00000, 0x0000000084b00000, 0x0000000084b00000|100%| O|  |TAMS 0x0000000084b00000, 0x0000000084a00000| Untracked 
|  75|0x0000000084b00000, 0x0000000084c00000, 0x0000000084c00000|100%| O|  |TAMS 0x0000000084c00000, 0x0000000084b00000| Untracked 
|  76|0x0000000084c00000, 0x0000000084d00000, 0x0000000084d00000|100%| O|  |TAMS 0x0000000084d00000, 0x0000000084c00000| Untracked 
|  77|0x0000000084d00000, 0x0000000084e00000, 0x0000000084e00000|100%|HS|  |TAMS 0x0000000084e00000, 0x0000000084d00000| Complete 
|  78|0x0000000084e00000, 0x0000000084f00000, 0x0000000084f00000|100%|HS|  |TAMS 0x0000000084f00000, 0x0000000084e00000| Complete 
|  79|0x0000000084f00000, 0x0000000085000000, 0x0000000085000000|100%|HS|  |TAMS 0x0000000085000000, 0x0000000084f00000| Complete 
|  80|0x0000000085000000, 0x0000000085100000, 0x0000000085100000|100%|HS|  |TAMS 0x0000000085100000, 0x0000000085000000| Complete 
|  81|0x0000000085100000, 0x0000000085200000, 0x0000000085200000|100%| O|  |TAMS 0x0000000085200000, 0x0000000085100000| Untracked 
|  82|0x0000000085200000, 0x0000000085300000, 0x0000000085300000|100%| O|  |TAMS 0x0000000085300000, 0x0000000085200000| Untracked 
|  83|0x0000000085300000, 0x0000000085400000, 0x0000000085400000|100%| O|  |TAMS 0x0000000085400000, 0x0000000085300000| Untracked 
|  84|0x0000000085400000, 0x0000000085500000, 0x0000000085500000|100%|HS|  |TAMS 0x0000000085500000, 0x0000000085400000| Complete 
|  85|0x0000000085500000, 0x0000000085600000, 0x0000000085600000|100%|HS|  |TAMS 0x0000000085600000, 0x0000000085500000| Complete 
|  86|0x0000000085600000, 0x0000000085700000, 0x0000000085700000|100%| O|  |TAMS 0x0000000085700000, 0x0000000085600000| Untracked 
|  87|0x0000000085700000, 0x0000000085800000, 0x0000000085800000|100%| O|  |TAMS 0x0000000085800000, 0x0000000085700000| Untracked 
|  88|0x0000000085800000, 0x0000000085900000, 0x0000000085900000|100%| O|  |TAMS 0x0000000085900000, 0x0000000085800000| Untracked 
|  89|0x0000000085900000, 0x0000000085a00000, 0x0000000085a00000|100%| O|  |TAMS 0x0000000085a00000, 0x0000000085900000| Untracked 
|  90|0x0000000085a00000, 0x0000000085b00000, 0x0000000085b00000|100%| O|  |TAMS 0x0000000085b00000, 0x0000000085a00000| Untracked 
|  91|0x0000000085b00000, 0x0000000085c00000, 0x0000000085c00000|100%| O|  |TAMS 0x0000000085c00000, 0x0000000085b00000| Untracked 
|  92|0x0000000085c00000, 0x0000000085d00000, 0x0000000085d00000|100%| O|  |TAMS 0x0000000085d00000, 0x0000000085c00000| Untracked 
|  93|0x0000000085d00000, 0x0000000085e00000, 0x0000000085e00000|100%| O|  |TAMS 0x0000000085e00000, 0x0000000085d00000| Untracked 
|  94|0x0000000085e00000, 0x0000000085f00000, 0x0000000085f00000|100%| O|  |TAMS 0x0000000085f00000, 0x0000000085e00000| Untracked 
|  95|0x0000000085f00000, 0x0000000086000000, 0x0000000086000000|100%| O|  |TAMS 0x0000000086000000, 0x0000000085f00000| Untracked 
|  96|0x0000000086000000, 0x0000000086100000, 0x0000000086100000|100%|HS|  |TAMS 0x0000000086100000, 0x0000000086000000| Complete 
|  97|0x0000000086100000, 0x0000000086200000, 0x0000000086200000|100%|HC|  |TAMS 0x0000000086200000, 0x0000000086100000| Complete 
|  98|0x0000000086200000, 0x0000000086300000, 0x0000000086300000|100%|HS|  |TAMS 0x0000000086300000, 0x0000000086200000| Complete 
|  99|0x0000000086300000, 0x0000000086400000, 0x0000000086400000|100%| O|  |TAMS 0x0000000086400000, 0x0000000086300000| Untracked 
| 100|0x0000000086400000, 0x0000000086500000, 0x0000000086500000|100%| O|  |TAMS 0x0000000086500000, 0x0000000086400000| Untracked 
| 101|0x0000000086500000, 0x0000000086600000, 0x0000000086600000|100%| O|  |TAMS 0x00000000865e3400, 0x0000000086500000| Untracked 
| 102|0x0000000086600000, 0x0000000086700000, 0x0000000086700000|100%| O|  |TAMS 0x0000000086600000, 0x0000000086600000| Untracked 
| 103|0x0000000086700000, 0x0000000086800000, 0x0000000086800000|100%| O|  |TAMS 0x0000000086700000, 0x0000000086700000| Untracked 
| 104|0x0000000086800000, 0x0000000086900000, 0x0000000086900000|100%| O|  |TAMS 0x0000000086800000, 0x0000000086800000| Untracked 
| 105|0x0000000086900000, 0x0000000086a00000, 0x0000000086a00000|100%| O|  |TAMS 0x0000000086900000, 0x0000000086900000| Untracked 
| 106|0x0000000086a00000, 0x0000000086b00000, 0x0000000086b00000|100%| O|  |TAMS 0x0000000086a00000, 0x0000000086a00000| Untracked 
| 107|0x0000000086b00000, 0x0000000086c00000, 0x0000000086c00000|100%| O|  |TAMS 0x0000000086b00000, 0x0000000086b00000| Untracked 
| 108|0x0000000086c00000, 0x0000000086d00000, 0x0000000086d00000|100%| O|  |TAMS 0x0000000086c00000, 0x0000000086c00000| Untracked 
| 109|0x0000000086d00000, 0x0000000086e00000, 0x0000000086e00000|100%| O|  |TAMS 0x0000000086d00000, 0x0000000086d00000| Untracked 
| 110|0x0000000086e00000, 0x0000000086e48c00, 0x0000000086f00000| 28%| O|  |TAMS 0x0000000086e00000, 0x0000000086e00000| Untracked 
| 111|0x0000000086f00000, 0x0000000086f00000, 0x0000000087000000|  0%| F|  |TAMS 0x0000000086f00000, 0x0000000086f00000| Untracked 
| 112|0x0000000087000000, 0x0000000087000000, 0x0000000087100000|  0%| F|  |TAMS 0x0000000087000000, 0x0000000087000000| Untracked 
| 113|0x0000000087100000, 0x0000000087100000, 0x0000000087200000|  0%| F|  |TAMS 0x0000000087100000, 0x0000000087100000| Untracked 
| 114|0x0000000087200000, 0x0000000087200000, 0x0000000087300000|  0%| F|  |TAMS 0x0000000087200000, 0x0000000087200000| Untracked 
| 115|0x0000000087300000, 0x0000000087300000, 0x0000000087400000|  0%| F|  |TAMS 0x0000000087300000, 0x0000000087300000| Untracked 
| 116|0x0000000087400000, 0x0000000087400000, 0x0000000087500000|  0%| F|  |TAMS 0x0000000087400000, 0x0000000087400000| Untracked 
| 117|0x0000000087500000, 0x0000000087500000, 0x0000000087600000|  0%| F|  |TAMS 0x0000000087500000, 0x0000000087500000| Untracked 
| 118|0x0000000087600000, 0x0000000087600000, 0x0000000087700000|  0%| F|  |TAMS 0x0000000087600000, 0x0000000087600000| Untracked 
| 119|0x0000000087700000, 0x0000000087700000, 0x0000000087800000|  0%| F|  |TAMS 0x0000000087700000, 0x0000000087700000| Untracked 
| 120|0x0000000087800000, 0x0000000087800000, 0x0000000087900000|  0%| F|  |TAMS 0x0000000087800000, 0x0000000087800000| Untracked 
| 121|0x0000000087900000, 0x0000000087900000, 0x0000000087a00000|  0%| F|  |TAMS 0x0000000087900000, 0x0000000087900000| Untracked 
| 122|0x0000000087a00000, 0x0000000087a00000, 0x0000000087b00000|  0%| F|  |TAMS 0x0000000087a00000, 0x0000000087a00000| Untracked 
| 123|0x0000000087b00000, 0x0000000087b00000, 0x0000000087c00000|  0%| F|  |TAMS 0x0000000087b00000, 0x0000000087b00000| Untracked 
| 124|0x0000000087c00000, 0x0000000087c00000, 0x0000000087d00000|  0%| F|  |TAMS 0x0000000087c00000, 0x0000000087c00000| Untracked 
| 125|0x0000000087d00000, 0x0000000087d00000, 0x0000000087e00000|  0%| F|  |TAMS 0x0000000087d00000, 0x0000000087d00000| Untracked 
| 126|0x0000000087e00000, 0x0000000087e00000, 0x0000000087f00000|  0%| F|  |TAMS 0x0000000087e00000, 0x0000000087e00000| Untracked 
| 127|0x0000000087f00000, 0x0000000087f00000, 0x0000000088000000|  0%| F|  |TAMS 0x0000000087f00000, 0x0000000087f00000| Untracked 
| 128|0x0000000088000000, 0x0000000088000000, 0x0000000088100000|  0%| F|  |TAMS 0x0000000088000000, 0x0000000088000000| Untracked 
| 129|0x0000000088100000, 0x0000000088100000, 0x0000000088200000|  0%| F|  |TAMS 0x0000000088100000, 0x0000000088100000| Untracked 
| 130|0x0000000088200000, 0x0000000088200000, 0x0000000088300000|  0%| F|  |TAMS 0x0000000088200000, 0x0000000088200000| Untracked 
| 131|0x0000000088300000, 0x0000000088300000, 0x0000000088400000|  0%| F|  |TAMS 0x0000000088300000, 0x0000000088300000| Untracked 
| 132|0x0000000088400000, 0x0000000088400000, 0x0000000088500000|  0%| F|  |TAMS 0x0000000088400000, 0x0000000088400000| Untracked 
| 133|0x0000000088500000, 0x0000000088500000, 0x0000000088600000|  0%| F|  |TAMS 0x0000000088500000, 0x0000000088500000| Untracked 
| 134|0x0000000088600000, 0x0000000088600000, 0x0000000088700000|  0%| F|  |TAMS 0x0000000088600000, 0x0000000088600000| Untracked 
| 135|0x0000000088700000, 0x0000000088700000, 0x0000000088800000|  0%| F|  |TAMS 0x0000000088700000, 0x0000000088700000| Untracked 
| 136|0x0000000088800000, 0x0000000088800000, 0x0000000088900000|  0%| F|  |TAMS 0x0000000088800000, 0x0000000088800000| Untracked 
| 137|0x0000000088900000, 0x000000008896b000, 0x0000000088a00000| 41%| S|CS|TAMS 0x0000000088900000, 0x0000000088900000| Complete 
| 138|0x0000000088a00000, 0x0000000088b00000, 0x0000000088b00000|100%| S|CS|TAMS 0x0000000088a00000, 0x0000000088a00000| Complete 
| 139|0x0000000088b00000, 0x0000000088c00000, 0x0000000088c00000|100%| S|CS|TAMS 0x0000000088b00000, 0x0000000088b00000| Complete 
| 140|0x0000000088c00000, 0x0000000088c00000, 0x0000000088d00000|  0%| F|  |TAMS 0x0000000088c00000, 0x0000000088c00000| Untracked 
| 141|0x0000000088d00000, 0x0000000088d00000, 0x0000000088e00000|  0%| F|  |TAMS 0x0000000088d00000, 0x0000000088d00000| Untracked 
| 142|0x0000000088e00000, 0x0000000088f00000, 0x0000000088f00000|100%| S|CS|TAMS 0x0000000088e00000, 0x0000000088e00000| Complete 
| 143|0x0000000088f00000, 0x0000000088f00000, 0x0000000089000000|  0%| F|  |TAMS 0x0000000088f00000, 0x0000000088f00000| Untracked 
| 144|0x0000000089000000, 0x0000000089000000, 0x0000000089100000|  0%| F|  |TAMS 0x0000000089000000, 0x0000000089000000| Untracked 
| 145|0x0000000089100000, 0x0000000089100000, 0x0000000089200000|  0%| F|  |TAMS 0x0000000089100000, 0x0000000089100000| Untracked 
| 146|0x0000000089200000, 0x0000000089200000, 0x0000000089300000|  0%| F|  |TAMS 0x0000000089200000, 0x0000000089200000| Untracked 
| 147|0x0000000089300000, 0x0000000089300000, 0x0000000089400000|  0%| F|  |TAMS 0x0000000089300000, 0x0000000089300000| Untracked 
| 148|0x0000000089400000, 0x0000000089400000, 0x0000000089500000|  0%| F|  |TAMS 0x0000000089400000, 0x0000000089400000| Untracked 
| 149|0x0000000089500000, 0x0000000089500000, 0x0000000089600000|  0%| F|  |TAMS 0x0000000089500000, 0x0000000089500000| Untracked 
| 150|0x0000000089600000, 0x0000000089600000, 0x0000000089700000|  0%| F|  |TAMS 0x0000000089600000, 0x0000000089600000| Untracked 
| 151|0x0000000089700000, 0x0000000089700000, 0x0000000089800000|  0%| F|  |TAMS 0x0000000089700000, 0x0000000089700000| Untracked 
| 152|0x0000000089800000, 0x0000000089800000, 0x0000000089900000|  0%| F|  |TAMS 0x0000000089800000, 0x0000000089800000| Untracked 
| 153|0x0000000089900000, 0x0000000089900000, 0x0000000089a00000|  0%| F|  |TAMS 0x0000000089900000, 0x0000000089900000| Untracked 
| 154|0x0000000089a00000, 0x0000000089a00000, 0x0000000089b00000|  0%| F|  |TAMS 0x0000000089a00000, 0x0000000089a00000| Untracked 
| 155|0x0000000089b00000, 0x0000000089b00000, 0x0000000089c00000|  0%| F|  |TAMS 0x0000000089b00000, 0x0000000089b00000| Untracked 
| 156|0x0000000089c00000, 0x0000000089c00000, 0x0000000089d00000|  0%| F|  |TAMS 0x0000000089c00000, 0x0000000089c00000| Untracked 
| 157|0x0000000089d00000, 0x0000000089d00000, 0x0000000089e00000|  0%| F|  |TAMS 0x0000000089d00000, 0x0000000089d00000| Untracked 
| 158|0x0000000089e00000, 0x0000000089e00000, 0x0000000089f00000|  0%| F|  |TAMS 0x0000000089e00000, 0x0000000089e00000| Untracked 
| 159|0x0000000089f00000, 0x0000000089f00000, 0x000000008a000000|  0%| F|  |TAMS 0x0000000089f00000, 0x0000000089f00000| Untracked 
| 160|0x000000008a000000, 0x000000008a000000, 0x000000008a100000|  0%| F|  |TAMS 0x000000008a000000, 0x000000008a000000| Untracked 
| 161|0x000000008a100000, 0x000000008a100000, 0x000000008a200000|  0%| F|  |TAMS 0x000000008a100000, 0x000000008a100000| Untracked 
| 162|0x000000008a200000, 0x000000008a200000, 0x000000008a300000|  0%| F|  |TAMS 0x000000008a200000, 0x000000008a200000| Untracked 
| 163|0x000000008a300000, 0x000000008a300000, 0x000000008a400000|  0%| F|  |TAMS 0x000000008a300000, 0x000000008a300000| Untracked 
| 164|0x000000008a400000, 0x000000008a400000, 0x000000008a500000|  0%| F|  |TAMS 0x000000008a400000, 0x000000008a400000| Untracked 
| 165|0x000000008a500000, 0x000000008a500000, 0x000000008a600000|  0%| F|  |TAMS 0x000000008a500000, 0x000000008a500000| Untracked 
| 166|0x000000008a600000, 0x000000008a600000, 0x000000008a700000|  0%| F|  |TAMS 0x000000008a600000, 0x000000008a600000| Untracked 
| 167|0x000000008a700000, 0x000000008a700000, 0x000000008a800000|  0%| F|  |TAMS 0x000000008a700000, 0x000000008a700000| Untracked 
| 168|0x000000008a800000, 0x000000008a800000, 0x000000008a900000|  0%| F|  |TAMS 0x000000008a800000, 0x000000008a800000| Untracked 
| 169|0x000000008a900000, 0x000000008a900000, 0x000000008aa00000|  0%| F|  |TAMS 0x000000008a900000, 0x000000008a900000| Untracked 
| 170|0x000000008aa00000, 0x000000008aa00000, 0x000000008ab00000|  0%| F|  |TAMS 0x000000008aa00000, 0x000000008aa00000| Untracked 
| 171|0x000000008ab00000, 0x000000008ab00000, 0x000000008ac00000|  0%| F|  |TAMS 0x000000008ab00000, 0x000000008ab00000| Untracked 
| 172|0x000000008ac00000, 0x000000008ad00000, 0x000000008ad00000|100%| E|  |TAMS 0x000000008ac00000, 0x000000008ac00000| Complete 
| 173|0x000000008ad00000, 0x000000008ae00000, 0x000000008ae00000|100%| E|CS|TAMS 0x000000008ad00000, 0x000000008ad00000| Complete 
| 174|0x000000008ae00000, 0x000000008af00000, 0x000000008af00000|100%| E|CS|TAMS 0x000000008ae00000, 0x000000008ae00000| Complete 
| 175|0x000000008af00000, 0x000000008b000000, 0x000000008b000000|100%| E|CS|TAMS 0x000000008af00000, 0x000000008af00000| Complete 
| 176|0x000000008b000000, 0x000000008b100000, 0x000000008b100000|100%| E|CS|TAMS 0x000000008b000000, 0x000000008b000000| Complete 
| 177|0x000000008b100000, 0x000000008b200000, 0x000000008b200000|100%| E|CS|TAMS 0x000000008b100000, 0x000000008b100000| Complete 
| 178|0x000000008b200000, 0x000000008b300000, 0x000000008b300000|100%| E|CS|TAMS 0x000000008b200000, 0x000000008b200000| Complete 
| 179|0x000000008b300000, 0x000000008b400000, 0x000000008b400000|100%| E|CS|TAMS 0x000000008b300000, 0x000000008b300000| Complete 
| 180|0x000000008b400000, 0x000000008b500000, 0x000000008b500000|100%| E|CS|TAMS 0x000000008b400000, 0x000000008b400000| Complete 
| 181|0x000000008b500000, 0x000000008b600000, 0x000000008b600000|100%| E|CS|TAMS 0x000000008b500000, 0x000000008b500000| Complete 
| 182|0x000000008b600000, 0x000000008b700000, 0x000000008b700000|100%| E|CS|TAMS 0x000000008b600000, 0x000000008b600000| Complete 
| 183|0x000000008b700000, 0x000000008b800000, 0x000000008b800000|100%| E|CS|TAMS 0x000000008b700000, 0x000000008b700000| Complete 
| 184|0x000000008b800000, 0x000000008b900000, 0x000000008b900000|100%| E|CS|TAMS 0x000000008b800000, 0x000000008b800000| Complete 
| 185|0x000000008b900000, 0x000000008ba00000, 0x000000008ba00000|100%| E|CS|TAMS 0x000000008b900000, 0x000000008b900000| Complete 
| 186|0x000000008ba00000, 0x000000008bb00000, 0x000000008bb00000|100%| E|CS|TAMS 0x000000008ba00000, 0x000000008ba00000| Complete 
| 187|0x000000008bb00000, 0x000000008bc00000, 0x000000008bc00000|100%| E|CS|TAMS 0x000000008bb00000, 0x000000008bb00000| Complete 
| 188|0x000000008bc00000, 0x000000008bd00000, 0x000000008bd00000|100%| E|CS|TAMS 0x000000008bc00000, 0x000000008bc00000| Complete 
| 189|0x000000008bd00000, 0x000000008be00000, 0x000000008be00000|100%| E|CS|TAMS 0x000000008bd00000, 0x000000008bd00000| Complete 
| 190|0x000000008be00000, 0x000000008bf00000, 0x000000008bf00000|100%| E|CS|TAMS 0x000000008be00000, 0x000000008be00000| Complete 
| 191|0x000000008bf00000, 0x000000008c000000, 0x000000008c000000|100%| E|CS|TAMS 0x000000008bf00000, 0x000000008bf00000| Complete 
| 192|0x000000008c000000, 0x000000008c100000, 0x000000008c100000|100%| E|CS|TAMS 0x000000008c000000, 0x000000008c000000| Complete 
| 193|0x000000008c100000, 0x000000008c200000, 0x000000008c200000|100%| E|CS|TAMS 0x000000008c100000, 0x000000008c100000| Complete 
| 194|0x000000008c200000, 0x000000008c300000, 0x000000008c300000|100%| E|CS|TAMS 0x000000008c200000, 0x000000008c200000| Complete 
| 195|0x000000008c300000, 0x000000008c400000, 0x000000008c400000|100%| E|CS|TAMS 0x000000008c300000, 0x000000008c300000| Complete 
| 196|0x000000008c400000, 0x000000008c500000, 0x000000008c500000|100%| E|CS|TAMS 0x000000008c400000, 0x000000008c400000| Complete 

Card table byte_map: [0x000001fd462f0000,0x000001fd466f0000] _byte_map_base: 0x000001fd45ef0000

Marking Bits (Prev, Next): (CMBitMap*) 0x000001fd2f688fa0, (CMBitMap*) 0x000001fd2f688f60
 Prev Bits: [0x000001fd48af0000, 0x000001fd4aaf0000)
 Next Bits: [0x000001fd46af0000, 0x000001fd48af0000)

Polling page: 0x000001fd2ee00000

Metaspace:

Usage:
  Non-class:     84.47 MB used.
      Class:     13.72 MB used.
       Both:     98.19 MB used.

Virtual space:
  Non-class space:      128.00 MB reserved,      85.06 MB ( 66%) committed,  2 nodes.
      Class space:      416.00 MB reserved,      14.19 MB (  3%) committed,  1 nodes.
             Both:      544.00 MB reserved,      99.25 MB ( 18%) committed. 

Chunk freelists:
   Non-Class:  10.35 MB
       Class:  1.76 MB
        Both:  12.11 MB

MaxMetaspaceSize: 512.00 MB
CompressedClassSpaceSize: 416.00 MB
Initial GC threshold: 21.00 MB
Current GC threshold: 147.75 MB
CDS: on
MetaspaceReclaimPolicy: balanced
 - commit_granule_bytes: 65536.
 - commit_granule_words: 8192.
 - virtual_space_node_default_size: 8388608.
 - enlarge_chunks_in_place: 1.
 - new_chunks_are_fully_committed: 0.
 - uncommit_free_chunks: 1.
 - use_allocation_guard: 0.
 - handle_deallocations: 1.


Internal statistics:

num_allocs_failed_limit: 6.
num_arena_births: 1474.
num_arena_deaths: 0.
num_vsnodes_births: 3.
num_vsnodes_deaths: 0.
num_space_committed: 1588.
num_space_uncommitted: 0.
num_chunks_returned_to_freelist: 6.
num_chunks_taken_from_freelist: 6041.
num_chunk_merges: 3.
num_chunk_splits: 3853.
num_chunks_enlarged: 2413.
num_inconsistent_stats: 0.

CodeHeap 'non-profiled nmethods': size=120000Kb used=7643Kb max_used=7947Kb free=112356Kb
 bounds [0x000001fd3e9c0000, 0x000001fd3f190000, 0x000001fd45ef0000]
CodeHeap 'profiled nmethods': size=120000Kb used=21684Kb max_used=22397Kb free=98315Kb
 bounds [0x000001fd36ef0000, 0x000001fd384e0000, 0x000001fd3e420000]
CodeHeap 'non-nmethods': size=5760Kb used=2429Kb max_used=2497Kb free=3330Kb
 bounds [0x000001fd3e420000, 0x000001fd3e6a0000, 0x000001fd3e9c0000]
 total_blobs=12131 nmethods=11164 adapters=879
 compilation: enabled
              stopped_count=0, restarted_count=0
 full_count=0

Compilation events (20 events):
Event: 59.803 Thread 0x000001fd4cf9d9e0 nmethod 13285 0x000001fd37a74e90 code [0x000001fd37a75060, 0x000001fd37a752a8]
Event: 59.804 Thread 0x000001fd4cf9d9e0 13286       3       com.sun.beans.util.Cache$Kind$2::create (27 bytes)
Event: 59.806 Thread 0x000001fd4cf9d9e0 nmethod 13286 0x000001fd37c09410 code [0x000001fd37c09600, 0x000001fd37c09b68]
Event: 59.806 Thread 0x000001fd4cf9d9e0 13287       1       java.beans.Introspector::getTargetDefaultEventIndex (5 bytes)
Event: 59.806 Thread 0x000001fd4cf9d9e0 nmethod 13287 0x000001fd3f10fb90 code [0x000001fd3f10fd20, 0x000001fd3f10fdf8]
Event: 59.806 Thread 0x000001fd4cf9d9e0 13288       1       java.beans.Introspector::getTargetDefaultPropertyIndex (5 bytes)
Event: 59.806 Thread 0x000001fd4cf9d9e0 nmethod 13288 0x000001fd3f10f610 code [0x000001fd3f10f7a0, 0x000001fd3f10f878]
Event: 59.807 Thread 0x000001fd4cf9d9e0 13289       1       java.beans.GenericBeanInfo::getMethodDescriptors (5 bytes)
Event: 59.807 Thread 0x000001fd4cf9d9e0 nmethod 13289 0x000001fd3f104590 code [0x000001fd3f104720, 0x000001fd3f1047f8]
Event: 59.807 Thread 0x000001fd71a56e00 13290       4       java.util.TimSort::binarySort (223 bytes)
Event: 59.808 Thread 0x000001fd4cf9d9e0 13292       1       java.beans.GenericBeanInfo::getDefaultEventIndex (5 bytes)
Event: 59.808 Thread 0x000001fd4cf9d9e0 nmethod 13292 0x000001fd3f104290 code [0x000001fd3f104420, 0x000001fd3f1044f8]
Event: 59.808 Thread 0x000001fd4cf9d9e0 13293       1       java.beans.GenericBeanInfo::getDefaultPropertyIndex (5 bytes)
Event: 59.808 Thread 0x000001fd4cf9d9e0 nmethod 13293 0x000001fd3f103f90 code [0x000001fd3f104120, 0x000001fd3f1041f8]
Event: 59.832 Thread 0x000001fd71a56e00 nmethod 13290 0x000001fd3f102e90 code [0x000001fd3f103020, 0x000001fd3f103a98]
Event: 59.832 Thread 0x000001fd71a56e00 13291       4       java.util.StringJoiner::add (110 bytes)
Event: 59.844 Thread 0x000001fd71a56e00 nmethod 13291 0x000001fd3ec36e10 code [0x000001fd3ec36fc0, 0x000001fd3ec376a8]
Event: 59.845 Thread 0x000001fd71a56e00 13296       4       java.util.ComparableTimSort::binarySort (223 bytes)
Event: 59.865 Thread 0x000001fd71a56e00 nmethod 13296 0x000001fd3ec36090 code [0x000001fd3ec36220, 0x000001fd3ec36a98]
Event: 59.865 Thread 0x000001fd71a56e00 13295       4       java.lang.Class::privateGetPublicMethods (224 bytes)

GC Heap History (20 events):
Event: 48.339 GC heap before
{Heap before GC invocations=41 (full 0):
 garbage-first heap   total 184320K, used 151288K [0x0000000080000000, 0x0000000100000000)
  region size 1024K, 64 young (65536K), 9 survivors (9216K)
 Metaspace       used 78377K, committed 79360K, reserved 557056K
  class space    used 10923K, committed 11392K, reserved 425984K
}
Event: 48.348 GC heap after
{Heap after GC invocations=42 (full 0):
 garbage-first heap   total 184320K, used 97284K [0x0000000080000000, 0x0000000100000000)
  region size 1024K, 4 young (4096K), 4 survivors (4096K)
 Metaspace       used 78377K, committed 79360K, reserved 557056K
  class space    used 10923K, committed 11392K, reserved 425984K
}
Event: 48.540 GC heap before
{Heap before GC invocations=42 (full 0):
 garbage-first heap   total 184320K, used 102404K [0x0000000080000000, 0x0000000100000000)
  region size 1024K, 9 young (9216K), 4 survivors (4096K)
 Metaspace       used 78708K, committed 79680K, reserved 557056K
  class space    used 10976K, committed 11456K, reserved 425984K
}
Event: 48.547 GC heap after
{Heap after GC invocations=43 (full 0):
 garbage-first heap   total 184320K, used 96319K [0x0000000080000000, 0x0000000100000000)
  region size 1024K, 1 young (1024K), 1 survivors (1024K)
 Metaspace       used 78708K, committed 79680K, reserved 557056K
  class space    used 10976K, committed 11456K, reserved 425984K
}
Event: 50.381 GC heap before
{Heap before GC invocations=43 (full 0):
 garbage-first heap   total 184320K, used 155711K [0x0000000080000000, 0x0000000100000000)
  region size 1024K, 54 young (55296K), 1 survivors (1024K)
 Metaspace       used 82351K, committed 83328K, reserved 557056K
  class space    used 11429K, committed 11904K, reserved 425984K
}
Event: 50.390 GC heap after
{Heap after GC invocations=44 (full 0):
 garbage-first heap   total 184320K, used 102177K [0x0000000080000000, 0x0000000100000000)
  region size 1024K, 6 young (6144K), 6 survivors (6144K)
 Metaspace       used 82351K, committed 83328K, reserved 557056K
  class space    used 11429K, committed 11904K, reserved 425984K
}
Event: 52.180 GC heap before
{Heap before GC invocations=44 (full 0):
 garbage-first heap   total 184320K, used 152353K [0x0000000080000000, 0x0000000100000000)
  region size 1024K, 54 young (55296K), 6 survivors (6144K)
 Metaspace       used 86026K, committed 86976K, reserved 557056K
  class space    used 11883K, committed 12352K, reserved 425984K
}
Event: 52.189 GC heap after
{Heap after GC invocations=45 (full 0):
 garbage-first heap   total 184320K, used 106948K [0x0000000080000000, 0x0000000100000000)
  region size 1024K, 3 young (3072K), 3 survivors (3072K)
 Metaspace       used 86026K, committed 86976K, reserved 557056K
  class space    used 11883K, committed 12352K, reserved 425984K
}
Event: 53.359 GC heap before
{Heap before GC invocations=45 (full 0):
 garbage-first heap   total 184320K, used 153028K [0x0000000080000000, 0x0000000100000000)
  region size 1024K, 48 young (49152K), 3 survivors (3072K)
 Metaspace       used 89142K, committed 90112K, reserved 557056K
  class space    used 12321K, committed 12800K, reserved 425984K
}
Event: 53.365 GC heap after
{Heap after GC invocations=46 (full 0):
 garbage-first heap   total 184320K, used 107839K [0x0000000080000000, 0x0000000100000000)
  region size 1024K, 4 young (4096K), 4 survivors (4096K)
 Metaspace       used 89142K, committed 90112K, reserved 557056K
  class space    used 12321K, committed 12800K, reserved 425984K
}
Event: 54.154 GC heap before
{Heap before GC invocations=47 (full 0):
 garbage-first heap   total 201728K, used 152895K [0x0000000080000000, 0x0000000100000000)
  region size 1024K, 48 young (49152K), 4 survivors (4096K)
 Metaspace       used 90043K, committed 91072K, reserved 557056K
  class space    used 12486K, committed 12992K, reserved 425984K
}
Event: 54.164 GC heap after
{Heap after GC invocations=48 (full 0):
 garbage-first heap   total 201728K, used 110993K [0x0000000080000000, 0x0000000100000000)
  region size 1024K, 5 young (5120K), 5 survivors (5120K)
 Metaspace       used 90043K, committed 91072K, reserved 557056K
  class space    used 12486K, committed 12992K, reserved 425984K
}
Event: 54.243 GC heap before
{Heap before GC invocations=48 (full 0):
 garbage-first heap   total 201728K, used 115089K [0x0000000080000000, 0x0000000100000000)
  region size 1024K, 9 young (9216K), 5 survivors (5120K)
 Metaspace       used 90045K, committed 91072K, reserved 557056K
  class space    used 12486K, committed 12992K, reserved 425984K
}
Event: 54.254 GC heap after
{Heap after GC invocations=49 (full 0):
 garbage-first heap   total 201728K, used 110597K [0x0000000080000000, 0x0000000100000000)
  region size 1024K, 1 young (1024K), 1 survivors (1024K)
 Metaspace       used 90045K, committed 91072K, reserved 557056K
  class space    used 12486K, committed 12992K, reserved 425984K
}
Event: 55.577 GC heap before
{Heap before GC invocations=49 (full 0):
 garbage-first heap   total 201728K, used 167941K [0x0000000080000000, 0x0000000100000000)
  region size 1024K, 57 young (58368K), 1 survivors (1024K)
 Metaspace       used 92477K, committed 93504K, reserved 557056K
  class space    used 12824K, committed 13312K, reserved 425984K
}
Event: 55.583 GC heap after
{Heap after GC invocations=50 (full 0):
 garbage-first heap   total 201728K, used 112775K [0x0000000080000000, 0x0000000100000000)
  region size 1024K, 3 young (3072K), 3 survivors (3072K)
 Metaspace       used 92477K, committed 93504K, reserved 557056K
  class space    used 12824K, committed 13312K, reserved 425984K
}
Event: 56.815 GC heap before
{Heap before GC invocations=50 (full 0):
 garbage-first heap   total 201728K, used 170119K [0x0000000080000000, 0x0000000100000000)
  region size 1024K, 58 young (59392K), 3 survivors (3072K)
 Metaspace       used 96080K, committed 97152K, reserved 557056K
  class space    used 13455K, committed 13952K, reserved 425984K
}
Event: 56.823 GC heap after
{Heap after GC invocations=51 (full 0):
 garbage-first heap   total 201728K, used 114516K [0x0000000080000000, 0x0000000100000000)
  region size 1024K, 5 young (5120K), 5 survivors (5120K)
 Metaspace       used 96080K, committed 97152K, reserved 557056K
  class space    used 13455K, committed 13952K, reserved 425984K
}
Event: 58.586 GC heap before
{Heap before GC invocations=51 (full 0):
 garbage-first heap   total 201728K, used 169812K [0x0000000080000000, 0x0000000100000000)
  region size 1024K, 59 young (60416K), 5 survivors (5120K)
 Metaspace       used 99333K, committed 100416K, reserved 557056K
  class space    used 13873K, committed 14400K, reserved 425984K
}
Event: 58.600 GC heap after
{Heap after GC invocations=52 (full 0):
 garbage-first heap   total 201728K, used 116211K [0x0000000080000000, 0x0000000100000000)
  region size 1024K, 4 young (4096K), 4 survivors (4096K)
 Metaspace       used 99333K, committed 100416K, reserved 557056K
  class space    used 13873K, committed 14400K, reserved 425984K
}

Deoptimization events (20 events):
Event: 57.978 Thread 0x000001fd4d3ebba0 Uncommon trap: trap_request=0xffffffd6 fr.pc=0x000001fd3ec6f964 relative=0x00000000000003a4
Event: 57.978 Thread 0x000001fd4d3ebba0 Uncommon trap: reason=array_check action=maybe_recompile pc=0x000001fd3ec6f964 method=java.util.AbstractCollection.toArray([Ljava/lang/Object;)[Ljava/lang/Object; @ 116 c2
Event: 57.978 Thread 0x000001fd4d3ebba0 DEOPT PACKING pc=0x000001fd3ec6f964 sp=0x0000001741df4a10
Event: 57.978 Thread 0x000001fd4d3ebba0 DEOPT UNPACKING pc=0x000001fd3e4723a3 sp=0x0000001741df49b0 mode 2
Event: 57.983 Thread 0x000001fd4d3ebba0 Uncommon trap: trap_request=0xffffffd6 fr.pc=0x000001fd3ec6f964 relative=0x00000000000003a4
Event: 57.983 Thread 0x000001fd4d3ebba0 Uncommon trap: reason=array_check action=maybe_recompile pc=0x000001fd3ec6f964 method=java.util.AbstractCollection.toArray([Ljava/lang/Object;)[Ljava/lang/Object; @ 116 c2
Event: 57.983 Thread 0x000001fd4d3ebba0 DEOPT PACKING pc=0x000001fd3ec6f964 sp=0x0000001741df5030
Event: 57.983 Thread 0x000001fd4d3ebba0 DEOPT UNPACKING pc=0x000001fd3e4723a3 sp=0x0000001741df4fd0 mode 2
Event: 58.812 Thread 0x000001fd4d3ebba0 Uncommon trap: trap_request=0xffffffd6 fr.pc=0x000001fd3f097c0c relative=0x000000000000096c
Event: 58.814 Thread 0x000001fd4d3ebba0 Uncommon trap: reason=array_check action=maybe_recompile pc=0x000001fd3f097c0c method=java.util.TimSort.binarySort([Ljava/lang/Object;IIILjava/util/Comparator;)V @ 183 c2
Event: 58.814 Thread 0x000001fd4d3ebba0 DEOPT PACKING pc=0x000001fd3f097c0c sp=0x0000001741df46a0
Event: 58.814 Thread 0x000001fd4d3ebba0 DEOPT UNPACKING pc=0x000001fd3e4723a3 sp=0x0000001741df4648 mode 2
Event: 58.815 Thread 0x000001fd4d3ebba0 Uncommon trap: trap_request=0xffffffd6 fr.pc=0x000001fd3f097c0c relative=0x000000000000096c
Event: 58.815 Thread 0x000001fd4d3ebba0 Uncommon trap: reason=array_check action=maybe_recompile pc=0x000001fd3f097c0c method=java.util.TimSort.binarySort([Ljava/lang/Object;IIILjava/util/Comparator;)V @ 183 c2
Event: 58.815 Thread 0x000001fd4d3ebba0 DEOPT PACKING pc=0x000001fd3f097c0c sp=0x0000001741df46a0
Event: 58.815 Thread 0x000001fd4d3ebba0 DEOPT UNPACKING pc=0x000001fd3e4723a3 sp=0x0000001741df4648 mode 2
Event: 59.095 Thread 0x000001fd4d3ebba0 Uncommon trap: trap_request=0xffffff45 fr.pc=0x000001fd3f17cfa4 relative=0x00000000000003e4
Event: 59.095 Thread 0x000001fd4d3ebba0 Uncommon trap: reason=unstable_if action=reinterpret pc=0x000001fd3f17cfa4 method=java.lang.StringConcatHelper.simpleConcat(Ljava/lang/Object;Ljava/lang/Object;)Ljava/lang/String; @ 30 c2
Event: 59.095 Thread 0x000001fd4d3ebba0 DEOPT PACKING pc=0x000001fd3f17cfa4 sp=0x0000001741df5590
Event: 59.095 Thread 0x000001fd4d3ebba0 DEOPT UNPACKING pc=0x000001fd3e4723a3 sp=0x0000001741df5548 mode 2

Classes unloaded (0 events):
No events

Classes redefined (0 events):
No events

Internal exceptions (20 events):
Event: 57.057 Thread 0x000001fd4d3ebba0 Implicit null exception at 0x000001fd3ea26153 to 0x000001fd3ea26390
Event: 57.058 Thread 0x000001fd4d3ebba0 Exception <a 'java/lang/NoSuchMethodError'{0x000000008b82e438}: 'int java.lang.invoke.DirectMethodHandle$Holder.invokeSpecial(java.lang.Object, java.lang.Object, java.lang.Object, int)'> (0x000000008b82e438) 
thrown [s\open\src\hotspot\share\interpreter\linkResolver.cpp, line 759]
Event: 57.060 Thread 0x000001fd4d3ebba0 Exception <a 'java/lang/NoSuchMethodError'{0x000000008b83fe88}: 'java.lang.Object java.lang.invoke.DirectMethodHandle$Holder.invokeStatic(java.lang.Object, java.lang.Object, java.lang.Object, java.lang.Object, int)'> (0x000000008b83fe88) 
thrown [s\open\src\hotspot\share\interpreter\linkResolver.cpp, line 759]
Event: 57.918 Thread 0x000001fd4d3ebba0 Exception <a 'java/lang/NoSuchMethodError'{0x0000000089b67ac0}: 'java.lang.Object java.lang.invoke.DelegatingMethodHandle$Holder.reinvoke_L(java.lang.Object, java.lang.Object, long, int, int, int, int, int, int, java.lang.Object, int, int, int, int, java.lang.Object)'> (0x0000000089b67ac0) 
thrown [s\open\src\hotspot\share\interpreter\linkResolver.cpp, line 759]
Event: 57.924 Thread 0x000001fd4d3ebba0 Exception <a 'java/lang/NoSuchMethodError'{0x0000000089ba9f38}: 'java.lang.Object java.lang.invoke.DirectMethodHandle$Holder.invokeSpecial(java.lang.Object, java.lang.Object, long, int, int, int, int, int, int, java.lang.Object, int, int, int, int, java.lang.Object)'> (0x0000000089ba9f38) 
thrown [s\open\src\hotspot\share\interpreter\linkResolver.cpp, line 759]
Event: 57.926 Thread 0x000001fd4d3ebba0 Exception <a 'java/lang/NoSuchMethodError'{0x0000000089baf5c0}: 'java.lang.Object java.lang.invoke.DelegatingMethodHandle$Holder.reinvoke_L(java.lang.Object, long, int, int, int, int, int, int, java.lang.Object, int, int, int, int, java.lang.Object)'> (0x0000000089baf5c0) 
thrown [s\open\src\hotspot\share\interpreter\linkResolver.cpp, line 759]
Event: 58.097 Thread 0x000001fd4d3ebba0 Exception <a 'java/lang/ClassNotFoundException'{0x0000000089474338}: com/android/build/gradle/internal/api/ApkVariantOutputImpl_DecoratedBeanInfo> (0x0000000089474338) 
thrown [s\open\src\hotspot\share\classfile\systemDictionary.cpp, line 256]
Event: 58.099 Thread 0x000001fd4d3ebba0 Exception <a 'java/lang/ClassNotFoundException'{0x00000000894873a0}: com/android/build/gradle/internal/api/ApkVariantOutputImplBeanInfo> (0x00000000894873a0) 
thrown [s\open\src\hotspot\share\classfile\systemDictionary.cpp, line 256]
Event: 58.100 Thread 0x000001fd4d3ebba0 Exception <a 'java/lang/ClassNotFoundException'{0x000000008949a138}: com/android/build/gradle/internal/api/BaseVariantOutputImplBeanInfo> (0x000000008949a138) 
thrown [s\open\src\hotspot\share\classfile\systemDictionary.cpp, line 256]
Event: 58.102 Thread 0x000001fd4d3ebba0 Exception <a 'java/lang/ClassNotFoundException'{0x00000000894acea8}: com/android/build/gradle/internal/api/BaseVariantOutputImplCustomizer> (0x00000000894acea8) 
thrown [s\open\src\hotspot\share\classfile\systemDictionary.cpp, line 256]
Event: 58.104 Thread 0x000001fd4d3ebba0 Exception <a 'java/lang/ClassNotFoundException'{0x00000000894d2a20}: com/android/build/gradle/internal/api/ApkVariantOutputImplCustomizer> (0x00000000894d2a20) 
thrown [s\open\src\hotspot\share\classfile\systemDictionary.cpp, line 256]
Event: 58.107 Thread 0x000001fd4d3ebba0 Exception <a 'java/lang/ClassNotFoundException'{0x00000000894f3a30}: com/android/build/gradle/internal/api/ApkVariantOutputImpl_DecoratedCustomizer> (0x00000000894f3a30) 
thrown [s\open\src\hotspot\share\classfile\systemDictionary.cpp, line 256]
Event: 58.661 Thread 0x000001fd4d3ebba0 Exception <a 'java/lang/ClassNotFoundException'{0x000000008c2b5898}: com/android/build/gradle/internal/api/ReadOnlyBuildTypeBeanInfo> (0x000000008c2b5898) 
thrown [s\open\src\hotspot\share\classfile\systemDictionary.cpp, line 256]
Event: 58.666 Thread 0x000001fd4d3ebba0 Exception <a 'java/lang/ClassNotFoundException'{0x000000008c2c8858}: com/android/build/gradle/internal/api/ReadOnlyBaseConfigBeanInfo> (0x000000008c2c8858) 
thrown [s\open\src\hotspot\share\classfile\systemDictionary.cpp, line 256]
Event: 58.667 Thread 0x000001fd4d3ebba0 Exception <a 'java/lang/ClassNotFoundException'{0x000000008c2db5a0}: com/android/build/gradle/internal/api/ReadOnlyBaseConfigCustomizer> (0x000000008c2db5a0) 
thrown [s\open\src\hotspot\share\classfile\systemDictionary.cpp, line 256]
Event: 58.675 Thread 0x000001fd4d3ebba0 Exception <a 'java/lang/ClassNotFoundException'{0x000000008c2fe908}: com/android/build/gradle/internal/api/ReadOnlyBuildTypeCustomizer> (0x000000008c2fe908) 
thrown [s\open\src\hotspot\share\classfile\systemDictionary.cpp, line 256]
Event: 59.800 Thread 0x000001fd4d3ebba0 Exception <a 'java/lang/ClassNotFoundException'{0x000000008adafdc0}: java/util/ArrayListBeanInfo> (0x000000008adafdc0) 
thrown [s\open\src\hotspot\share\classfile\systemDictionary.cpp, line 256]
Event: 59.802 Thread 0x000001fd4d3ebba0 Exception <a 'java/lang/ClassNotFoundException'{0x000000008adbbd28}: java/util/AbstractListBeanInfo> (0x000000008adbbd28) 
thrown [s\open\src\hotspot\share\classfile\systemDictionary.cpp, line 256]
Event: 59.804 Thread 0x000001fd4d3ebba0 Exception <a 'java/lang/ClassNotFoundException'{0x000000008adc7cb0}: java/util/AbstractListCustomizer> (0x000000008adc7cb0) 
thrown [s\open\src\hotspot\share\classfile\systemDictionary.cpp, line 256]
Event: 59.807 Thread 0x000001fd4d3ebba0 Exception <a 'java/lang/ClassNotFoundException'{0x000000008adde650}: java/util/ArrayListCustomizer> (0x000000008adde650) 
thrown [s\open\src\hotspot\share\classfile\systemDictionary.cpp, line 256]

VM Operations (20 events):
Event: 55.577 Executing VM operation: G1CollectForAllocation
Event: 55.583 Executing VM operation: G1CollectForAllocation done
Event: 56.336 Executing VM operation: HandshakeAllThreads
Event: 56.337 Executing VM operation: HandshakeAllThreads done
Event: 56.815 Executing VM operation: G1CollectForAllocation
Event: 56.823 Executing VM operation: G1CollectForAllocation done
Event: 57.058 Executing VM operation: HandshakeAllThreads
Event: 57.058 Executing VM operation: HandshakeAllThreads done
Event: 57.077 Executing VM operation: HandshakeAllThreads
Event: 57.078 Executing VM operation: HandshakeAllThreads done
Event: 57.085 Executing VM operation: HandshakeAllThreads
Event: 57.085 Executing VM operation: HandshakeAllThreads done
Event: 57.376 Executing VM operation: HandshakeAllThreads
Event: 57.377 Executing VM operation: HandshakeAllThreads done
Event: 58.095 Executing VM operation: ICBufferFull
Event: 58.096 Executing VM operation: ICBufferFull done
Event: 58.586 Executing VM operation: G1CollectForAllocation
Event: 58.600 Executing VM operation: G1CollectForAllocation done
Event: 59.615 Executing VM operation: Cleanup
Event: 59.658 Executing VM operation: Cleanup done

Events (20 events):
Event: 57.402 Thread 0x000001fd4cfb8640 flushing nmethod 0x000001fd38434d10
Event: 57.524 Thread 0x000001fd71a56e00 Thread added: 0x000001fd71a56e00
Event: 58.754 Thread 0x000001fd71a56e00 Thread exited: 0x000001fd71a56e00
Event: 59.302 Thread 0x000001fd71a56e00 Thread added: 0x000001fd71a56e00
Event: 59.794 loading class java/util/ArrayListBeanInfo
Event: 59.794 loading class java/util/ArrayListBeanInfo done
Event: 59.800 loading class java/util/ArrayListBeanInfo
Event: 59.800 loading class java/util/ArrayListBeanInfo done
Event: 59.801 loading class java/util/AbstractListBeanInfo
Event: 59.801 loading class java/util/AbstractListBeanInfo done
Event: 59.801 loading class java/util/AbstractListBeanInfo
Event: 59.801 loading class java/util/AbstractListBeanInfo done
Event: 59.803 loading class java/util/AbstractListCustomizer
Event: 59.803 loading class java/util/AbstractListCustomizer done
Event: 59.804 loading class java/util/AbstractListCustomizer
Event: 59.804 loading class java/util/AbstractListCustomizer done
Event: 59.806 loading class java/util/ArrayListCustomizer
Event: 59.806 loading class java/util/ArrayListCustomizer done
Event: 59.807 loading class java/util/ArrayListCustomizer
Event: 59.807 loading class java/util/ArrayListCustomizer done


Dynamic libraries:
0x00007ff746560000 - 0x00007ff746570000 	C:\Users\Dell\Downloads\jdk-17.0.12_windows-x64_bin\jdk-17.0.12\bin\java.exe
0x00007ff930030000 - 0x00007ff930228000 	C:\WINDOWS\SYSTEM32\ntdll.dll
0x00007ff92f250000 - 0x00007ff92f312000 	C:\WINDOWS\System32\KERNEL32.DLL
0x00007ff92d9e0000 - 0x00007ff92dcd6000 	C:\WINDOWS\System32\KERNELBASE.dll
0x00007ff92ded0000 - 0x00007ff92dfd0000 	C:\WINDOWS\System32\ucrtbase.dll
0x00007ff910280000 - 0x00007ff910299000 	C:\Users\Dell\Downloads\jdk-17.0.12_windows-x64_bin\jdk-17.0.12\bin\jli.dll
0x00007ff92f840000 - 0x00007ff92f8f1000 	C:\WINDOWS\System32\ADVAPI32.dll
0x00007ff92e470000 - 0x00007ff92e50e000 	C:\WINDOWS\System32\msvcrt.dll
0x00007ff909c30000 - 0x00007ff909c4b000 	C:\Users\Dell\Downloads\jdk-17.0.12_windows-x64_bin\jdk-17.0.12\bin\VCRUNTIME140.dll
0x00007ff92f0c0000 - 0x00007ff92f15f000 	C:\WINDOWS\System32\sechost.dll
0x00007ff92fec0000 - 0x00007ff92ffe3000 	C:\WINDOWS\System32\RPCRT4.dll
0x00007ff92d980000 - 0x00007ff92d9a7000 	C:\WINDOWS\System32\bcrypt.dll
0x00007ff92e150000 - 0x00007ff92e2ed000 	C:\WINDOWS\System32\USER32.dll
0x00007ff92d9b0000 - 0x00007ff92d9d2000 	C:\WINDOWS\System32\win32u.dll
0x00007ff92fc80000 - 0x00007ff92fcab000 	C:\WINDOWS\System32\GDI32.dll
0x00007ff92d760000 - 0x00007ff92d879000 	C:\WINDOWS\System32\gdi32full.dll
0x00007ff916070000 - 0x00007ff91630a000 	C:\WINDOWS\WinSxS\amd64_microsoft.windows.common-controls_6595b64144ccf1df_6.0.19041.5915_none_60b4b9d171f9c7c7\COMCTL32.dll
0x00007ff92d6c0000 - 0x00007ff92d75d000 	C:\WINDOWS\System32\msvcp_win.dll
0x00007ff91c050000 - 0x00007ff91c05a000 	C:\WINDOWS\SYSTEM32\VERSION.dll
0x00007ff92e050000 - 0x00007ff92e07f000 	C:\WINDOWS\System32\IMM32.DLL
0x00007ff90c400000 - 0x00007ff90c40c000 	C:\Users\Dell\Downloads\jdk-17.0.12_windows-x64_bin\jdk-17.0.12\bin\vcruntime140_1.dll
0x00007ff8fabd0000 - 0x00007ff8fac5e000 	C:\Users\Dell\Downloads\jdk-17.0.12_windows-x64_bin\jdk-17.0.12\bin\msvcp140.dll
0x00007ff8889f0000 - 0x00007ff8895d0000 	C:\Users\Dell\Downloads\jdk-17.0.12_windows-x64_bin\jdk-17.0.12\bin\server\jvm.dll
0x00007ff92e580000 - 0x00007ff92e588000 	C:\WINDOWS\System32\PSAPI.DLL
0x00007ff909c20000 - 0x00007ff909c29000 	C:\WINDOWS\SYSTEM32\WSOCK32.dll
0x00007ff92fc10000 - 0x00007ff92fc7b000 	C:\WINDOWS\System32\WS2_32.dll
0x00007ff916430000 - 0x00007ff916457000 	C:\WINDOWS\SYSTEM32\WINMM.dll
0x00007ff92bea0000 - 0x00007ff92beb2000 	C:\WINDOWS\SYSTEM32\kernel.appcore.dll
0x00007ff909c10000 - 0x00007ff909c1a000 	C:\Users\Dell\Downloads\jdk-17.0.12_windows-x64_bin\jdk-17.0.12\bin\jimage.dll
0x00007ff92aca0000 - 0x00007ff92aea1000 	C:\WINDOWS\SYSTEM32\DBGHELP.DLL
0x00007ff91d700000 - 0x00007ff91d734000 	C:\WINDOWS\SYSTEM32\dbgcore.DLL
0x00007ff92dce0000 - 0x00007ff92dd62000 	C:\WINDOWS\System32\bcryptPrimitives.dll
0x00007ff909c00000 - 0x00007ff909c0e000 	C:\Users\Dell\Downloads\jdk-17.0.12_windows-x64_bin\jdk-17.0.12\bin\instrument.dll
0x00007ff8fdb80000 - 0x00007ff8fdba5000 	C:\Users\Dell\Downloads\jdk-17.0.12_windows-x64_bin\jdk-17.0.12\bin\java.dll
0x00007ff8f7e90000 - 0x00007ff8f7f67000 	C:\Users\Dell\Downloads\jdk-17.0.12_windows-x64_bin\jdk-17.0.12\bin\jsvml.dll
0x00007ff92e590000 - 0x00007ff92ecfe000 	C:\WINDOWS\System32\SHELL32.dll
0x00007ff92b610000 - 0x00007ff92bdb3000 	C:\WINDOWS\SYSTEM32\windows.storage.dll
0x00007ff92ed00000 - 0x00007ff92f053000 	C:\WINDOWS\System32\combase.dll
0x00007ff92cf40000 - 0x00007ff92cf6b000 	C:\WINDOWS\SYSTEM32\Wldp.dll
0x00007ff92e080000 - 0x00007ff92e14d000 	C:\WINDOWS\System32\OLEAUT32.dll
0x00007ff92f9b0000 - 0x00007ff92fa5d000 	C:\WINDOWS\System32\SHCORE.dll
0x00007ff92f060000 - 0x00007ff92f0bb000 	C:\WINDOWS\System32\shlwapi.dll
0x00007ff92d5f0000 - 0x00007ff92d615000 	C:\WINDOWS\SYSTEM32\profapi.dll
0x00007ff907a80000 - 0x00007ff907a98000 	C:\Users\Dell\Downloads\jdk-17.0.12_windows-x64_bin\jdk-17.0.12\bin\zip.dll
0x00007ff905870000 - 0x00007ff905889000 	C:\Users\Dell\Downloads\jdk-17.0.12_windows-x64_bin\jdk-17.0.12\bin\net.dll
0x00007ff924fe0000 - 0x00007ff9250ea000 	C:\WINDOWS\SYSTEM32\WINHTTP.dll
0x00007ff92cd20000 - 0x00007ff92cd8a000 	C:\WINDOWS\system32\mswsock.dll
0x00007ff904400000 - 0x00007ff904416000 	C:\Users\Dell\Downloads\jdk-17.0.12_windows-x64_bin\jdk-17.0.12\bin\nio.dll
0x00007ff909690000 - 0x00007ff9096a0000 	C:\Users\Dell\Downloads\jdk-17.0.12_windows-x64_bin\jdk-17.0.12\bin\verify.dll
0x00007ff900410000 - 0x00007ff900437000 	C:\Users\Dell\.gradle\native\1def1411415f61bf3af743bc5b6707747c0891f09f0c88961ee8f79bc544acac\windows-amd64\native-platform.dll
0x00007ff8f8510000 - 0x00007ff8f8588000 	C:\Users\Dell\.gradle\native\0.2.7\x86_64-windows-gnu\gradle-fileevents.dll
0x00007ff909000000 - 0x00007ff90900a000 	C:\Users\Dell\Downloads\jdk-17.0.12_windows-x64_bin\jdk-17.0.12\bin\management.dll
0x00007ff908bf0000 - 0x00007ff908bfb000 	C:\Users\Dell\Downloads\jdk-17.0.12_windows-x64_bin\jdk-17.0.12\bin\management_ext.dll
0x00007ff92ca20000 - 0x00007ff92ca5b000 	C:\WINDOWS\SYSTEM32\IPHLPAPI.DLL
0x00007ff92e510000 - 0x00007ff92e518000 	C:\WINDOWS\System32\NSI.dll
0x00007ff923a70000 - 0x00007ff923a87000 	C:\WINDOWS\SYSTEM32\dhcpcsvc6.DLL
0x00007ff9234c0000 - 0x00007ff9234dd000 	C:\WINDOWS\SYSTEM32\dhcpcsvc.DLL
0x00007ff92ca60000 - 0x00007ff92cb2a000 	C:\WINDOWS\SYSTEM32\DNSAPI.dll
0x00007ff92cf80000 - 0x00007ff92cf98000 	C:\WINDOWS\SYSTEM32\CRYPTSP.dll
0x00007ff92c660000 - 0x00007ff92c698000 	C:\WINDOWS\system32\rsaenh.dll
0x00007ff92d570000 - 0x00007ff92d59e000 	C:\WINDOWS\SYSTEM32\USERENV.dll
0x00007ff92ceb0000 - 0x00007ff92cebc000 	C:\WINDOWS\SYSTEM32\CRYPTBASE.dll
0x00007ff908b40000 - 0x00007ff908b4e000 	C:\Users\Dell\Downloads\jdk-17.0.12_windows-x64_bin\jdk-17.0.12\bin\sunmscapi.dll
0x00007ff92dd70000 - 0x00007ff92decd000 	C:\WINDOWS\System32\CRYPT32.dll
0x00007ff92d090000 - 0x00007ff92d0b7000 	C:\WINDOWS\SYSTEM32\ncrypt.dll
0x00007ff92d050000 - 0x00007ff92d08b000 	C:\WINDOWS\SYSTEM32\NTASN1.dll
0x00007ff90f740000 - 0x00007ff90f747000 	C:\WINDOWS\system32\wshunix.dll
0x00007ff8ca5f0000 - 0x00007ff8ca607000 	C:\WINDOWS\system32\napinsp.dll
0x00007ff8ca5d0000 - 0x00007ff8ca5eb000 	C:\WINDOWS\system32\pnrpnsp.dll
0x00007ff927f60000 - 0x00007ff927f7d000 	C:\WINDOWS\system32\wshbth.dll
0x00007ff926600000 - 0x00007ff92661d000 	C:\WINDOWS\system32\NLAapi.dll
0x00007ff8ca610000 - 0x00007ff8ca622000 	C:\WINDOWS\System32\winrnr.dll
0x00007ff91c270000 - 0x00007ff91c27a000 	C:\Windows\System32\rasadhlp.dll
0x00007ff9220a0000 - 0x00007ff922120000 	C:\WINDOWS\System32\fwpuclnt.dll

dbghelp: loaded successfully - version: 4.0.5 - missing functions: none
symbol engine: initialized successfully - sym options: 0x614 - pdb path: .;C:\Users\Dell\Downloads\jdk-17.0.12_windows-x64_bin\jdk-17.0.12\bin;C:\WINDOWS\SYSTEM32;C:\WINDOWS\WinSxS\amd64_microsoft.windows.common-controls_6595b64144ccf1df_6.0.19041.5915_none_60b4b9d171f9c7c7;C:\Users\Dell\Downloads\jdk-17.0.12_windows-x64_bin\jdk-17.0.12\bin\server;C:\Users\Dell\.gradle\native\1def1411415f61bf3af743bc5b6707747c0891f09f0c88961ee8f79bc544acac\windows-amd64;C:\Users\Dell\.gradle\native\0.2.7\x86_64-windows-gnu

VM Arguments:
jvm_args: --add-opens=java.base/java.lang=ALL-UNNAMED --add-opens=java.base/java.lang.invoke=ALL-UNNAMED --add-opens=java.base/java.util=ALL-UNNAMED --add-opens=java.prefs/java.util.prefs=ALL-UNNAMED --add-exports=jdk.compiler/com.sun.tools.javac.api=ALL-UNNAMED --add-exports=jdk.compiler/com.sun.tools.javac.util=ALL-UNNAMED --add-opens=java.base/java.util=ALL-UNNAMED --add-opens=java.prefs/java.util.prefs=ALL-UNNAMED --add-opens=java.base/java.nio.charset=ALL-UNNAMED --add-opens=java.base/java.net=ALL-UNNAMED --add-opens=java.base/java.util.concurrent.atomic=ALL-UNNAMED --add-opens=java.xml/javax.xml.namespace=ALL-UNNAMED -XX:MaxMetaspaceSize=512m -Xmx2048m -Dfile.encoding=UTF-8 -Duser.country=FR -Duser.language=fr -Duser.variant -javaagent:C:\Users\Dell\.gradle\wrapper\dists\gradle-8.13-bin\5xuhj0ry160q40clulazy9h7d\gradle-8.13\lib\agents\gradle-instrumentation-agent-8.13.jar 
java_command: org.gradle.launcher.daemon.bootstrap.GradleDaemon 8.13
java_class_path (initial): C:\Users\Dell\.gradle\wrapper\dists\gradle-8.13-bin\5xuhj0ry160q40clulazy9h7d\gradle-8.13\lib\gradle-daemon-main-8.13.jar
Launcher Type: SUN_STANDARD

[Global flags]
     intx CICompilerCount                          = 3                                         {product} {ergonomic}
   size_t CompressedClassSpaceSize                 = 436207616                                 {product} {ergonomic}
     uint ConcGCThreads                            = 1                                         {product} {ergonomic}
     uint G1ConcRefinementThreads                  = 4                                         {product} {ergonomic}
   size_t G1HeapRegionSize                         = 1048576                                   {product} {ergonomic}
    uintx GCDrainStackTargetSize                   = 64                                        {product} {ergonomic}
   size_t InitialHeapSize                          = 134217728                                 {product} {ergonomic}
   size_t MarkStackSize                            = 4194304                                   {product} {ergonomic}
   size_t MaxHeapSize                              = 2147483648                                {product} {command line}
   size_t MaxMetaspaceSize                         = 536870912                                 {product} {command line}
   size_t MaxNewSize                               = 1287651328                                {product} {ergonomic}
   size_t MinHeapDeltaBytes                        = 1048576                                   {product} {ergonomic}
   size_t MinHeapSize                              = 8388608                                   {product} {ergonomic}
    uintx NonNMethodCodeHeapSize                   = 5832780                                {pd product} {ergonomic}
    uintx NonProfiledCodeHeapSize                  = 122912730                              {pd product} {ergonomic}
    uintx ProfiledCodeHeapSize                     = 122912730                              {pd product} {ergonomic}
    uintx ReservedCodeCacheSize                    = 251658240                              {pd product} {ergonomic}
     bool SegmentedCodeCache                       = true                                      {product} {ergonomic}
   size_t SoftMaxHeapSize                          = 2147483648                             {manageable} {ergonomic}
     bool UseCompressedClassPointers               = true                           {product lp64_product} {ergonomic}
     bool UseCompressedOops                        = true                           {product lp64_product} {ergonomic}
     bool UseG1GC                                  = true                                      {product} {ergonomic}
     bool UseLargePagesIndividualAllocation        = false                                  {pd product} {ergonomic}

Logging:
Log output configuration:
 #0: stdout all=warning uptime,level,tags
 #1: stderr all=off uptime,level,tags

Environment Variables:
PATH=C:\WINDOWS\system32;C:\WINDOWS;C:\WINDOWS\System32\Wbem;C:\WINDOWS\System32\WindowsPowerShell\v1.0\;C:\WINDOWS\System32\OpenSSH\;C:\ProgramData\chocolatey\bin;C:\Program Files\nodejs\;C:\Program Files\Git\cmd;C:\Users\Dell\Downloads\platform-tools-latest-windows\platform-tools;C:\Users\Dell\Downloads\gradle-8.2-all\gradle-8.2\bin;C:\Users\Dell\Downloads\android-ndk-r27c-windows\android-ndk-r27c;%JAVA_HOME%\bin;C:\Users\Dell\Downloads\jdk-17.0.12_windows-x64_bin\jdk-17.0.12\bin;%ANDROID_HOME%\platform-tools;C:\Users\Dell\AppData\Local\Android\Sdk\platform-tools;%ANDROID_HOME%\emulator;%ANDROID_HOME%\tools;%ANDROID_HOME%\tools\bin;%ANDROID_HOME%\platform-tools;C:\Python313;C:\Users\Dell\ffmpeg-7.1.1-essentials_build\bin;C:\Users\Dell\AppData\Local\Programs\Python\Python310\Scripts\;C:\Users\Dell\AppData\Local\Programs\Python\Python310\;C:\Users\Dell\AppData\Local\Microsoft\WindowsApps;C:\Users\Dell\AppData\Local\Programs\Microsoft VS Code\bin;C:\Users\Dell\AppData\Roaming\npm;C:\Users\Dell\AppData\Local\Android\Sdk\platform-tools;C:\Users\Dell\AppData\Local\Android\Sdk\platform-tools;C:\Users\Dell\AppData\Local\Android\Sdk\emulator;C:\Users\Dell\AppData\Local\Android\Sdk\tools;C:\Users\Dell\AppData\Local\Android\Sdk\tools\bin;C:\Users\Dell\AppData\Local\Android\Sdk\platform-tools;C:\Python313;C:\Users\Dell\OneDrive\Bureau\ngrok-v3-stable-windows-amd64;
USERNAME=Dell
OS=Windows_NT
PROCESSOR_IDENTIFIER=Intel64 Family 6 Model 78 Stepping 3, GenuineIntel



---------------  S Y S T E M  ---------------

OS:
 Windows 10 , 64 bit Build 19041 (10.0.19041.5915)
OS uptime: 4 days 5:34 hours
Hyper-V role detected

CPU: total 4 (initial active 4) (2 cores per cpu, 2 threads per core) family 6 model 78 stepping 3 microcode 0xf0, cx8, cmov, fxsr, ht, mmx, 3dnowpref, sse, sse2, sse3, ssse3, sse4.1, sse4.2, popcnt, lzcnt, tsc, tscinvbit, avx, avx2, aes, erms, clmul, bmi1, bmi2, rtm, adx, fma, vzeroupper, clflush, clflushopt, hv

Memory: 4k page, system-wide physical 8073M (933M free)
TotalPageFile size 17456M (AvailPageFile size 7M)
current process WorkingSet (physical memory assigned to process): 482M, peak: 482M
current process commit charge ("private bytes"): 519M, peak: 519M

vm_info: Java HotSpot(TM) 64-Bit Server VM (17.0.12+8-LTS-286) for windows-amd64 JRE (17.0.12+8-LTS-286), built on Jun  5 2024 06:46:59 by "mach5one" with MS VC++ 17.6 (VS2022)

END.
