#
# There is insufficient memory for the Java Runtime Environment to continue.
# Native memory allocation (mmap) failed to map 54525952 bytes for G1 virtual space
# Possible reasons:
#   The system is out of physical RAM or swap space
#   The process is running with CompressedOops enabled, and the Java Heap may be blocking the growth of the native heap
# Possible solutions:
#   Reduce memory load on the system
#   Increase physical memory or swap space
#   Check if swap backing store is full
#   Decrease Java heap size (-Xmx/-Xms)
#   Decrease number of Java threads
#   Decrease Java thread stack sizes (-Xss)
#   Set larger code cache with -XX:ReservedCodeCacheSize=
#   JVM is running with Unscaled Compressed Oops mode in which the Java heap is
#     placed in the first 4GB address space. The Java Heap base address is the
#     maximum limit for the native heap growth. Please use -XX:HeapBaseMinAddress
#     to set the Java Heap base and to place the Java Heap above 4GB virtual address.
# This output file may be truncated or incomplete.
#
#  Out of Memory Error (os_windows.cpp:3548), pid=7268, tid=14776
#
# JRE version: Java(TM) SE Runtime Environment (17.0.12+8) (build 17.0.12+8-LTS-286)
# Java VM: Java HotSpot(TM) 64-Bit Server VM (17.0.12+8-LTS-286, mixed mode, sharing, tiered, compressed oops, compressed class ptrs, g1 gc, windows-amd64)
# No core dump will be written. Minidumps are not enabled by default on client versions of Windows
#

---------------  S U M M A R Y ------------

Command Line: --add-opens=java.base/java.lang=ALL-UNNAMED --add-opens=java.base/java.lang.invoke=ALL-UNNAMED --add-opens=java.base/java.util=ALL-UNNAMED --add-opens=java.prefs/java.util.prefs=ALL-UNNAMED --add-exports=jdk.compiler/com.sun.tools.javac.api=ALL-UNNAMED --add-exports=jdk.compiler/com.sun.tools.javac.util=ALL-UNNAMED --add-opens=java.base/java.util=ALL-UNNAMED --add-opens=java.prefs/java.util.prefs=ALL-UNNAMED --add-opens=java.base/java.nio.charset=ALL-UNNAMED --add-opens=java.base/java.net=ALL-UNNAMED --add-opens=java.base/java.util.concurrent.atomic=ALL-UNNAMED --add-opens=java.xml/javax.xml.namespace=ALL-UNNAMED -XX:MaxMetaspaceSize=512m -Xmx2048m -Dfile.encoding=UTF-8 -Duser.country=FR -Duser.language=fr -Duser.variant -javaagent:C:\Users\Dell\.gradle\wrapper\dists\gradle-8.13-bin\5xuhj0ry160q40clulazy9h7d\gradle-8.13\lib\agents\gradle-instrumentation-agent-8.13.jar org.gradle.launcher.daemon.bootstrap.GradleDaemon 8.13

Host: Intel(R) Core(TM) i5-6300U CPU @ 2.40GHz, 4 cores, 7G,  Windows 10 , 64 bit Build 19041 (10.0.19041.5915)
Time: Mon Jun  9 00:40:34 2025 Maroc (heure d64 bit Build 19041 (10.0.19041.5915) elapsed time: 121.707725 seconds (0d 0h 2m 1s)

---------------  T H R E A D  ---------------

Current thread (0x000001a96f069230):  VMThread "VM Thread" [stack: 0x000000167da00000,0x000000167db00000] [id=14776]

Stack: [0x000000167da00000,0x000000167db00000]
Native frames: (J=compiled Java code, j=interpreted, Vv=VM code, C=native code)
V  [jvm.dll+0x67a04a]
V  [jvm.dll+0x7da4ed]
V  [jvm.dll+0x7dbe33]
V  [jvm.dll+0x7dc4a3]
V  [jvm.dll+0x24508f]
V  [jvm.dll+0x677089]
V  [jvm.dll+0x66bd32]
V  [jvm.dll+0x301fa6]
V  [jvm.dll+0x309546]
V  [jvm.dll+0x359d2e]
V  [jvm.dll+0x359f5f]
V  [jvm.dll+0x2d9078]
V  [jvm.dll+0x2d74ad]
V  [jvm.dll+0x2d6afc]
V  [jvm.dll+0x31a65b]
V  [jvm.dll+0x7e0d9b]
V  [jvm.dll+0x7e1ad4]
V  [jvm.dll+0x7e1fed]
V  [jvm.dll+0x7e23c4]
V  [jvm.dll+0x7e2490]
V  [jvm.dll+0x78abea]
V  [jvm.dll+0x678f35]
C  [ucrtbase.dll+0x21bb2]
C  [KERNEL32.DLL+0x17374]
C  [ntdll.dll+0x4cc91]

VM_Operation (0x000000167f4fe940): G1CollectForAllocation, mode: safepoint, requested by thread 0x000001a9742d2610


---------------  P R O C E S S  ---------------

Threads class SMR info:
_java_thread_list=0x000001a97f7fa9c0, length=92, elements={
0x000001a95171cea0, 0x000001a96f06dda0, 0x000001a96f06eb30, 0x000001a96f07f1c0,
0x000001a96f07fc90, 0x000001a96f082670, 0x000001a96f082f40, 0x000001a96f083b40,
0x000001a96f084450, 0x000001a96f10b330, 0x000001a96f058960, 0x000001a96f3ae0b0,
0x000001a974726060, 0x000001a96fc47010, 0x000001a96f265490, 0x000001a96fd7c540,
0x000001a9740ccd60, 0x000001a9742d53a0, 0x000001a9742d4470, 0x000001a9742d3030,
0x000001a9742d4980, 0x000001a9742d3f60, 0x000001a9742d2610, 0x000001a9742d4e90,
0x000001a9742d1bf0, 0x000001a9742d2100, 0x000001a9742d2b20, 0x000001a975b58e30,
0x000001a975b59340, 0x000001a975b56ac0, 0x000001a975b5caf0, 0x000001a975b58920,
0x000001a975b59850, 0x000001a975b5bbc0, 0x000001a975b59d60, 0x000001a975b5b6b0,
0x000001a975b5d510, 0x000001a975b5a780, 0x000001a975b574e0, 0x000001a975b5da20,
0x000001a975b5ac90, 0x000001a975b5b1a0, 0x000001a975b5c0d0, 0x000001a975b5df30,
0x000001a975b56fd0, 0x000001a975b579f0, 0x000001a975b58410, 0x000001a975562fd0,
0x000001a97555c580, 0x000001a975561b90, 0x000001a97555c070, 0x000001a975560240,
0x000001a975560750, 0x000001a97555e3e0, 0x000001a97555e8f0, 0x000001a97555cfa0,
0x000001a9755620a0, 0x000001a97555f820, 0x000001a97555ca90, 0x000001a97555fd30,
0x000001a975561680, 0x000001a9755625b0, 0x000001a975562ac0, 0x000001a975c6b110,
0x000001a975c6b620, 0x000001a975c6c550, 0x000001a975c6e3b0, 0x000001a975c6bb30,
0x000001a975c6edd0, 0x000001a975c6c040, 0x000001a975c6d480, 0x000001a975c6cf70,
0x000001a975c6d990, 0x000001a975c6dea0, 0x000001a975c6e8c0, 0x000001a975c6f2e0,
0x000001a975c6f7f0, 0x000001a975c68380, 0x000001a975c6fd00, 0x000001a975c68890,
0x000001a975c68da0, 0x000001a975c692b0, 0x000001a975c697c0, 0x000001a975c69cd0,
0x000001a975c6a6f0, 0x000001a975c6ac00, 0x000001a975b5c5e0, 0x000001a9786b3960,
0x000001a9786b8040, 0x000001a9786b7b30, 0x000001a9786b8550, 0x000001a9786b7620
}

Java Threads: ( => current thread )
  0x000001a95171cea0 JavaThread "main" [_thread_blocked, id=25980, stack(0x000000167d400000,0x000000167d500000)]
  0x000001a96f06dda0 JavaThread "Reference Handler" daemon [_thread_blocked, id=18040, stack(0x000000167db00000,0x000000167dc00000)]
  0x000001a96f06eb30 JavaThread "Finalizer" daemon [_thread_blocked, id=15076, stack(0x000000167dc00000,0x000000167dd00000)]
  0x000001a96f07f1c0 JavaThread "Signal Dispatcher" daemon [_thread_blocked, id=23908, stack(0x000000167dd00000,0x000000167de00000)]
  0x000001a96f07fc90 JavaThread "Attach Listener" daemon [_thread_blocked, id=17460, stack(0x000000167de00000,0x000000167df00000)]
  0x000001a96f082670 JavaThread "Service Thread" daemon [_thread_blocked, id=7748, stack(0x000000167df00000,0x000000167e000000)]
  0x000001a96f082f40 JavaThread "Monitor Deflation Thread" daemon [_thread_blocked, id=13440, stack(0x000000167e000000,0x000000167e100000)]
  0x000001a96f083b40 JavaThread "C2 CompilerThread0" daemon [_thread_blocked, id=23172, stack(0x000000167e100000,0x000000167e200000)]
  0x000001a96f084450 JavaThread "C1 CompilerThread0" daemon [_thread_blocked, id=17328, stack(0x000000167e200000,0x000000167e300000)]
  0x000001a96f10b330 JavaThread "Sweeper thread" daemon [_thread_blocked, id=20476, stack(0x000000167e300000,0x000000167e400000)]
  0x000001a96f058960 JavaThread "Common-Cleaner" daemon [_thread_blocked, id=884, stack(0x000000167e400000,0x000000167e500000)]
  0x000001a96f3ae0b0 JavaThread "Notification Thread" daemon [_thread_blocked, id=7624, stack(0x000000167e500000,0x000000167e600000)]
  0x000001a974726060 JavaThread "Daemon health stats" [_thread_blocked, id=17632, stack(0x000000167ea00000,0x000000167eb00000)]
  0x000001a96fc47010 JavaThread "Incoming local TCP Connector on port 60789" [_thread_in_native, id=17060, stack(0x000000167eb00000,0x000000167ec00000)]
  0x000001a96f265490 JavaThread "Daemon periodic checks" [_thread_blocked, id=18736, stack(0x000000167ec00000,0x000000167ed00000)]
  0x000001a96fd7c540 JavaThread "Daemon" [_thread_blocked, id=21820, stack(0x000000167ed00000,0x000000167ee00000)]
  0x000001a9740ccd60 JavaThread "Handler for socket connection from /127.0.0.1:60789 to /127.0.0.1:60790" [_thread_in_native, id=15476, stack(0x000000167ee00000,0x000000167ef00000)]
  0x000001a9742d53a0 JavaThread "Cancel handler" [_thread_blocked, id=20340, stack(0x000000167ef00000,0x000000167f000000)]
  0x000001a9742d4470 JavaThread "Daemon worker" [_thread_blocked, id=21360, stack(0x000000167f000000,0x000000167f100000)]
  0x000001a9742d3030 JavaThread "Asynchronous log dispatcher for DefaultDaemonConnection: socket connection from /127.0.0.1:60789 to /127.0.0.1:60790" [_thread_blocked, id=14380, stack(0x000000167f100000,0x000000167f200000)]
  0x000001a9742d4980 JavaThread "Stdin handler" [_thread_blocked, id=9260, stack(0x000000167f200000,0x000000167f300000)]
  0x000001a9742d3f60 JavaThread "Daemon client event forwarder" [_thread_blocked, id=13140, stack(0x000000167f300000,0x000000167f400000)]
  0x000001a9742d2610 JavaThread "Cache worker for journal cache (C:\Users\Dell\.gradle\caches\journal-1)" [_thread_blocked, id=12528, stack(0x000000167f400000,0x000000167f500000)]
  0x000001a9742d4e90 JavaThread "File lock request listener" [_thread_in_native, id=20428, stack(0x000000167f500000,0x000000167f600000)]
  0x000001a9742d1bf0 JavaThread "Cache worker for file hash cache (C:\Users\Dell\.gradle\caches\8.13\fileHashes)" [_thread_blocked, id=3828, stack(0x000000167f600000,0x000000167f700000)]
  0x000001a9742d2100 JavaThread "Cache worker for file hash cache (C:\Users\Dell\cooking\android\.gradle\8.13\fileHashes)" [_thread_blocked, id=26328, stack(0x000000167f700000,0x000000167f800000)]
  0x000001a9742d2b20 JavaThread "Cache worker for Build Output Cleanup Cache (C:\Users\Dell\cooking\android\.gradle\buildOutputCleanup)" [_thread_blocked, id=832, stack(0x000000167f800000,0x000000167f900000)]
  0x000001a975b58e30 JavaThread "File watcher server" daemon [_thread_in_native, id=1696, stack(0x000000167fa00000,0x000000167fb00000)]
  0x000001a975b59340 JavaThread "File watcher consumer" daemon [_thread_blocked, id=9484, stack(0x000000167fb00000,0x000000167fc00000)]
  0x000001a975b56ac0 JavaThread "jar transforms" [_thread_blocked, id=7472, stack(0x000000167fc00000,0x000000167fd00000)]
  0x000001a975b5caf0 JavaThread "jar transforms Thread 2" [_thread_blocked, id=11640, stack(0x000000167fd00000,0x000000167fe00000)]
  0x000001a975b58920 JavaThread "jar transforms Thread 3" [_thread_blocked, id=17304, stack(0x000000167fe00000,0x000000167ff00000)]
  0x000001a975b59850 JavaThread "jar transforms Thread 4" [_thread_blocked, id=14332, stack(0x000000167ff00000,0x0000001680000000)]
  0x000001a975b5bbc0 JavaThread "Cache worker for checksums cache (C:\Users\Dell\cooking\android\.gradle\8.13\checksums)" [_thread_blocked, id=7332, stack(0x0000001600000000,0x0000001600100000)]
  0x000001a975b59d60 JavaThread "Cache worker for file content cache (C:\Users\Dell\.gradle\caches\8.13\fileContent)" [_thread_blocked, id=25628, stack(0x0000001600100000,0x0000001600200000)]
  0x000001a975b5b6b0 JavaThread "Cache worker for cache directory md-supplier (C:\Users\Dell\.gradle\caches\8.13\md-supplier)" [_thread_blocked, id=22668, stack(0x0000001600200000,0x0000001600300000)]
  0x000001a975b5d510 JavaThread "Cache worker for cache directory md-rule (C:\Users\Dell\.gradle\caches\8.13\md-rule)" [_thread_blocked, id=18832, stack(0x0000001600300000,0x0000001600400000)]
  0x000001a975b5a780 JavaThread "Cache worker for Build Output Cleanup Cache (C:\Users\Dell\cooking\node_modules\@react-native\gradle-plugin\.gradle\buildOutputCleanup)" [_thread_blocked, id=7436, stack(0x0000001600400000,0x0000001600500000)]
  0x000001a975b574e0 JavaThread "Unconstrained build operations" [_thread_blocked, id=21520, stack(0x0000001600600000,0x0000001600700000)]
  0x000001a975b5da20 JavaThread "Unconstrained build operations Thread 2" [_thread_blocked, id=26144, stack(0x0000001600700000,0x0000001600800000)]
  0x000001a975b5ac90 JavaThread "Unconstrained build operations Thread 3" [_thread_blocked, id=17136, stack(0x0000001600800000,0x0000001600900000)]
  0x000001a975b5b1a0 JavaThread "Unconstrained build operations Thread 4" [_thread_blocked, id=4248, stack(0x0000001600900000,0x0000001600a00000)]
  0x000001a975b5c0d0 JavaThread "Unconstrained build operations Thread 5" [_thread_blocked, id=24060, stack(0x0000001600a00000,0x0000001600b00000)]
  0x000001a975b5df30 JavaThread "Unconstrained build operations Thread 6" [_thread_blocked, id=12848, stack(0x0000001600b00000,0x0000001600c00000)]
  0x000001a975b56fd0 JavaThread "Unconstrained build operations Thread 7" [_thread_blocked, id=22800, stack(0x0000001600c00000,0x0000001600d00000)]
  0x000001a975b579f0 JavaThread "Unconstrained build operations Thread 8" [_thread_blocked, id=19248, stack(0x0000001600d00000,0x0000001600e00000)]
  0x000001a975b58410 JavaThread "Unconstrained build operations Thread 9" [_thread_blocked, id=16488, stack(0x0000001600e00000,0x0000001600f00000)]
  0x000001a975562fd0 JavaThread "Unconstrained build operations Thread 10" [_thread_blocked, id=19276, stack(0x0000001600f00000,0x0000001601000000)]
  0x000001a97555c580 JavaThread "Unconstrained build operations Thread 11" [_thread_blocked, id=21052, stack(0x0000001601000000,0x0000001601100000)]
  0x000001a975561b90 JavaThread "Unconstrained build operations Thread 12" [_thread_blocked, id=18784, stack(0x0000001601100000,0x0000001601200000)]
  0x000001a97555c070 JavaThread "Unconstrained build operations Thread 13" [_thread_blocked, id=14644, stack(0x0000001601200000,0x0000001601300000)]
  0x000001a975560240 JavaThread "Unconstrained build operations Thread 14" [_thread_blocked, id=24628, stack(0x0000001601300000,0x0000001601400000)]
  0x000001a975560750 JavaThread "Unconstrained build operations Thread 15" [_thread_blocked, id=880, stack(0x0000001601400000,0x0000001601500000)]
  0x000001a97555e3e0 JavaThread "build event listener" [_thread_blocked, id=17800, stack(0x0000001601700000,0x0000001601800000)]
  0x000001a97555e8f0 JavaThread "Memory manager" [_thread_blocked, id=18368, stack(0x0000001601800000,0x0000001601900000)]
  0x000001a97555cfa0 JavaThread "ForkJoinPool.commonPool-worker-1" daemon [_thread_blocked, id=8492, stack(0x0000001601900000,0x0000001601a00000)]
  0x000001a9755620a0 JavaThread "ForkJoinPool.commonPool-worker-2" daemon [_thread_blocked, id=26512, stack(0x0000001601a00000,0x0000001601b00000)]
  0x000001a97555f820 JavaThread "included builds" [_thread_blocked, id=25512, stack(0x0000001601f00000,0x0000001602000000)]
  0x000001a97555ca90 JavaThread "Execution worker" [_thread_blocked, id=17888, stack(0x0000001602000000,0x0000001602100000)]
  0x000001a97555fd30 JavaThread "Execution worker Thread 2" [_thread_blocked, id=16768, stack(0x0000001602100000,0x0000001602200000)]
  0x000001a975561680 JavaThread "Execution worker Thread 3" [_thread_blocked, id=20172, stack(0x0000001602200000,0x0000001602300000)]
  0x000001a9755625b0 JavaThread "Cache worker for execution history cache (C:\Users\Dell\cooking\node_modules\@react-native\gradle-plugin\.gradle\8.13\executionHistory)" [_thread_blocked, id=16304, stack(0x0000001602300000,0x0000001602400000)]
  0x000001a975562ac0 JavaThread "Unconstrained build operations Thread 16" [_thread_blocked, id=9744, stack(0x0000001602400000,0x0000001602500000)]
  0x000001a975c6b110 JavaThread "Unconstrained build operations Thread 17" [_thread_blocked, id=17876, stack(0x0000001602500000,0x0000001602600000)]
  0x000001a975c6b620 JavaThread "Unconstrained build operations Thread 18" [_thread_blocked, id=20896, stack(0x0000001602600000,0x0000001602700000)]
  0x000001a975c6c550 JavaThread "Unconstrained build operations Thread 19" [_thread_blocked, id=2716, stack(0x0000001602700000,0x0000001602800000)]
  0x000001a975c6e3b0 JavaThread "Unconstrained build operations Thread 20" [_thread_blocked, id=14488, stack(0x0000001602800000,0x0000001602900000)]
  0x000001a975c6bb30 JavaThread "Unconstrained build operations Thread 21" [_thread_blocked, id=18600, stack(0x0000001602900000,0x0000001602a00000)]
  0x000001a975c6edd0 JavaThread "Unconstrained build operations Thread 22" [_thread_blocked, id=18640, stack(0x0000001602a00000,0x0000001602b00000)]
  0x000001a975c6c040 JavaThread "Unconstrained build operations Thread 23" [_thread_blocked, id=9168, stack(0x0000001602b00000,0x0000001602c00000)]
  0x000001a975c6d480 JavaThread "Unconstrained build operations Thread 24" [_thread_blocked, id=12116, stack(0x0000001602c00000,0x0000001602d00000)]
  0x000001a975c6cf70 JavaThread "Unconstrained build operations Thread 25" [_thread_blocked, id=2076, stack(0x0000001602d00000,0x0000001602e00000)]
  0x000001a975c6d990 JavaThread "Unconstrained build operations Thread 26" [_thread_blocked, id=6408, stack(0x0000001602e00000,0x0000001602f00000)]
  0x000001a975c6dea0 JavaThread "Unconstrained build operations Thread 27" [_thread_blocked, id=1452, stack(0x0000001602f00000,0x0000001603000000)]
  0x000001a975c6e8c0 JavaThread "Unconstrained build operations Thread 28" [_thread_blocked, id=10220, stack(0x0000001603000000,0x0000001603100000)]
  0x000001a975c6f2e0 JavaThread "Unconstrained build operations Thread 29" [_thread_blocked, id=24948, stack(0x0000001603200000,0x0000001603300000)]
  0x000001a975c6f7f0 JavaThread "Unconstrained build operations Thread 30" [_thread_blocked, id=20712, stack(0x0000001603300000,0x0000001603400000)]
  0x000001a975c68380 JavaThread "Unconstrained build operations Thread 31" [_thread_blocked, id=8636, stack(0x0000001603400000,0x0000001603500000)]
  0x000001a975c6fd00 JavaThread "Unconstrained build operations Thread 32" [_thread_blocked, id=4872, stack(0x0000001603500000,0x0000001603600000)]
  0x000001a975c68890 JavaThread "Unconstrained build operations Thread 33" [_thread_blocked, id=5588, stack(0x0000001603600000,0x0000001603700000)]
  0x000001a975c68da0 JavaThread "Unconstrained build operations Thread 34" [_thread_blocked, id=7240, stack(0x0000001603700000,0x0000001603800000)]
  0x000001a975c692b0 JavaThread "Unconstrained build operations Thread 35" [_thread_blocked, id=25480, stack(0x0000001603800000,0x0000001603900000)]
  0x000001a975c697c0 JavaThread "Unconstrained build operations Thread 36" [_thread_blocked, id=5928, stack(0x0000001603900000,0x0000001603a00000)]
  0x000001a975c69cd0 JavaThread "Unconstrained build operations Thread 37" [_thread_blocked, id=3116, stack(0x0000001603a00000,0x0000001603b00000)]
  0x000001a975c6a6f0 JavaThread "Exec process" [_thread_blocked, id=3560, stack(0x0000001603b00000,0x0000001603c00000)]
  0x000001a975c6ac00 JavaThread "Exec process Thread 2" [_thread_blocked, id=13144, stack(0x0000001603c00000,0x0000001603d00000)]
  0x000001a975b5c5e0 JavaThread "Exec process Thread 3" [_thread_blocked, id=18252, stack(0x0000001603d00000,0x0000001603e00000)]
  0x000001a9786b3960 JavaThread "Unconstrained build operations Thread 38" [_thread_blocked, id=372, stack(0x0000001603e00000,0x0000001603f00000)]
  0x000001a9786b8040 JavaThread "Unconstrained build operations Thread 39" [_thread_blocked, id=17624, stack(0x0000001603f00000,0x0000001604000000)]
  0x000001a9786b7b30 JavaThread "Unconstrained build operations Thread 40" [_thread_blocked, id=25752, stack(0x0000001604000000,0x0000001604100000)]
  0x000001a9786b8550 JavaThread "Problems report writer" [_thread_blocked, id=18836, stack(0x0000001604100000,0x0000001604200000)]
  0x000001a9786b7620 JavaThread "build event listener" [_thread_blocked, id=5496, stack(0x0000001603100000,0x0000001603200000)]

Other Threads:
=>0x000001a96f069230 VMThread "VM Thread" [stack: 0x000000167da00000,0x000000167db00000] [id=14776]
  0x000001a95171eb20 WatcherThread [stack: 0x000000167e600000,0x000000167e700000] [id=10048]
  0x000001a9517774a0 GCTaskThread "GC Thread#0" [stack: 0x000000167d500000,0x000000167d600000] [id=9680]
  0x000001a96f42bf80 GCTaskThread "GC Thread#1" [stack: 0x000000167e700000,0x000000167e800000] [id=17084]
  0x000001a96f53c520 GCTaskThread "GC Thread#2" [stack: 0x000000167e800000,0x000000167e900000] [id=21704]
  0x000001a97427c7b0 GCTaskThread "GC Thread#3" [stack: 0x000000167e900000,0x000000167ea00000] [id=24444]
  0x000001a951788300 ConcurrentGCThread "G1 Main Marker" [stack: 0x000000167d600000,0x000000167d700000] [id=6504]
  0x000001a951788c20 ConcurrentGCThread "G1 Conc#0" [stack: 0x000000167d700000,0x000000167d800000] [id=16896]
  0x000001a9517ee570 ConcurrentGCThread "G1 Refine#0" [stack: 0x000000167d800000,0x000000167d900000] [id=18436]
  0x000001a976be3590 ConcurrentGCThread "G1 Refine#1" [stack: 0x000000167f900000,0x000000167fa00000] [id=8828]
  0x000001a96ef20090 ConcurrentGCThread "G1 Service" [stack: 0x000000167d900000,0x000000167da00000] [id=26380]

Threads with active compile tasks:

VM state: at safepoint (normal execution)

VM Mutex/Monitor currently owned by a thread:  ([mutex/lock_event])
[0x000001a9517170f0] Threads_lock - owner thread: 0x000001a96f069230
[0x000001a9517180b0] Heap_lock - owner thread: 0x000001a9742d2610

Heap address: 0x0000000080000000, size: 2048 MB, Compressed Oops mode: 32-bit

CDS archive(s) mapped at: [0x000001a900000000-0x000001a900bd0000-0x000001a900bd0000), size 12386304, SharedBaseAddress: 0x000001a900000000, ArchiveRelocationMode: 1.
Compressed class space mapped at: 0x000001a901000000-0x000001a91b000000, reserved size: 436207616
Narrow klass base: 0x000001a900000000, Narrow klass shift: 0, Narrow klass range: 0x100000000

GC Precious Log:
 CPUs: 4 total, 4 available
 Memory: 8073M
 Large Page Support: Disabled
 NUMA Support: Disabled
 Compressed Oops: Enabled (32-bit)
 Heap Region Size: 1M
 Heap Min Capacity: 8M
 Heap Initial Capacity: 128M
 Heap Max Capacity: 2G
 Pre-touch: Disabled
 Parallel Workers: 4
 Concurrent Workers: 1
 Concurrent Refinement Workers: 4
 Periodic GC: Disabled

Heap:
 garbage-first heap   total 264192K, used 208081K [0x0000000080000000, 0x0000000100000000)
  region size 1024K, 3 young (3072K), 3 survivors (3072K)
 Metaspace       used 117373K, committed 118784K, reserved 557056K
  class space    used 16118K, committed 16768K, reserved 425984K

Heap Regions: E=young(eden), S=young(survivor), O=old, HS=humongous(starts), HC=humongous(continues), CS=collection set, F=free, OA=open archive, CA=closed archive, TAMS=top-at-mark-start (previous, next)
|   0|0x0000000080000000, 0x0000000080100000, 0x0000000080100000|100%|HS|  |TAMS 0x0000000080100000, 0x0000000080000000| Complete 
|   1|0x0000000080100000, 0x0000000080200000, 0x0000000080200000|100%|HC|  |TAMS 0x0000000080200000, 0x0000000080100000| Complete 
|   2|0x0000000080200000, 0x0000000080300000, 0x0000000080300000|100%|HC|  |TAMS 0x0000000080300000, 0x0000000080200000| Complete 
|   3|0x0000000080300000, 0x0000000080400000, 0x0000000080400000|100%| O|  |TAMS 0x0000000080400000, 0x0000000080300000| Untracked 
|   4|0x0000000080400000, 0x0000000080500000, 0x0000000080500000|100%| O|  |TAMS 0x0000000080500000, 0x0000000080400000| Untracked 
|   5|0x0000000080500000, 0x0000000080600000, 0x0000000080600000|100%| O|  |TAMS 0x0000000080600000, 0x0000000080500000| Untracked 
|   6|0x0000000080600000, 0x0000000080700000, 0x0000000080700000|100%| O|  |TAMS 0x0000000080700000, 0x0000000080600000| Untracked 
|   7|0x0000000080700000, 0x0000000080800000, 0x0000000080800000|100%|HS|  |TAMS 0x0000000080800000, 0x0000000080700000| Complete 
|   8|0x0000000080800000, 0x0000000080900000, 0x0000000080900000|100%| O|  |TAMS 0x0000000080900000, 0x0000000080800000| Untracked 
|   9|0x0000000080900000, 0x0000000080a00000, 0x0000000080a00000|100%| O|  |TAMS 0x0000000080a00000, 0x0000000080900000| Untracked 
|  10|0x0000000080a00000, 0x0000000080b00000, 0x0000000080b00000|100%| O|  |TAMS 0x0000000080b00000, 0x0000000080a00000| Untracked 
|  11|0x0000000080b00000, 0x0000000080c00000, 0x0000000080c00000|100%| O|  |TAMS 0x0000000080c00000, 0x0000000080b00000| Untracked 
|  12|0x0000000080c00000, 0x0000000080d00000, 0x0000000080d00000|100%| O|  |TAMS 0x0000000080d00000, 0x0000000080c00000| Untracked 
|  13|0x0000000080d00000, 0x0000000080e00000, 0x0000000080e00000|100%| O|  |TAMS 0x0000000080e00000, 0x0000000080d00000| Untracked 
|  14|0x0000000080e00000, 0x0000000080f00000, 0x0000000080f00000|100%| O|  |TAMS 0x0000000080f00000, 0x0000000080e00000| Untracked 
|  15|0x0000000080f00000, 0x0000000081000000, 0x0000000081000000|100%| O|  |TAMS 0x0000000081000000, 0x0000000080f00000| Untracked 
|  16|0x0000000081000000, 0x0000000081100000, 0x0000000081100000|100%| O|  |TAMS 0x0000000081100000, 0x0000000081000000| Untracked 
|  17|0x0000000081100000, 0x0000000081200000, 0x0000000081200000|100%| O|  |TAMS 0x0000000081200000, 0x0000000081100000| Untracked 
|  18|0x0000000081200000, 0x0000000081300000, 0x0000000081300000|100%| O|  |TAMS 0x0000000081300000, 0x0000000081200000| Untracked 
|  19|0x0000000081300000, 0x0000000081400000, 0x0000000081400000|100%| O|  |TAMS 0x0000000081400000, 0x0000000081300000| Untracked 
|  20|0x0000000081400000, 0x0000000081500000, 0x0000000081500000|100%| O|  |TAMS 0x0000000081500000, 0x0000000081400000| Untracked 
|  21|0x0000000081500000, 0x0000000081600000, 0x0000000081600000|100%| O|  |TAMS 0x0000000081600000, 0x0000000081500000| Untracked 
|  22|0x0000000081600000, 0x0000000081700000, 0x0000000081700000|100%| O|  |TAMS 0x0000000081700000, 0x0000000081600000| Untracked 
|  23|0x0000000081700000, 0x0000000081800000, 0x0000000081800000|100%| O|  |TAMS 0x0000000081800000, 0x0000000081700000| Untracked 
|  24|0x0000000081800000, 0x0000000081900000, 0x0000000081900000|100%| O|  |TAMS 0x0000000081900000, 0x0000000081800000| Untracked 
|  25|0x0000000081900000, 0x0000000081a00000, 0x0000000081a00000|100%| O|  |TAMS 0x0000000081a00000, 0x0000000081900000| Untracked 
|  26|0x0000000081a00000, 0x0000000081b00000, 0x0000000081b00000|100%| O|  |TAMS 0x0000000081b00000, 0x0000000081a00000| Untracked 
|  27|0x0000000081b00000, 0x0000000081c00000, 0x0000000081c00000|100%| O|  |TAMS 0x0000000081c00000, 0x0000000081b00000| Untracked 
|  28|0x0000000081c00000, 0x0000000081d00000, 0x0000000081d00000|100%| O|  |TAMS 0x0000000081d00000, 0x0000000081c00000| Untracked 
|  29|0x0000000081d00000, 0x0000000081e00000, 0x0000000081e00000|100%| O|  |TAMS 0x0000000081e00000, 0x0000000081d00000| Untracked 
|  30|0x0000000081e00000, 0x0000000081f00000, 0x0000000081f00000|100%| O|  |TAMS 0x0000000081f00000, 0x0000000081e00000| Untracked 
|  31|0x0000000081f00000, 0x0000000082000000, 0x0000000082000000|100%| O|  |TAMS 0x0000000082000000, 0x0000000081f00000| Untracked 
|  32|0x0000000082000000, 0x0000000082100000, 0x0000000082100000|100%| O|  |TAMS 0x0000000082100000, 0x0000000082000000| Untracked 
|  33|0x0000000082100000, 0x0000000082200000, 0x0000000082200000|100%| O|  |TAMS 0x0000000082200000, 0x0000000082100000| Untracked 
|  34|0x0000000082200000, 0x0000000082300000, 0x0000000082300000|100%| O|  |TAMS 0x0000000082300000, 0x0000000082200000| Untracked 
|  35|0x0000000082300000, 0x0000000082400000, 0x0000000082400000|100%| O|  |TAMS 0x0000000082400000, 0x0000000082300000| Untracked 
|  36|0x0000000082400000, 0x0000000082500000, 0x0000000082500000|100%| O|  |TAMS 0x0000000082500000, 0x0000000082400000| Untracked 
|  37|0x0000000082500000, 0x0000000082600000, 0x0000000082600000|100%| O|  |TAMS 0x0000000082600000, 0x0000000082500000| Untracked 
|  38|0x0000000082600000, 0x0000000082700000, 0x0000000082700000|100%| O|  |TAMS 0x0000000082700000, 0x0000000082600000| Untracked 
|  39|0x0000000082700000, 0x0000000082800000, 0x0000000082800000|100%| O|  |TAMS 0x0000000082800000, 0x0000000082700000| Untracked 
|  40|0x0000000082800000, 0x0000000082900000, 0x0000000082900000|100%| O|  |TAMS 0x0000000082900000, 0x0000000082800000| Untracked 
|  41|0x0000000082900000, 0x0000000082a00000, 0x0000000082a00000|100%| O|  |TAMS 0x0000000082a00000, 0x0000000082900000| Untracked 
|  42|0x0000000082a00000, 0x0000000082b00000, 0x0000000082b00000|100%| O|  |TAMS 0x0000000082b00000, 0x0000000082a00000| Untracked 
|  43|0x0000000082b00000, 0x0000000082c00000, 0x0000000082c00000|100%| O|  |TAMS 0x0000000082c00000, 0x0000000082b00000| Untracked 
|  44|0x0000000082c00000, 0x0000000082d00000, 0x0000000082d00000|100%| O|  |TAMS 0x0000000082d00000, 0x0000000082c00000| Untracked 
|  45|0x0000000082d00000, 0x0000000082e00000, 0x0000000082e00000|100%| O|  |TAMS 0x0000000082e00000, 0x0000000082d00000| Untracked 
|  46|0x0000000082e00000, 0x0000000082f00000, 0x0000000082f00000|100%| O|  |TAMS 0x0000000082f00000, 0x0000000082e00000| Untracked 
|  47|0x0000000082f00000, 0x0000000083000000, 0x0000000083000000|100%| O|  |TAMS 0x0000000082f00000, 0x0000000082f00000| Untracked 
|  48|0x0000000083000000, 0x0000000083100000, 0x0000000083100000|100%| O|  |TAMS 0x0000000083100000, 0x0000000083000000| Untracked 
|  49|0x0000000083100000, 0x0000000083200000, 0x0000000083200000|100%| O|  |TAMS 0x0000000083200000, 0x0000000083100000| Untracked 
|  50|0x0000000083200000, 0x0000000083300000, 0x0000000083300000|100%| O|  |TAMS 0x0000000083300000, 0x0000000083200000| Untracked 
|  51|0x0000000083300000, 0x0000000083400000, 0x0000000083400000|100%|HS|  |TAMS 0x0000000083400000, 0x0000000083300000| Complete 
|  52|0x0000000083400000, 0x0000000083500000, 0x0000000083500000|100%|HC|  |TAMS 0x0000000083500000, 0x0000000083400000| Complete 
|  53|0x0000000083500000, 0x0000000083600000, 0x0000000083600000|100%|HS|  |TAMS 0x0000000083600000, 0x0000000083500000| Complete 
|  54|0x0000000083600000, 0x0000000083700000, 0x0000000083700000|100%|HC|  |TAMS 0x0000000083700000, 0x0000000083600000| Complete 
|  55|0x0000000083700000, 0x0000000083800000, 0x0000000083800000|100%|HC|  |TAMS 0x0000000083800000, 0x0000000083700000| Complete 
|  56|0x0000000083800000, 0x0000000083900000, 0x0000000083900000|100%|HS|  |TAMS 0x0000000083900000, 0x0000000083800000| Complete 
|  57|0x0000000083900000, 0x0000000083a00000, 0x0000000083a00000|100%|HC|  |TAMS 0x0000000083a00000, 0x0000000083900000| Complete 
|  58|0x0000000083a00000, 0x0000000083b00000, 0x0000000083b00000|100%| O|  |TAMS 0x0000000083a00000, 0x0000000083a00000| Untracked 
|  59|0x0000000083b00000, 0x0000000083c00000, 0x0000000083c00000|100%| O|  |TAMS 0x0000000083c00000, 0x0000000083b00000| Untracked 
|  60|0x0000000083c00000, 0x0000000083d00000, 0x0000000083d00000|100%| O|  |TAMS 0x0000000083d00000, 0x0000000083c00000| Untracked 
|  61|0x0000000083d00000, 0x0000000083e00000, 0x0000000083e00000|100%| O|  |TAMS 0x0000000083e00000, 0x0000000083d00000| Untracked 
|  62|0x0000000083e00000, 0x0000000083f00000, 0x0000000083f00000|100%| O|  |TAMS 0x0000000083e00000, 0x0000000083e00000| Untracked 
|  63|0x0000000083f00000, 0x0000000084000000, 0x0000000084000000|100%|HS|  |TAMS 0x0000000084000000, 0x0000000083f00000| Complete 
|  64|0x0000000084000000, 0x0000000084100000, 0x0000000084100000|100%|HC|  |TAMS 0x0000000084100000, 0x0000000084000000| Complete 
|  65|0x0000000084100000, 0x0000000084200000, 0x0000000084200000|100%|HC|  |TAMS 0x0000000084200000, 0x0000000084100000| Complete 
|  66|0x0000000084200000, 0x0000000084300000, 0x0000000084300000|100%| O|  |TAMS 0x0000000084300000, 0x0000000084200000| Untracked 
|  67|0x0000000084300000, 0x0000000084400000, 0x0000000084400000|100%| O|  |TAMS 0x0000000084400000, 0x0000000084300000| Untracked 
|  68|0x0000000084400000, 0x0000000084500000, 0x0000000084500000|100%| O|  |TAMS 0x0000000084500000, 0x0000000084400000| Untracked 
|  69|0x0000000084500000, 0x0000000084600000, 0x0000000084600000|100%| O|  |TAMS 0x0000000084600000, 0x0000000084500000| Untracked 
|  70|0x0000000084600000, 0x0000000084700000, 0x0000000084700000|100%| O|  |TAMS 0x0000000084700000, 0x0000000084600000| Untracked 
|  71|0x0000000084700000, 0x0000000084800000, 0x0000000084800000|100%| O|  |TAMS 0x0000000084800000, 0x0000000084700000| Untracked 
|  72|0x0000000084800000, 0x0000000084900000, 0x0000000084900000|100%| O|  |TAMS 0x0000000084900000, 0x0000000084800000| Untracked 
|  73|0x0000000084900000, 0x0000000084a00000, 0x0000000084a00000|100%| O|  |TAMS 0x0000000084a00000, 0x0000000084900000| Untracked 
|  74|0x0000000084a00000, 0x0000000084b00000, 0x0000000084b00000|100%| O|  |TAMS 0x0000000084b00000, 0x0000000084a00000| Untracked 
|  75|0x0000000084b00000, 0x0000000084c00000, 0x0000000084c00000|100%| O|  |TAMS 0x0000000084c00000, 0x0000000084b00000| Untracked 
|  76|0x0000000084c00000, 0x0000000084d00000, 0x0000000084d00000|100%| O|  |TAMS 0x0000000084d00000, 0x0000000084c00000| Untracked 
|  77|0x0000000084d00000, 0x0000000084e00000, 0x0000000084e00000|100%| O|  |TAMS 0x0000000084e00000, 0x0000000084d00000| Untracked 
|  78|0x0000000084e00000, 0x0000000084f00000, 0x0000000084f00000|100%| O|  |TAMS 0x0000000084f00000, 0x0000000084e00000| Untracked 
|  79|0x0000000084f00000, 0x0000000085000000, 0x0000000085000000|100%| O|  |TAMS 0x0000000085000000, 0x0000000084f00000| Untracked 
|  80|0x0000000085000000, 0x0000000085100000, 0x0000000085100000|100%| O|  |TAMS 0x0000000085100000, 0x0000000085000000| Untracked 
|  81|0x0000000085100000, 0x0000000085200000, 0x0000000085200000|100%| O|  |TAMS 0x0000000085200000, 0x0000000085100000| Untracked 
|  82|0x0000000085200000, 0x0000000085300000, 0x0000000085300000|100%| O|  |TAMS 0x0000000085300000, 0x0000000085200000| Untracked 
|  83|0x0000000085300000, 0x0000000085400000, 0x0000000085400000|100%| O|  |TAMS 0x0000000085400000, 0x0000000085300000| Untracked 
|  84|0x0000000085400000, 0x0000000085500000, 0x0000000085500000|100%| O|  |TAMS 0x0000000085500000, 0x0000000085400000| Untracked 
|  85|0x0000000085500000, 0x0000000085600000, 0x0000000085600000|100%| O|  |TAMS 0x0000000085600000, 0x0000000085500000| Untracked 
|  86|0x0000000085600000, 0x0000000085700000, 0x0000000085700000|100%| O|  |TAMS 0x0000000085700000, 0x0000000085600000| Untracked 
|  87|0x0000000085700000, 0x0000000085800000, 0x0000000085800000|100%|HS|  |TAMS 0x0000000085800000, 0x0000000085700000| Complete 
|  88|0x0000000085800000, 0x0000000085900000, 0x0000000085900000|100%|HS|  |TAMS 0x0000000085900000, 0x0000000085800000| Complete 
|  89|0x0000000085900000, 0x0000000085a00000, 0x0000000085a00000|100%|HS|  |TAMS 0x0000000085a00000, 0x0000000085900000| Complete 
|  90|0x0000000085a00000, 0x0000000085b00000, 0x0000000085b00000|100%|HS|  |TAMS 0x0000000085b00000, 0x0000000085a00000| Complete 
|  91|0x0000000085b00000, 0x0000000085c00000, 0x0000000085c00000|100%|HS|  |TAMS 0x0000000085c00000, 0x0000000085b00000| Complete 
|  92|0x0000000085c00000, 0x0000000085d00000, 0x0000000085d00000|100%|HS|  |TAMS 0x0000000085d00000, 0x0000000085c00000| Complete 
|  93|0x0000000085d00000, 0x0000000085e00000, 0x0000000085e00000|100%| O|  |TAMS 0x0000000085e00000, 0x0000000085d00000| Untracked 
|  94|0x0000000085e00000, 0x0000000085f00000, 0x0000000085f00000|100%| O|  |TAMS 0x0000000085f00000, 0x0000000085e00000| Untracked 
|  95|0x0000000085f00000, 0x0000000086000000, 0x0000000086000000|100%| O|  |TAMS 0x0000000086000000, 0x0000000085f00000| Untracked 
|  96|0x0000000086000000, 0x0000000086100000, 0x0000000086100000|100%| O|  |TAMS 0x0000000086100000, 0x0000000086000000| Untracked 
|  97|0x0000000086100000, 0x0000000086200000, 0x0000000086200000|100%| O|  |TAMS 0x0000000086200000, 0x0000000086100000| Untracked 
|  98|0x0000000086200000, 0x0000000086300000, 0x0000000086300000|100%| O|  |TAMS 0x0000000086300000, 0x0000000086200000| Untracked 
|  99|0x0000000086300000, 0x0000000086400000, 0x0000000086400000|100%| O|  |TAMS 0x0000000086400000, 0x0000000086300000| Untracked 
| 100|0x0000000086400000, 0x0000000086500000, 0x0000000086500000|100%| O|  |TAMS 0x0000000086500000, 0x0000000086400000| Untracked 
| 101|0x0000000086500000, 0x0000000086600000, 0x0000000086600000|100%| O|  |TAMS 0x0000000086600000, 0x0000000086500000| Untracked 
| 102|0x0000000086600000, 0x0000000086700000, 0x0000000086700000|100%| O|  |TAMS 0x0000000086700000, 0x0000000086600000| Untracked 
| 103|0x0000000086700000, 0x0000000086800000, 0x0000000086800000|100%| O|  |TAMS 0x0000000086800000, 0x0000000086700000| Untracked 
| 104|0x0000000086800000, 0x0000000086900000, 0x0000000086900000|100%| O|  |TAMS 0x0000000086900000, 0x0000000086800000| Untracked 
| 105|0x0000000086900000, 0x0000000086a00000, 0x0000000086a00000|100%| O|  |TAMS 0x0000000086a00000, 0x0000000086900000| Untracked 
| 106|0x0000000086a00000, 0x0000000086b00000, 0x0000000086b00000|100%| O|  |TAMS 0x0000000086b00000, 0x0000000086a00000| Untracked 
| 107|0x0000000086b00000, 0x0000000086c00000, 0x0000000086c00000|100%|HS|  |TAMS 0x0000000086c00000, 0x0000000086b00000| Complete 
| 108|0x0000000086c00000, 0x0000000086d00000, 0x0000000086d00000|100%| O|  |TAMS 0x0000000086d00000, 0x0000000086c00000| Untracked 
| 109|0x0000000086d00000, 0x0000000086e00000, 0x0000000086e00000|100%|HS|  |TAMS 0x0000000086e00000, 0x0000000086d00000| Complete 
| 110|0x0000000086e00000, 0x0000000086f00000, 0x0000000086f00000|100%|HC|  |TAMS 0x0000000086f00000, 0x0000000086e00000| Complete 
| 111|0x0000000086f00000, 0x0000000087000000, 0x0000000087000000|100%| O|  |TAMS 0x0000000087000000, 0x0000000086f00000| Untracked 
| 112|0x0000000087000000, 0x0000000087100000, 0x0000000087100000|100%| O|  |TAMS 0x0000000087100000, 0x0000000087000000| Untracked 
| 113|0x0000000087100000, 0x0000000087200000, 0x0000000087200000|100%| O|  |TAMS 0x0000000087200000, 0x0000000087100000| Untracked 
| 114|0x0000000087200000, 0x0000000087300000, 0x0000000087300000|100%| O|  |TAMS 0x0000000087300000, 0x0000000087200000| Untracked 
| 115|0x0000000087300000, 0x0000000087400000, 0x0000000087400000|100%| O|  |TAMS 0x0000000087400000, 0x0000000087300000| Untracked 
| 116|0x0000000087400000, 0x0000000087500000, 0x0000000087500000|100%| O|  |TAMS 0x0000000087500000, 0x0000000087400000| Untracked 
| 117|0x0000000087500000, 0x0000000087600000, 0x0000000087600000|100%| O|  |TAMS 0x0000000087600000, 0x0000000087500000| Untracked 
| 118|0x0000000087600000, 0x0000000087700000, 0x0000000087700000|100%| O|  |TAMS 0x000000008766e400, 0x0000000087600000| Untracked 
| 119|0x0000000087700000, 0x0000000087800000, 0x0000000087800000|100%| O|  |TAMS 0x0000000087700000, 0x0000000087700000| Untracked 
| 120|0x0000000087800000, 0x0000000087900000, 0x0000000087900000|100%| O|  |TAMS 0x0000000087800000, 0x0000000087800000| Untracked 
| 121|0x0000000087900000, 0x0000000087a00000, 0x0000000087a00000|100%| O|  |TAMS 0x0000000087900000, 0x0000000087900000| Untracked 
| 122|0x0000000087a00000, 0x0000000087b00000, 0x0000000087b00000|100%| O|  |TAMS 0x0000000087a00000, 0x0000000087a00000| Untracked 
| 123|0x0000000087b00000, 0x0000000087c00000, 0x0000000087c00000|100%| O|  |TAMS 0x0000000087b00000, 0x0000000087b00000| Untracked 
| 124|0x0000000087c00000, 0x0000000087d00000, 0x0000000087d00000|100%| O|  |TAMS 0x0000000087c00000, 0x0000000087c00000| Untracked 
| 125|0x0000000087d00000, 0x0000000087e00000, 0x0000000087e00000|100%| O|  |TAMS 0x0000000087d00000, 0x0000000087d00000| Untracked 
| 126|0x0000000087e00000, 0x0000000087f00000, 0x0000000087f00000|100%| O|  |TAMS 0x0000000087e00000, 0x0000000087e00000| Untracked 
| 127|0x0000000087f00000, 0x0000000088000000, 0x0000000088000000|100%| O|  |TAMS 0x0000000087f00000, 0x0000000087f00000| Untracked 
| 128|0x0000000088000000, 0x0000000088100000, 0x0000000088100000|100%| O|  |TAMS 0x0000000088000000, 0x0000000088000000| Untracked 
| 129|0x0000000088100000, 0x0000000088200000, 0x0000000088200000|100%| O|  |TAMS 0x0000000088100000, 0x0000000088100000| Untracked 
| 130|0x0000000088200000, 0x0000000088300000, 0x0000000088300000|100%| O|  |TAMS 0x0000000088200000, 0x0000000088200000| Untracked 
| 131|0x0000000088300000, 0x0000000088400000, 0x0000000088400000|100%|HS|  |TAMS 0x0000000088300000, 0x0000000088300000| Complete 
| 132|0x0000000088400000, 0x0000000088500000, 0x0000000088500000|100%|HS|  |TAMS 0x0000000088400000, 0x0000000088400000| Complete 
| 133|0x0000000088500000, 0x0000000088600000, 0x0000000088600000|100%|HS|  |TAMS 0x0000000088500000, 0x0000000088500000| Complete 
| 134|0x0000000088600000, 0x0000000088700000, 0x0000000088700000|100%|HC|  |TAMS 0x0000000088600000, 0x0000000088600000| Complete 
| 135|0x0000000088700000, 0x0000000088800000, 0x0000000088800000|100%| O|  |TAMS 0x0000000088700000, 0x0000000088700000| Untracked 
| 136|0x0000000088800000, 0x0000000088900000, 0x0000000088900000|100%| O|  |TAMS 0x0000000088800000, 0x0000000088800000| Untracked 
| 137|0x0000000088900000, 0x0000000088a00000, 0x0000000088a00000|100%| O|  |TAMS 0x0000000088900000, 0x0000000088900000| Untracked 
| 138|0x0000000088a00000, 0x0000000088b00000, 0x0000000088b00000|100%| O|  |TAMS 0x0000000088a00000, 0x0000000088a00000| Untracked 
| 139|0x0000000088b00000, 0x0000000088c00000, 0x0000000088c00000|100%| O|  |TAMS 0x0000000088b00000, 0x0000000088b00000| Untracked 
| 140|0x0000000088c00000, 0x0000000088d00000, 0x0000000088d00000|100%| O|  |TAMS 0x0000000088c00000, 0x0000000088c00000| Untracked 
| 141|0x0000000088d00000, 0x0000000088e00000, 0x0000000088e00000|100%| O|  |TAMS 0x0000000088d00000, 0x0000000088d00000| Untracked 
| 142|0x0000000088e00000, 0x0000000088f00000, 0x0000000088f00000|100%| O|  |TAMS 0x0000000088e00000, 0x0000000088e00000| Untracked 
| 143|0x0000000088f00000, 0x0000000089000000, 0x0000000089000000|100%| O|  |TAMS 0x0000000088f00000, 0x0000000088f00000| Untracked 
| 144|0x0000000089000000, 0x0000000089100000, 0x0000000089100000|100%| O|  |TAMS 0x0000000089000000, 0x0000000089000000| Untracked 
| 145|0x0000000089100000, 0x0000000089200000, 0x0000000089200000|100%| O|  |TAMS 0x0000000089100000, 0x0000000089100000| Untracked 
| 146|0x0000000089200000, 0x0000000089300000, 0x0000000089300000|100%| O|  |TAMS 0x0000000089200000, 0x0000000089200000| Untracked 
| 147|0x0000000089300000, 0x0000000089400000, 0x0000000089400000|100%| O|  |TAMS 0x0000000089300000, 0x0000000089300000| Untracked 
| 148|0x0000000089400000, 0x0000000089500000, 0x0000000089500000|100%| O|  |TAMS 0x0000000089400000, 0x0000000089400000| Untracked 
| 149|0x0000000089500000, 0x0000000089600000, 0x0000000089600000|100%|HS|  |TAMS 0x0000000089500000, 0x0000000089500000| Complete 
| 150|0x0000000089600000, 0x0000000089700000, 0x0000000089700000|100%| O|  |TAMS 0x0000000089600000, 0x0000000089600000| Untracked 
| 151|0x0000000089700000, 0x0000000089800000, 0x0000000089800000|100%| O|  |TAMS 0x0000000089700000, 0x0000000089700000| Untracked 
| 152|0x0000000089800000, 0x0000000089900000, 0x0000000089900000|100%| O|  |TAMS 0x0000000089800000, 0x0000000089800000| Untracked 
| 153|0x0000000089900000, 0x0000000089a00000, 0x0000000089a00000|100%| O|  |TAMS 0x0000000089900000, 0x0000000089900000| Untracked 
| 154|0x0000000089a00000, 0x0000000089b00000, 0x0000000089b00000|100%| O|  |TAMS 0x0000000089a00000, 0x0000000089a00000| Untracked 
| 155|0x0000000089b00000, 0x0000000089c00000, 0x0000000089c00000|100%| O|  |TAMS 0x0000000089b00000, 0x0000000089b00000| Untracked 
| 156|0x0000000089c00000, 0x0000000089d00000, 0x0000000089d00000|100%| O|  |TAMS 0x0000000089c00000, 0x0000000089c00000| Untracked 
| 157|0x0000000089d00000, 0x0000000089e00000, 0x0000000089e00000|100%| O|  |TAMS 0x0000000089d00000, 0x0000000089d00000| Untracked 
| 158|0x0000000089e00000, 0x0000000089f00000, 0x0000000089f00000|100%| O|  |TAMS 0x0000000089e00000, 0x0000000089e00000| Untracked 
| 159|0x0000000089f00000, 0x000000008a000000, 0x000000008a000000|100%| O|  |TAMS 0x0000000089f00000, 0x0000000089f00000| Untracked 
| 160|0x000000008a000000, 0x000000008a100000, 0x000000008a100000|100%| O|  |TAMS 0x000000008a000000, 0x000000008a000000| Untracked 
| 161|0x000000008a100000, 0x000000008a200000, 0x000000008a200000|100%| O|  |TAMS 0x000000008a100000, 0x000000008a100000| Untracked 
| 162|0x000000008a200000, 0x000000008a300000, 0x000000008a300000|100%| O|  |TAMS 0x000000008a200000, 0x000000008a200000| Untracked 
| 163|0x000000008a300000, 0x000000008a400000, 0x000000008a400000|100%| O|  |TAMS 0x000000008a300000, 0x000000008a300000| Untracked 
| 164|0x000000008a400000, 0x000000008a500000, 0x000000008a500000|100%| O|  |TAMS 0x000000008a400000, 0x000000008a400000| Untracked 
| 165|0x000000008a500000, 0x000000008a600000, 0x000000008a600000|100%| O|  |TAMS 0x000000008a500000, 0x000000008a500000| Untracked 
| 166|0x000000008a600000, 0x000000008a700000, 0x000000008a700000|100%| O|  |TAMS 0x000000008a600000, 0x000000008a600000| Untracked 
| 167|0x000000008a700000, 0x000000008a800000, 0x000000008a800000|100%| O|  |TAMS 0x000000008a700000, 0x000000008a700000| Untracked 
| 168|0x000000008a800000, 0x000000008a900000, 0x000000008a900000|100%| O|  |TAMS 0x000000008a800000, 0x000000008a800000| Untracked 
| 169|0x000000008a900000, 0x000000008aa00000, 0x000000008aa00000|100%| O|  |TAMS 0x000000008a900000, 0x000000008a900000| Untracked 
| 170|0x000000008aa00000, 0x000000008ab00000, 0x000000008ab00000|100%| O|  |TAMS 0x000000008aa00000, 0x000000008aa00000| Untracked 
| 171|0x000000008ab00000, 0x000000008ac00000, 0x000000008ac00000|100%| O|  |TAMS 0x000000008ab00000, 0x000000008ab00000| Untracked 
| 172|0x000000008ac00000, 0x000000008ad00000, 0x000000008ad00000|100%| O|  |TAMS 0x000000008ac00000, 0x000000008ac00000| Untracked 
| 173|0x000000008ad00000, 0x000000008ae00000, 0x000000008ae00000|100%| O|  |TAMS 0x000000008ad00000, 0x000000008ad00000| Untracked 
| 174|0x000000008ae00000, 0x000000008af00000, 0x000000008af00000|100%| O|  |TAMS 0x000000008ae00000, 0x000000008ae00000| Untracked 
| 175|0x000000008af00000, 0x000000008b000000, 0x000000008b000000|100%| O|  |TAMS 0x000000008af00000, 0x000000008af00000| Untracked 
| 176|0x000000008b000000, 0x000000008b100000, 0x000000008b100000|100%| O|  |TAMS 0x000000008b000000, 0x000000008b000000| Untracked 
| 177|0x000000008b100000, 0x000000008b200000, 0x000000008b200000|100%| O|  |TAMS 0x000000008b100000, 0x000000008b100000| Untracked 
| 178|0x000000008b200000, 0x000000008b300000, 0x000000008b300000|100%| O|  |TAMS 0x000000008b200000, 0x000000008b200000| Untracked 
| 179|0x000000008b300000, 0x000000008b400000, 0x000000008b400000|100%| O|  |TAMS 0x000000008b300000, 0x000000008b300000| Untracked 
| 180|0x000000008b400000, 0x000000008b500000, 0x000000008b500000|100%| O|  |TAMS 0x000000008b400000, 0x000000008b400000| Untracked 
| 181|0x000000008b500000, 0x000000008b600000, 0x000000008b600000|100%| O|  |TAMS 0x000000008b500000, 0x000000008b500000| Untracked 
| 182|0x000000008b600000, 0x000000008b700000, 0x000000008b700000|100%| O|  |TAMS 0x000000008b600000, 0x000000008b600000| Untracked 
| 183|0x000000008b700000, 0x000000008b800000, 0x000000008b800000|100%| O|  |TAMS 0x000000008b700000, 0x000000008b700000| Untracked 
| 184|0x000000008b800000, 0x000000008b900000, 0x000000008b900000|100%|HS|  |TAMS 0x000000008b800000, 0x000000008b800000| Complete 
| 185|0x000000008b900000, 0x000000008ba00000, 0x000000008ba00000|100%|HS|  |TAMS 0x000000008b900000, 0x000000008b900000| Complete 
| 186|0x000000008ba00000, 0x000000008bb00000, 0x000000008bb00000|100%| O|  |TAMS 0x000000008ba00000, 0x000000008ba00000| Untracked 
| 187|0x000000008bb00000, 0x000000008bc00000, 0x000000008bc00000|100%| O|  |TAMS 0x000000008bb00000, 0x000000008bb00000| Untracked 
| 188|0x000000008bc00000, 0x000000008bd00000, 0x000000008bd00000|100%| O|  |TAMS 0x000000008bc00000, 0x000000008bc00000| Untracked 
| 189|0x000000008bd00000, 0x000000008be00000, 0x000000008be00000|100%| O|  |TAMS 0x000000008bd00000, 0x000000008bd00000| Untracked 
| 190|0x000000008be00000, 0x000000008bf00000, 0x000000008bf00000|100%| O|  |TAMS 0x000000008be00000, 0x000000008be00000| Untracked 
| 191|0x000000008bf00000, 0x000000008c000000, 0x000000008c000000|100%| O|  |TAMS 0x000000008bf00000, 0x000000008bf00000| Untracked 
| 192|0x000000008c000000, 0x000000008c100000, 0x000000008c100000|100%| O|  |TAMS 0x000000008c000000, 0x000000008c000000| Untracked 
| 193|0x000000008c100000, 0x000000008c200000, 0x000000008c200000|100%| O|  |TAMS 0x000000008c100000, 0x000000008c100000| Untracked 
| 194|0x000000008c200000, 0x000000008c300000, 0x000000008c300000|100%| O|  |TAMS 0x000000008c200000, 0x000000008c200000| Untracked 
| 195|0x000000008c300000, 0x000000008c400000, 0x000000008c400000|100%| O|  |TAMS 0x000000008c300000, 0x000000008c300000| Untracked 
| 196|0x000000008c400000, 0x000000008c500000, 0x000000008c500000|100%| O|  |TAMS 0x000000008c400000, 0x000000008c400000| Untracked 
| 197|0x000000008c500000, 0x000000008c600000, 0x000000008c600000|100%| O|  |TAMS 0x000000008c500000, 0x000000008c500000| Untracked 
| 198|0x000000008c600000, 0x000000008c700000, 0x000000008c700000|100%| O|  |TAMS 0x000000008c600000, 0x000000008c600000| Untracked 
| 199|0x000000008c700000, 0x000000008c800000, 0x000000008c800000|100%| O|  |TAMS 0x000000008c700000, 0x000000008c700000| Untracked 
| 200|0x000000008c800000, 0x000000008c8c1600, 0x000000008c900000| 75%| O|  |TAMS 0x000000008c800000, 0x000000008c800000| Untracked 
| 201|0x000000008c900000, 0x000000008c900000, 0x000000008ca00000|  0%| F|  |TAMS 0x000000008c900000, 0x000000008c900000| Untracked 
| 202|0x000000008ca00000, 0x000000008ca00000, 0x000000008cb00000|  0%| F|  |TAMS 0x000000008ca00000, 0x000000008ca00000| Untracked 
| 203|0x000000008cb00000, 0x000000008cb00000, 0x000000008cc00000|  0%| F|  |TAMS 0x000000008cb00000, 0x000000008cb00000| Untracked 
| 204|0x000000008cc00000, 0x000000008cc00000, 0x000000008cd00000|  0%| F|  |TAMS 0x000000008cc00000, 0x000000008cc00000| Untracked 
| 205|0x000000008cd00000, 0x000000008cd00000, 0x000000008ce00000|  0%| F|  |TAMS 0x000000008cd00000, 0x000000008cd00000| Untracked 
| 206|0x000000008ce00000, 0x000000008ce00000, 0x000000008cf00000|  0%| F|  |TAMS 0x000000008ce00000, 0x000000008ce00000| Untracked 
| 207|0x000000008cf00000, 0x000000008cf00000, 0x000000008d000000|  0%| F|  |TAMS 0x000000008cf00000, 0x000000008cf00000| Untracked 
| 208|0x000000008d000000, 0x000000008d000000, 0x000000008d100000|  0%| F|  |TAMS 0x000000008d000000, 0x000000008d000000| Untracked 
| 209|0x000000008d100000, 0x000000008d100000, 0x000000008d200000|  0%| F|  |TAMS 0x000000008d100000, 0x000000008d100000| Untracked 
| 210|0x000000008d200000, 0x000000008d200000, 0x000000008d300000|  0%| F|  |TAMS 0x000000008d200000, 0x000000008d200000| Untracked 
| 211|0x000000008d300000, 0x000000008d300000, 0x000000008d400000|  0%| F|  |TAMS 0x000000008d300000, 0x000000008d300000| Untracked 
| 212|0x000000008d400000, 0x000000008d400000, 0x000000008d500000|  0%| F|  |TAMS 0x000000008d400000, 0x000000008d400000| Untracked 
| 213|0x000000008d500000, 0x000000008d500000, 0x000000008d600000|  0%| F|  |TAMS 0x000000008d500000, 0x000000008d500000| Untracked 
| 214|0x000000008d600000, 0x000000008d600000, 0x000000008d700000|  0%| F|  |TAMS 0x000000008d600000, 0x000000008d600000| Untracked 
| 215|0x000000008d700000, 0x000000008d700000, 0x000000008d800000|  0%| F|  |TAMS 0x000000008d700000, 0x000000008d700000| Untracked 
| 216|0x000000008d800000, 0x000000008d800000, 0x000000008d900000|  0%| F|  |TAMS 0x000000008d800000, 0x000000008d800000| Untracked 
| 217|0x000000008d900000, 0x000000008d900000, 0x000000008da00000|  0%| F|  |TAMS 0x000000008d900000, 0x000000008d900000| Untracked 
| 218|0x000000008da00000, 0x000000008da00000, 0x000000008db00000|  0%| F|  |TAMS 0x000000008da00000, 0x000000008da00000| Untracked 
| 219|0x000000008db00000, 0x000000008db00000, 0x000000008dc00000|  0%| F|  |TAMS 0x000000008db00000, 0x000000008db00000| Untracked 
| 220|0x000000008dc00000, 0x000000008dc00000, 0x000000008dd00000|  0%| F|  |TAMS 0x000000008dc00000, 0x000000008dc00000| Untracked 
| 221|0x000000008dd00000, 0x000000008dd00000, 0x000000008de00000|  0%| F|  |TAMS 0x000000008dd00000, 0x000000008dd00000| Untracked 
| 222|0x000000008de00000, 0x000000008de00000, 0x000000008df00000|  0%| F|  |TAMS 0x000000008de00000, 0x000000008de00000| Untracked 
| 223|0x000000008df00000, 0x000000008df00000, 0x000000008e000000|  0%| F|  |TAMS 0x000000008df00000, 0x000000008df00000| Untracked 
| 224|0x000000008e000000, 0x000000008e000000, 0x000000008e100000|  0%| F|  |TAMS 0x000000008e000000, 0x000000008e000000| Untracked 
| 225|0x000000008e100000, 0x000000008e100000, 0x000000008e200000|  0%| F|  |TAMS 0x000000008e100000, 0x000000008e100000| Untracked 
| 226|0x000000008e200000, 0x000000008e200000, 0x000000008e300000|  0%| F|  |TAMS 0x000000008e200000, 0x000000008e200000| Untracked 
| 227|0x000000008e300000, 0x000000008e300000, 0x000000008e400000|  0%| F|  |TAMS 0x000000008e300000, 0x000000008e300000| Untracked 
| 228|0x000000008e400000, 0x000000008e400000, 0x000000008e500000|  0%| F|  |TAMS 0x000000008e400000, 0x000000008e400000| Untracked 
| 229|0x000000008e500000, 0x000000008e500000, 0x000000008e600000|  0%| F|  |TAMS 0x000000008e500000, 0x000000008e500000| Untracked 
| 230|0x000000008e600000, 0x000000008e600000, 0x000000008e700000|  0%| F|  |TAMS 0x000000008e600000, 0x000000008e600000| Untracked 
| 231|0x000000008e700000, 0x000000008e773060, 0x000000008e800000| 44%| S|CS|TAMS 0x000000008e700000, 0x000000008e700000| Complete 
| 232|0x000000008e800000, 0x000000008e900000, 0x000000008e900000|100%| S|CS|TAMS 0x000000008e800000, 0x000000008e800000| Complete 
| 233|0x000000008e900000, 0x000000008ea00000, 0x000000008ea00000|100%| S|CS|TAMS 0x000000008e900000, 0x000000008e900000| Complete 
| 234|0x000000008ea00000, 0x000000008ea00000, 0x000000008eb00000|  0%| F|  |TAMS 0x000000008ea00000, 0x000000008ea00000| Untracked 
| 235|0x000000008eb00000, 0x000000008eb00000, 0x000000008ec00000|  0%| F|  |TAMS 0x000000008eb00000, 0x000000008eb00000| Untracked 
| 236|0x000000008ec00000, 0x000000008ec00000, 0x000000008ed00000|  0%| F|  |TAMS 0x000000008ec00000, 0x000000008ec00000| Untracked 
| 237|0x000000008ed00000, 0x000000008ed00000, 0x000000008ee00000|  0%| F|  |TAMS 0x000000008ed00000, 0x000000008ed00000| Untracked 
| 238|0x000000008ee00000, 0x000000008ee00000, 0x000000008ef00000|  0%| F|  |TAMS 0x000000008ee00000, 0x000000008ee00000| Untracked 
| 239|0x000000008ef00000, 0x000000008ef00000, 0x000000008f000000|  0%| F|  |TAMS 0x000000008ef00000, 0x000000008ef00000| Untracked 
| 240|0x000000008f000000, 0x000000008f000000, 0x000000008f100000|  0%| F|  |TAMS 0x000000008f000000, 0x000000008f000000| Untracked 
| 241|0x000000008f100000, 0x000000008f100000, 0x000000008f200000|  0%| F|  |TAMS 0x000000008f100000, 0x000000008f100000| Untracked 
| 242|0x000000008f200000, 0x000000008f200000, 0x000000008f300000|  0%| F|  |TAMS 0x000000008f200000, 0x000000008f200000| Untracked 
| 243|0x000000008f300000, 0x000000008f300000, 0x000000008f400000|  0%| F|  |TAMS 0x000000008f300000, 0x000000008f300000| Untracked 
| 244|0x000000008f400000, 0x000000008f400000, 0x000000008f500000|  0%| F|  |TAMS 0x000000008f400000, 0x000000008f400000| Untracked 
| 245|0x000000008f500000, 0x000000008f500000, 0x000000008f600000|  0%| F|  |TAMS 0x000000008f500000, 0x000000008f500000| Untracked 
| 246|0x000000008f600000, 0x000000008f600000, 0x000000008f700000|  0%| F|  |TAMS 0x000000008f600000, 0x000000008f600000| Untracked 
| 247|0x000000008f700000, 0x000000008f700000, 0x000000008f800000|  0%| F|  |TAMS 0x000000008f700000, 0x000000008f700000| Untracked 
| 248|0x000000008f800000, 0x000000008f800000, 0x000000008f900000|  0%| F|  |TAMS 0x000000008f800000, 0x000000008f800000| Untracked 
| 249|0x000000008f900000, 0x000000008f900000, 0x000000008fa00000|  0%| F|  |TAMS 0x000000008f900000, 0x000000008f900000| Untracked 
| 250|0x000000008fa00000, 0x000000008fa00000, 0x000000008fb00000|  0%| F|  |TAMS 0x000000008fa00000, 0x000000008fa00000| Untracked 
| 251|0x000000008fb00000, 0x000000008fb00000, 0x000000008fc00000|  0%| F|  |TAMS 0x000000008fb00000, 0x000000008fb00000| Untracked 
| 252|0x000000008fc00000, 0x000000008fc00000, 0x000000008fd00000|  0%| F|  |TAMS 0x000000008fc00000, 0x000000008fc00000| Untracked 
| 253|0x000000008fd00000, 0x000000008fd00000, 0x000000008fe00000|  0%| F|  |TAMS 0x000000008fd00000, 0x000000008fd00000| Untracked 
| 254|0x000000008fe00000, 0x000000008fe00000, 0x000000008ff00000|  0%| F|  |TAMS 0x000000008fe00000, 0x000000008fe00000| Untracked 
| 255|0x000000008ff00000, 0x000000008ff00000, 0x0000000090000000|  0%| F|  |TAMS 0x000000008ff00000, 0x000000008ff00000| Untracked 
| 256|0x0000000090000000, 0x0000000090000000, 0x0000000090100000|  0%| F|  |TAMS 0x0000000090000000, 0x0000000090000000| Untracked 
| 257|0x0000000090100000, 0x0000000090100000, 0x0000000090200000|  0%| F|  |TAMS 0x0000000090100000, 0x0000000090100000| Untracked 

Card table byte_map: [0x000001a9683e0000,0x000001a9687e0000] _byte_map_base: 0x000001a967fe0000

Marking Bits (Prev, Next): (CMBitMap*) 0x000001a951777a10, (CMBitMap*) 0x000001a9517779d0
 Prev Bits: [0x000001a96abe0000, 0x000001a96cbe0000)
 Next Bits: [0x000001a968be0000, 0x000001a96abe0000)

Polling page: 0x000001a950ef0000

Metaspace:

Usage:
  Non-class:     98.88 MB used.
      Class:     15.74 MB used.
       Both:    114.62 MB used.

Virtual space:
  Non-class space:      128.00 MB reserved,      99.62 MB ( 78%) committed,  2 nodes.
      Class space:      416.00 MB reserved,      16.38 MB (  4%) committed,  1 nodes.
             Both:      544.00 MB reserved,     116.00 MB ( 21%) committed. 

Chunk freelists:
   Non-Class:  12.39 MB
       Class:  15.45 MB
        Both:  27.84 MB

MaxMetaspaceSize: 512.00 MB
CompressedClassSpaceSize: 416.00 MB
Initial GC threshold: 21.00 MB
Current GC threshold: 169.31 MB
CDS: on
MetaspaceReclaimPolicy: balanced
 - commit_granule_bytes: 65536.
 - commit_granule_words: 8192.
 - virtual_space_node_default_size: 8388608.
 - enlarge_chunks_in_place: 1.
 - new_chunks_are_fully_committed: 0.
 - uncommit_free_chunks: 1.
 - use_allocation_guard: 0.
 - handle_deallocations: 1.


Internal statistics:

num_allocs_failed_limit: 6.
num_arena_births: 1810.
num_arena_deaths: 0.
num_vsnodes_births: 3.
num_vsnodes_deaths: 0.
num_space_committed: 1856.
num_space_uncommitted: 0.
num_chunks_returned_to_freelist: 6.
num_chunks_taken_from_freelist: 7179.
num_chunk_merges: 6.
num_chunk_splits: 4534.
num_chunks_enlarged: 2765.
num_inconsistent_stats: 0.

CodeHeap 'non-profiled nmethods': size=120000Kb used=10217Kb max_used=10217Kb free=109782Kb
 bounds [0x000001a960ab0000, 0x000001a9614b0000, 0x000001a967fe0000]
CodeHeap 'profiled nmethods': size=120000Kb used=26462Kb max_used=27665Kb free=93537Kb
 bounds [0x000001a958fe0000, 0x000001a95ab10000, 0x000001a960510000]
CodeHeap 'non-nmethods': size=5760Kb used=2490Kb max_used=2570Kb free=3270Kb
 bounds [0x000001a960510000, 0x000001a9607b0000, 0x000001a960ab0000]
 total_blobs=14704 nmethods=13666 adapters=949
 compilation: enabled
              stopped_count=0, restarted_count=0
 full_count=0

Compilation events (20 events):
Event: 120.606 Thread 0x000001a96f083b40 16949       4       org.gradle.internal.snapshot.SnapshotUtil$2::handleUnrelatedToAnyChild (5 bytes)
Event: 120.607 Thread 0x000001a96f083b40 nmethod 16949 0x000001a9614a7990 code [0x000001a9614a7b00, 0x000001a9614a7b78]
Event: 120.631 Thread 0x000001a96f083b40 16950       4       sun.nio.fs.WindowsFileAttributeViews$Basic::readAttributes (5 bytes)
Event: 120.633 Thread 0x000001a96f083b40 nmethod 16950 0x000001a9614a7c90 code [0x000001a9614a7e20, 0x000001a9614a7f58]
Event: 121.183 Thread 0x000001a96f083b40 16951       4       org.gradle.internal.execution.steps.AssignImmutableWorkspaceStep$$Lambda$467/0x000001a901445af0::apply (12 bytes)
Event: 121.186 Thread 0x000001a96f083b40 nmethod 16951 0x000001a9614a8090 code [0x000001a9614a8220, 0x000001a9614a8418]
Event: 121.186 Thread 0x000001a96f083b40 16952       4       com.google.common.collect.CollectCollectors$$Lambda$463/0x000001a901445218::accept (17 bytes)
Event: 121.189 Thread 0x000001a96f083b40 nmethod 16952 0x000001a9614a8610 code [0x000001a9614a87c0, 0x000001a9614a8988]
Event: 121.189 Thread 0x000001a96f083b40 16953       4       com.google.common.collect.ImmutableMultimap::asMap (5 bytes)
Event: 121.190 Thread 0x000001a96f083b40 nmethod 16953 0x000001a9614a8c10 code [0x000001a9614a8d80, 0x000001a9614a8e18]
Event: 121.198 Thread 0x000001a96f083b40 16954       4       sun.nio.fs.Util::followLinks (66 bytes)
Event: 121.200 Thread 0x000001a96f083b40 nmethod 16954 0x000001a9614a8f10 code [0x000001a9614a90a0, 0x000001a9614a91b8]
Event: 121.223 Thread 0x000001a96f083b40 16955       4       java.io.FileInputStream::read (8 bytes)
Event: 121.223 Thread 0x000001a96f083b40 nmethod 16955 0x000001a9614a9310 code [0x000001a9614a94a0, 0x000001a9614a9548]
Event: 121.353 Thread 0x000001a96f083b40 16956       4       com.google.common.collect.CollectCollectors$$Lambda$224/0x000001a9012519b8::get (4 bytes)
Event: 121.356 Thread 0x000001a96f083b40 nmethod 16956 0x000001a9614a9610 code [0x000001a9614a97a0, 0x000001a9614a9978]
Event: 121.378 Thread 0x000001a96f083b40 16957       4       jdk.internal.misc.Unsafe::copyMemoryChecks (21 bytes)
Event: 121.382 Thread 0x000001a96f083b40 nmethod 16957 0x000001a9614a9a90 code [0x000001a9614a9c20, 0x000001a9614a9e58]
Event: 121.509 Thread 0x000001a96f083b40 16958       4       org.gradle.internal.execution.steps.IdentifyStep$$Lambda$439/0x000001a90143a7c8::apply (20 bytes)
Event: 121.511 Thread 0x000001a96f083b40 nmethod 16958 0x000001a9614aa090 code [0x000001a9614aa220, 0x000001a9614aa348]

GC Heap History (20 events):
Event: 115.667 GC heap after
{Heap after GC invocations=72 (full 0):
 garbage-first heap   total 264192K, used 188773K [0x0000000080000000, 0x0000000100000000)
  region size 1024K, 3 young (3072K), 3 survivors (3072K)
 Metaspace       used 117043K, committed 118400K, reserved 557056K
  class space    used 16081K, committed 16704K, reserved 425984K
}
Event: 116.227 GC heap before
{Heap before GC invocations=72 (full 0):
 garbage-first heap   total 264192K, used 224613K [0x0000000080000000, 0x0000000100000000)
  region size 1024K, 39 young (39936K), 3 survivors (3072K)
 Metaspace       used 117043K, committed 118400K, reserved 557056K
  class space    used 16081K, committed 16704K, reserved 425984K
}
Event: 116.234 GC heap after
{Heap after GC invocations=73 (full 0):
 garbage-first heap   total 264192K, used 190156K [0x0000000080000000, 0x0000000100000000)
  region size 1024K, 4 young (4096K), 4 survivors (4096K)
 Metaspace       used 117043K, committed 118400K, reserved 557056K
  class space    used 16081K, committed 16704K, reserved 425984K
}
Event: 116.674 GC heap before
{Heap before GC invocations=73 (full 0):
 garbage-first heap   total 264192K, used 224972K [0x0000000080000000, 0x0000000100000000)
  region size 1024K, 39 young (39936K), 4 survivors (4096K)
 Metaspace       used 117054K, committed 118464K, reserved 557056K
  class space    used 16082K, committed 16704K, reserved 425984K
}
Event: 116.682 GC heap after
{Heap after GC invocations=74 (full 0):
 garbage-first heap   total 264192K, used 190986K [0x0000000080000000, 0x0000000100000000)
  region size 1024K, 3 young (3072K), 3 survivors (3072K)
 Metaspace       used 117054K, committed 118464K, reserved 557056K
  class space    used 16082K, committed 16704K, reserved 425984K
}
Event: 119.672 GC heap before
{Heap before GC invocations=74 (full 0):
 garbage-first heap   total 264192K, used 228874K [0x0000000080000000, 0x0000000100000000)
  region size 1024K, 38 young (38912K), 3 survivors (3072K)
 Metaspace       used 117358K, committed 118784K, reserved 557056K
  class space    used 16118K, committed 16768K, reserved 425984K
}
Event: 119.683 GC heap after
{Heap after GC invocations=75 (full 0):
 garbage-first heap   total 264192K, used 201334K [0x0000000080000000, 0x0000000100000000)
  region size 1024K, 5 young (5120K), 5 survivors (5120K)
 Metaspace       used 117358K, committed 118784K, reserved 557056K
  class space    used 16118K, committed 16768K, reserved 425984K
}
Event: 120.215 GC heap before
{Heap before GC invocations=75 (full 0):
 garbage-first heap   total 264192K, used 224886K [0x0000000080000000, 0x0000000100000000)
  region size 1024K, 29 young (29696K), 5 survivors (5120K)
 Metaspace       used 117373K, committed 118784K, reserved 557056K
  class space    used 16118K, committed 16768K, reserved 425984K
}
Event: 120.227 GC heap after
{Heap after GC invocations=76 (full 0):
 garbage-first heap   total 264192K, used 205850K [0x0000000080000000, 0x0000000100000000)
  region size 1024K, 4 young (4096K), 4 survivors (4096K)
 Metaspace       used 117373K, committed 118784K, reserved 557056K
  class space    used 16118K, committed 16768K, reserved 425984K
}
Event: 120.469 GC heap before
{Heap before GC invocations=76 (full 0):
 garbage-first heap   total 264192K, used 225306K [0x0000000080000000, 0x0000000100000000)
  region size 1024K, 24 young (24576K), 4 survivors (4096K)
 Metaspace       used 117373K, committed 118784K, reserved 557056K
  class space    used 16118K, committed 16768K, reserved 425984K
}
Event: 120.475 GC heap after
{Heap after GC invocations=77 (full 0):
 garbage-first heap   total 264192K, used 206348K [0x0000000080000000, 0x0000000100000000)
  region size 1024K, 3 young (3072K), 3 survivors (3072K)
 Metaspace       used 117373K, committed 118784K, reserved 557056K
  class space    used 16118K, committed 16768K, reserved 425984K
}
Event: 120.949 GC heap before
{Heap before GC invocations=77 (full 0):
 garbage-first heap   total 264192K, used 226828K [0x0000000080000000, 0x0000000100000000)
  region size 1024K, 24 young (24576K), 3 survivors (3072K)
 Metaspace       used 117373K, committed 118784K, reserved 557056K
  class space    used 16118K, committed 16768K, reserved 425984K
}
Event: 120.953 GC heap after
{Heap after GC invocations=78 (full 0):
 garbage-first heap   total 264192K, used 206789K [0x0000000080000000, 0x0000000100000000)
  region size 1024K, 3 young (3072K), 3 survivors (3072K)
 Metaspace       used 117373K, committed 118784K, reserved 557056K
  class space    used 16118K, committed 16768K, reserved 425984K
}
Event: 121.239 GC heap before
{Heap before GC invocations=78 (full 0):
 garbage-first heap   total 264192K, used 227269K [0x0000000080000000, 0x0000000100000000)
  region size 1024K, 24 young (24576K), 3 survivors (3072K)
 Metaspace       used 117373K, committed 118784K, reserved 557056K
  class space    used 16118K, committed 16768K, reserved 425984K
}
Event: 121.243 GC heap after
{Heap after GC invocations=79 (full 0):
 garbage-first heap   total 264192K, used 207091K [0x0000000080000000, 0x0000000100000000)
  region size 1024K, 3 young (3072K), 3 survivors (3072K)
 Metaspace       used 117373K, committed 118784K, reserved 557056K
  class space    used 16118K, committed 16768K, reserved 425984K
}
Event: 121.390 GC heap before
{Heap before GC invocations=79 (full 0):
 garbage-first heap   total 264192K, used 227571K [0x0000000080000000, 0x0000000100000000)
  region size 1024K, 24 young (24576K), 3 survivors (3072K)
 Metaspace       used 117373K, committed 118784K, reserved 557056K
  class space    used 16118K, committed 16768K, reserved 425984K
}
Event: 121.395 GC heap after
{Heap after GC invocations=80 (full 0):
 garbage-first heap   total 264192K, used 207556K [0x0000000080000000, 0x0000000100000000)
  region size 1024K, 3 young (3072K), 3 survivors (3072K)
 Metaspace       used 117373K, committed 118784K, reserved 557056K
  class space    used 16118K, committed 16768K, reserved 425984K
}
Event: 121.534 GC heap before
{Heap before GC invocations=80 (full 0):
 garbage-first heap   total 264192K, used 227012K [0x0000000080000000, 0x0000000100000000)
  region size 1024K, 23 young (23552K), 3 survivors (3072K)
 Metaspace       used 117373K, committed 118784K, reserved 557056K
  class space    used 16118K, committed 16768K, reserved 425984K
}
Event: 121.539 GC heap after
{Heap after GC invocations=81 (full 0):
 garbage-first heap   total 264192K, used 207768K [0x0000000080000000, 0x0000000100000000)
  region size 1024K, 3 young (3072K), 3 survivors (3072K)
 Metaspace       used 117373K, committed 118784K, reserved 557056K
  class space    used 16118K, committed 16768K, reserved 425984K
}
Event: 121.688 GC heap before
{Heap before GC invocations=81 (full 0):
 garbage-first heap   total 264192K, used 228248K [0x0000000080000000, 0x0000000100000000)
  region size 1024K, 24 young (24576K), 3 survivors (3072K)
 Metaspace       used 117373K, committed 118784K, reserved 557056K
  class space    used 16118K, committed 16768K, reserved 425984K
}

Deoptimization events (20 events):
Event: 111.873 Thread 0x000001a9742d4470 DEOPT PACKING pc=0x000001a9611e26c0 sp=0x000000167f0f6c10
Event: 111.873 Thread 0x000001a9742d4470 DEOPT UNPACKING pc=0x000001a9605623a3 sp=0x000000167f0f6a98 mode 2
Event: 115.626 Thread 0x000001a97555c580 Uncommon trap: trap_request=0xffffffbe fr.pc=0x000001a9612e5068 relative=0x0000000000001bc8
Event: 115.626 Thread 0x000001a97555c580 Uncommon trap: reason=profile_predicate action=maybe_recompile pc=0x000001a9612e5068 method=com.google.common.collect.MapMakerInternalMap$Segment.expand()V @ 59 c2
Event: 115.626 Thread 0x000001a97555c580 DEOPT PACKING pc=0x000001a9612e5068 sp=0x00000016010fcbe0
Event: 115.626 Thread 0x000001a97555c580 DEOPT UNPACKING pc=0x000001a9605623a3 sp=0x00000016010fcb88 mode 2
Event: 115.774 Thread 0x000001a975560240 Uncommon trap: trap_request=0xffffffbe fr.pc=0x000001a9612e5068 relative=0x0000000000001bc8
Event: 115.774 Thread 0x000001a975560240 Uncommon trap: reason=profile_predicate action=maybe_recompile pc=0x000001a9612e5068 method=com.google.common.collect.MapMakerInternalMap$Segment.expand()V @ 59 c2
Event: 115.774 Thread 0x000001a975560240 DEOPT PACKING pc=0x000001a9612e5068 sp=0x00000016013fd030
Event: 115.774 Thread 0x000001a975560240 DEOPT UNPACKING pc=0x000001a9605623a3 sp=0x00000016013fcfd8 mode 2
Event: 115.960 Thread 0x000001a975560240 Uncommon trap: trap_request=0xffffffbe fr.pc=0x000001a9612e5068 relative=0x0000000000001bc8
Event: 115.960 Thread 0x000001a975560240 Uncommon trap: reason=profile_predicate action=maybe_recompile pc=0x000001a9612e5068 method=com.google.common.collect.MapMakerInternalMap$Segment.expand()V @ 59 c2
Event: 115.960 Thread 0x000001a975560240 DEOPT PACKING pc=0x000001a9612e5068 sp=0x00000016013fd030
Event: 115.960 Thread 0x000001a975560240 DEOPT UNPACKING pc=0x000001a9605623a3 sp=0x00000016013fcfd8 mode 2
Event: 116.069 Thread 0x000001a97555c580 Uncommon trap: trap_request=0xffffffbe fr.pc=0x000001a9612e5068 relative=0x0000000000001bc8
Event: 116.069 Thread 0x000001a97555c580 Uncommon trap: reason=profile_predicate action=maybe_recompile pc=0x000001a9612e5068 method=com.google.common.collect.MapMakerInternalMap$Segment.expand()V @ 59 c2
Event: 116.069 Thread 0x000001a97555c580 DEOPT PACKING pc=0x000001a9612e5068 sp=0x00000016010fcc70
Event: 116.069 Thread 0x000001a97555c580 DEOPT UNPACKING pc=0x000001a9605623a3 sp=0x00000016010fcc18 mode 2
Event: 116.687 Thread 0x000001a9742d4470 DEOPT PACKING pc=0x000001a95a5ed463 sp=0x000000167f0f7f10
Event: 116.687 Thread 0x000001a9742d4470 DEOPT UNPACKING pc=0x000001a960562b43 sp=0x000000167f0f7460 mode 0

Classes unloaded (0 events):
No events

Classes redefined (0 events):
No events

Internal exceptions (20 events):
Event: 108.426 Thread 0x000001a9742d4470 Exception <a 'java/lang/ClassNotFoundException'{0x000000008eb92dc0}: build_3up8jp43t37t9tdmqxbblf7zbBeanInfo> (0x000000008eb92dc0) 
thrown [s\open\src\hotspot\share\classfile\systemDictionary.cpp, line 256]
Event: 108.426 Thread 0x000001a9742d4470 Exception <a 'java/lang/ClassNotFoundException'{0x000000008eb9af68}: build_3up8jp43t37t9tdmqxbblf7zbCustomizer> (0x000000008eb9af68) 
thrown [s\open\src\hotspot\share\classfile\systemDictionary.cpp, line 256]
Event: 111.472 Thread 0x000001a9742d4470 Exception <a 'java/lang/ClassNotFoundException'{0x000000008e2fd398}: build_3up8jp43t37t9tdmqxbblf7zbBeanInfo> (0x000000008e2fd398) 
thrown [s\open\src\hotspot\share\classfile\systemDictionary.cpp, line 256]
Event: 111.473 Thread 0x000001a9742d4470 Exception <a 'java/lang/ClassNotFoundException'{0x000000008e105500}: build_3up8jp43t37t9tdmqxbblf7zbCustomizer> (0x000000008e105500) 
thrown [s\open\src\hotspot\share\classfile\systemDictionary.cpp, line 256]
Event: 112.625 Thread 0x000001a9742d4470 Exception <a 'java/lang/ClassNotFoundException'{0x000000008fd1e2d8}: java/util/TreeSetBeanInfo> (0x000000008fd1e2d8) 
thrown [s\open\src\hotspot\share\classfile\systemDictionary.cpp, line 256]
Event: 112.626 Thread 0x000001a9742d4470 Exception <a 'java/lang/ClassNotFoundException'{0x000000008fd28b68}: java/util/AbstractSetBeanInfo> (0x000000008fd28b68) 
thrown [s\open\src\hotspot\share\classfile\systemDictionary.cpp, line 256]
Event: 112.627 Thread 0x000001a9742d4470 Exception <a 'java/lang/ClassNotFoundException'{0x000000008fd33460}: java/util/AbstractSetCustomizer> (0x000000008fd33460) 
thrown [s\open\src\hotspot\share\classfile\systemDictionary.cpp, line 256]
Event: 112.627 Thread 0x000001a9742d4470 Exception <a 'java/lang/ClassNotFoundException'{0x000000008fd42050}: java/util/TreeSetCustomizer> (0x000000008fd42050) 
thrown [s\open\src\hotspot\share\classfile\systemDictionary.cpp, line 256]
Event: 112.744 Thread 0x000001a9742d4470 Exception <a 'java/lang/ClassNotFoundException'{0x000000008fc2ae20}: build_3up8jp43t37t9tdmqxbblf7zb$_run_closure4BeanInfo> (0x000000008fc2ae20) 
thrown [s\open\src\hotspot\share\classfile\systemDictionary.cpp, line 256]
Event: 112.745 Thread 0x000001a9742d4470 Exception <a 'java/lang/ClassNotFoundException'{0x000000008fc387a8}: build_3up8jp43t37t9tdmqxbblf7zb$_run_closure4Customizer> (0x000000008fc387a8) 
thrown [s\open\src\hotspot\share\classfile\systemDictionary.cpp, line 256]
Event: 113.238 Thread 0x000001a9742d4470 Exception <a 'java/lang/ClassNotFoundException'{0x000000008ee91fa8}: build_5sqox4361hvdr8wcp5oqs8j1fBeanInfo> (0x000000008ee91fa8) 
thrown [s\open\src\hotspot\share\classfile\systemDictionary.cpp, line 256]
Event: 113.239 Thread 0x000001a9742d4470 Exception <a 'java/lang/ClassNotFoundException'{0x000000008ee9a150}: build_5sqox4361hvdr8wcp5oqs8j1fCustomizer> (0x000000008ee9a150) 
thrown [s\open\src\hotspot\share\classfile\systemDictionary.cpp, line 256]
Event: 116.685 Thread 0x000001a9742d4470 Exception <a 'java/lang/ClassNotFoundException'{0x0000000090149cb0}: build_5sqox4361hvdr8wcp5oqs8j1fBeanInfo> (0x0000000090149cb0) 
thrown [s\open\src\hotspot\share\classfile\systemDictionary.cpp, line 256]
Event: 116.686 Thread 0x000001a9742d4470 Exception <a 'java/lang/ClassNotFoundException'{0x0000000090151ad8}: build_5sqox4361hvdr8wcp5oqs8j1fCustomizer> (0x0000000090151ad8) 
thrown [s\open\src\hotspot\share\classfile\systemDictionary.cpp, line 256]
Event: 119.097 Thread 0x000001a9742d4470 Exception <a 'java/lang/ClassNotFoundException'{0x000000008f1cbf48}: build_5sqox4361hvdr8wcp5oqs8j1f$_run_closure1BeanInfo> (0x000000008f1cbf48) 
thrown [s\open\src\hotspot\share\classfile\systemDictionary.cpp, line 256]
Event: 119.098 Thread 0x000001a9742d4470 Exception <a 'java/lang/ClassNotFoundException'{0x000000008f1d9dd0}: build_5sqox4361hvdr8wcp5oqs8j1f$_run_closure1Customizer> (0x000000008f1d9dd0) 
thrown [s\open\src\hotspot\share\classfile\systemDictionary.cpp, line 256]
Event: 119.469 Thread 0x000001a9742d4470 Exception <a 'java/lang/ClassNotFoundException'{0x000000008e234be0}: build_et2477b83miaoryyey37v0u0pBeanInfo> (0x000000008e234be0) 
thrown [s\open\src\hotspot\share\classfile\systemDictionary.cpp, line 256]
Event: 119.470 Thread 0x000001a9742d4470 Exception <a 'java/lang/ClassNotFoundException'{0x000000008e23cd88}: build_et2477b83miaoryyey37v0u0pCustomizer> (0x000000008e23cd88) 
thrown [s\open\src\hotspot\share\classfile\systemDictionary.cpp, line 256]
Event: 119.498 Thread 0x000001a9742d4470 Exception <a 'java/lang/ClassNotFoundException'{0x000000008e2c4800}: build_et2477b83miaoryyey37v0u0p$_run_closure1BeanInfo> (0x000000008e2c4800) 
thrown [s\open\src\hotspot\share\classfile\systemDictionary.cpp, line 256]
Event: 119.498 Thread 0x000001a9742d4470 Exception <a 'java/lang/ClassNotFoundException'{0x000000008e2ce4a0}: build_et2477b83miaoryyey37v0u0p$_run_closure1Customizer> (0x000000008e2ce4a0) 
thrown [s\open\src\hotspot\share\classfile\systemDictionary.cpp, line 256]

VM Operations (20 events):
Event: 116.683 Executing VM operation: G1CollectForAllocation done
Event: 117.693 Executing VM operation: Cleanup
Event: 117.693 Executing VM operation: Cleanup done
Event: 119.672 Executing VM operation: G1CollectForAllocation
Event: 119.683 Executing VM operation: G1CollectForAllocation done
Event: 120.215 Executing VM operation: G1CollectForAllocation
Event: 120.231 Executing VM operation: G1CollectForAllocation done
Event: 120.264 Executing VM operation: HandshakeAllThreads
Event: 120.264 Executing VM operation: HandshakeAllThreads done
Event: 120.468 Executing VM operation: G1CollectForAllocation
Event: 120.475 Executing VM operation: G1CollectForAllocation done
Event: 120.949 Executing VM operation: G1CollectForAllocation
Event: 120.953 Executing VM operation: G1CollectForAllocation done
Event: 121.238 Executing VM operation: G1CollectForAllocation
Event: 121.244 Executing VM operation: G1CollectForAllocation done
Event: 121.390 Executing VM operation: G1CollectForAllocation
Event: 121.396 Executing VM operation: G1CollectForAllocation done
Event: 121.534 Executing VM operation: G1CollectForAllocation
Event: 121.539 Executing VM operation: G1CollectForAllocation done
Event: 121.687 Executing VM operation: G1CollectForAllocation

Events (20 events):
Event: 112.669 Thread 0x000001a96f10b330 flushing nmethod 0x000001a95a716290
Event: 112.669 Thread 0x000001a96f10b330 flushing nmethod 0x000001a95a724110
Event: 112.669 Thread 0x000001a96f10b330 flushing nmethod 0x000001a95a725a10
Event: 112.669 Thread 0x000001a96f10b330 flushing nmethod 0x000001a95a72d010
Event: 112.669 Thread 0x000001a96f10b330 flushing nmethod 0x000001a95a735790
Event: 112.669 Thread 0x000001a96f10b330 flushing nmethod 0x000001a95a736b90
Event: 112.669 Thread 0x000001a96f10b330 flushing nmethod 0x000001a95a767b10
Event: 112.670 Thread 0x000001a96f10b330 flushing nmethod 0x000001a95a853910
Event: 112.670 Thread 0x000001a96f10b330 flushing nmethod 0x000001a95a86b890
Event: 112.670 Thread 0x000001a96f10b330 flushing nmethod 0x000001a95a86d210
Event: 112.670 Thread 0x000001a96f10b330 flushing nmethod 0x000001a95a86df10
Event: 112.670 Thread 0x000001a96f10b330 flushing nmethod 0x000001a95a8a0c90
Event: 112.670 Thread 0x000001a96f10b330 flushing nmethod 0x000001a95a8c6790
Event: 112.670 Thread 0x000001a96f10b330 flushing nmethod 0x000001a95a8d7810
Event: 112.671 Thread 0x000001a96f10b330 flushing nmethod 0x000001a95a92e490
Event: 112.671 Thread 0x000001a96f10b330 flushing nmethod 0x000001a95a92f910
Event: 112.671 Thread 0x000001a96f10b330 flushing nmethod 0x000001a95a947e10
Event: 112.672 Thread 0x000001a96f10b330 flushing nmethod 0x000001a95aa15c10
Event: 113.769 Thread 0x000001a9769d5710 Thread added: 0x000001a9769d5710
Event: 114.345 Thread 0x000001a9769d5710 Thread exited: 0x000001a9769d5710


Dynamic libraries:
0x00007ff746560000 - 0x00007ff746570000 	C:\Users\Dell\Downloads\jdk-17.0.12_windows-x64_bin\jdk-17.0.12\bin\java.exe
0x00007ff930030000 - 0x00007ff930228000 	C:\WINDOWS\SYSTEM32\ntdll.dll
0x00007ff92f250000 - 0x00007ff92f312000 	C:\WINDOWS\System32\KERNEL32.DLL
0x00007ff92d9e0000 - 0x00007ff92dcd6000 	C:\WINDOWS\System32\KERNELBASE.dll
0x00007ff92ded0000 - 0x00007ff92dfd0000 	C:\WINDOWS\System32\ucrtbase.dll
0x00007ff907a80000 - 0x00007ff907a9b000 	C:\Users\Dell\Downloads\jdk-17.0.12_windows-x64_bin\jdk-17.0.12\bin\VCRUNTIME140.dll
0x00007ff910280000 - 0x00007ff910299000 	C:\Users\Dell\Downloads\jdk-17.0.12_windows-x64_bin\jdk-17.0.12\bin\jli.dll
0x00007ff92f840000 - 0x00007ff92f8f1000 	C:\WINDOWS\System32\ADVAPI32.dll
0x00007ff92e470000 - 0x00007ff92e50e000 	C:\WINDOWS\System32\msvcrt.dll
0x00007ff92f0c0000 - 0x00007ff92f15f000 	C:\WINDOWS\System32\sechost.dll
0x00007ff92fec0000 - 0x00007ff92ffe3000 	C:\WINDOWS\System32\RPCRT4.dll
0x00007ff92d980000 - 0x00007ff92d9a7000 	C:\WINDOWS\System32\bcrypt.dll
0x00007ff92e150000 - 0x00007ff92e2ed000 	C:\WINDOWS\System32\USER32.dll
0x00007ff92d9b0000 - 0x00007ff92d9d2000 	C:\WINDOWS\System32\win32u.dll
0x00007ff92fc80000 - 0x00007ff92fcab000 	C:\WINDOWS\System32\GDI32.dll
0x00007ff92d760000 - 0x00007ff92d879000 	C:\WINDOWS\System32\gdi32full.dll
0x00007ff92d6c0000 - 0x00007ff92d75d000 	C:\WINDOWS\System32\msvcp_win.dll
0x00007ff916070000 - 0x00007ff91630a000 	C:\WINDOWS\WinSxS\amd64_microsoft.windows.common-controls_6595b64144ccf1df_6.0.19041.5915_none_60b4b9d171f9c7c7\COMCTL32.dll
0x00007ff91c050000 - 0x00007ff91c05a000 	C:\WINDOWS\SYSTEM32\VERSION.dll
0x00007ff92e050000 - 0x00007ff92e07f000 	C:\WINDOWS\System32\IMM32.DLL
0x00007ff90c400000 - 0x00007ff90c40c000 	C:\Users\Dell\Downloads\jdk-17.0.12_windows-x64_bin\jdk-17.0.12\bin\vcruntime140_1.dll
0x00007ff8fabd0000 - 0x00007ff8fac5e000 	C:\Users\Dell\Downloads\jdk-17.0.12_windows-x64_bin\jdk-17.0.12\bin\msvcp140.dll
0x00007ff8889f0000 - 0x00007ff8895d0000 	C:\Users\Dell\Downloads\jdk-17.0.12_windows-x64_bin\jdk-17.0.12\bin\server\jvm.dll
0x00007ff92e580000 - 0x00007ff92e588000 	C:\WINDOWS\System32\PSAPI.DLL
0x00007ff909c00000 - 0x00007ff909c09000 	C:\WINDOWS\SYSTEM32\WSOCK32.dll
0x00007ff92fc10000 - 0x00007ff92fc7b000 	C:\WINDOWS\System32\WS2_32.dll
0x00007ff916430000 - 0x00007ff916457000 	C:\WINDOWS\SYSTEM32\WINMM.dll
0x00007ff92bea0000 - 0x00007ff92beb2000 	C:\WINDOWS\SYSTEM32\kernel.appcore.dll
0x00007ff909690000 - 0x00007ff90969a000 	C:\Users\Dell\Downloads\jdk-17.0.12_windows-x64_bin\jdk-17.0.12\bin\jimage.dll
0x00007ff92aca0000 - 0x00007ff92aea1000 	C:\WINDOWS\SYSTEM32\DBGHELP.DLL
0x00007ff91d700000 - 0x00007ff91d734000 	C:\WINDOWS\SYSTEM32\dbgcore.DLL
0x00007ff92dce0000 - 0x00007ff92dd62000 	C:\WINDOWS\System32\bcryptPrimitives.dll
0x00007ff909000000 - 0x00007ff90900e000 	C:\Users\Dell\Downloads\jdk-17.0.12_windows-x64_bin\jdk-17.0.12\bin\instrument.dll
0x00007ff8fdb80000 - 0x00007ff8fdba5000 	C:\Users\Dell\Downloads\jdk-17.0.12_windows-x64_bin\jdk-17.0.12\bin\java.dll
0x00007ff8f7e90000 - 0x00007ff8f7f67000 	C:\Users\Dell\Downloads\jdk-17.0.12_windows-x64_bin\jdk-17.0.12\bin\jsvml.dll
0x00007ff92e590000 - 0x00007ff92ecfe000 	C:\WINDOWS\System32\SHELL32.dll
0x00007ff92b610000 - 0x00007ff92bdb3000 	C:\WINDOWS\SYSTEM32\windows.storage.dll
0x00007ff92ed00000 - 0x00007ff92f053000 	C:\WINDOWS\System32\combase.dll
0x00007ff92cf40000 - 0x00007ff92cf6b000 	C:\WINDOWS\SYSTEM32\Wldp.dll
0x00007ff92e080000 - 0x00007ff92e14d000 	C:\WINDOWS\System32\OLEAUT32.dll
0x00007ff92f9b0000 - 0x00007ff92fa5d000 	C:\WINDOWS\System32\SHCORE.dll
0x00007ff92f060000 - 0x00007ff92f0bb000 	C:\WINDOWS\System32\shlwapi.dll
0x00007ff92d5f0000 - 0x00007ff92d615000 	C:\WINDOWS\SYSTEM32\profapi.dll
0x00007ff905870000 - 0x00007ff905888000 	C:\Users\Dell\Downloads\jdk-17.0.12_windows-x64_bin\jdk-17.0.12\bin\zip.dll
0x00007ff904400000 - 0x00007ff904419000 	C:\Users\Dell\Downloads\jdk-17.0.12_windows-x64_bin\jdk-17.0.12\bin\net.dll
0x00007ff924fe0000 - 0x00007ff9250ea000 	C:\WINDOWS\SYSTEM32\WINHTTP.dll
0x00007ff92cd20000 - 0x00007ff92cd8a000 	C:\WINDOWS\system32\mswsock.dll
0x00007ff8fffe0000 - 0x00007ff8ffff6000 	C:\Users\Dell\Downloads\jdk-17.0.12_windows-x64_bin\jdk-17.0.12\bin\nio.dll
0x00007ff908bf0000 - 0x00007ff908c00000 	C:\Users\Dell\Downloads\jdk-17.0.12_windows-x64_bin\jdk-17.0.12\bin\verify.dll
0x00007ff900410000 - 0x00007ff900437000 	C:\Users\Dell\.gradle\native\1def1411415f61bf3af743bc5b6707747c0891f09f0c88961ee8f79bc544acac\windows-amd64\native-platform.dll
0x00007ff8f8510000 - 0x00007ff8f8588000 	C:\Users\Dell\.gradle\native\0.2.7\x86_64-windows-gnu\gradle-fileevents.dll
0x00007ff908b00000 - 0x00007ff908b0a000 	C:\Users\Dell\Downloads\jdk-17.0.12_windows-x64_bin\jdk-17.0.12\bin\management.dll
0x00007ff9089f0000 - 0x00007ff9089fb000 	C:\Users\Dell\Downloads\jdk-17.0.12_windows-x64_bin\jdk-17.0.12\bin\management_ext.dll
0x00007ff92ca20000 - 0x00007ff92ca5b000 	C:\WINDOWS\SYSTEM32\IPHLPAPI.DLL
0x00007ff92e510000 - 0x00007ff92e518000 	C:\WINDOWS\System32\NSI.dll
0x00007ff923a70000 - 0x00007ff923a87000 	C:\WINDOWS\SYSTEM32\dhcpcsvc6.DLL
0x00007ff9234c0000 - 0x00007ff9234dd000 	C:\WINDOWS\SYSTEM32\dhcpcsvc.DLL
0x00007ff92ca60000 - 0x00007ff92cb2a000 	C:\WINDOWS\SYSTEM32\DNSAPI.dll
0x00007ff92cf80000 - 0x00007ff92cf98000 	C:\WINDOWS\SYSTEM32\CRYPTSP.dll
0x00007ff92c660000 - 0x00007ff92c698000 	C:\WINDOWS\system32\rsaenh.dll
0x00007ff92d570000 - 0x00007ff92d59e000 	C:\WINDOWS\SYSTEM32\USERENV.dll
0x00007ff92ceb0000 - 0x00007ff92cebc000 	C:\WINDOWS\SYSTEM32\CRYPTBASE.dll
0x00007ff904010000 - 0x00007ff90401e000 	C:\Users\Dell\Downloads\jdk-17.0.12_windows-x64_bin\jdk-17.0.12\bin\sunmscapi.dll
0x00007ff92dd70000 - 0x00007ff92decd000 	C:\WINDOWS\System32\CRYPT32.dll
0x00007ff92d090000 - 0x00007ff92d0b7000 	C:\WINDOWS\SYSTEM32\ncrypt.dll
0x00007ff92d050000 - 0x00007ff92d08b000 	C:\WINDOWS\SYSTEM32\NTASN1.dll
0x00007ff90f740000 - 0x00007ff90f747000 	C:\WINDOWS\system32\wshunix.dll
0x00007ff91c270000 - 0x00007ff91c27a000 	C:\Windows\System32\rasadhlp.dll
0x00007ff9220a0000 - 0x00007ff922120000 	C:\WINDOWS\System32\fwpuclnt.dll
0x00007ff8ca5f0000 - 0x00007ff8ca607000 	C:\WINDOWS\system32\napinsp.dll
0x00007ff8ca5d0000 - 0x00007ff8ca5eb000 	C:\WINDOWS\system32\pnrpnsp.dll
0x00007ff927f60000 - 0x00007ff927f7d000 	C:\WINDOWS\system32\wshbth.dll
0x00007ff926600000 - 0x00007ff92661d000 	C:\WINDOWS\system32\NLAapi.dll
0x00007ff8ca610000 - 0x00007ff8ca622000 	C:\WINDOWS\System32\winrnr.dll

dbghelp: loaded successfully - version: 4.0.5 - missing functions: none
symbol engine: initialized successfully - sym options: 0x614 - pdb path: .;C:\Users\Dell\Downloads\jdk-17.0.12_windows-x64_bin\jdk-17.0.12\bin;C:\WINDOWS\SYSTEM32;C:\WINDOWS\WinSxS\amd64_microsoft.windows.common-controls_6595b64144ccf1df_6.0.19041.5915_none_60b4b9d171f9c7c7;C:\Users\Dell\Downloads\jdk-17.0.12_windows-x64_bin\jdk-17.0.12\bin\server;C:\Users\Dell\.gradle\native\1def1411415f61bf3af743bc5b6707747c0891f09f0c88961ee8f79bc544acac\windows-amd64;C:\Users\Dell\.gradle\native\0.2.7\x86_64-windows-gnu

VM Arguments:
jvm_args: --add-opens=java.base/java.lang=ALL-UNNAMED --add-opens=java.base/java.lang.invoke=ALL-UNNAMED --add-opens=java.base/java.util=ALL-UNNAMED --add-opens=java.prefs/java.util.prefs=ALL-UNNAMED --add-exports=jdk.compiler/com.sun.tools.javac.api=ALL-UNNAMED --add-exports=jdk.compiler/com.sun.tools.javac.util=ALL-UNNAMED --add-opens=java.base/java.util=ALL-UNNAMED --add-opens=java.prefs/java.util.prefs=ALL-UNNAMED --add-opens=java.base/java.nio.charset=ALL-UNNAMED --add-opens=java.base/java.net=ALL-UNNAMED --add-opens=java.base/java.util.concurrent.atomic=ALL-UNNAMED --add-opens=java.xml/javax.xml.namespace=ALL-UNNAMED -XX:MaxMetaspaceSize=512m -Xmx2048m -Dfile.encoding=UTF-8 -Duser.country=FR -Duser.language=fr -Duser.variant -javaagent:C:\Users\Dell\.gradle\wrapper\dists\gradle-8.13-bin\5xuhj0ry160q40clulazy9h7d\gradle-8.13\lib\agents\gradle-instrumentation-agent-8.13.jar 
java_command: org.gradle.launcher.daemon.bootstrap.GradleDaemon 8.13
java_class_path (initial): C:\Users\Dell\.gradle\wrapper\dists\gradle-8.13-bin\5xuhj0ry160q40clulazy9h7d\gradle-8.13\lib\gradle-daemon-main-8.13.jar
Launcher Type: SUN_STANDARD

[Global flags]
     intx CICompilerCount                          = 3                                         {product} {ergonomic}
   size_t CompressedClassSpaceSize                 = 436207616                                 {product} {ergonomic}
     uint ConcGCThreads                            = 1                                         {product} {ergonomic}
     uint G1ConcRefinementThreads                  = 4                                         {product} {ergonomic}
   size_t G1HeapRegionSize                         = 1048576                                   {product} {ergonomic}
    uintx GCDrainStackTargetSize                   = 64                                        {product} {ergonomic}
   size_t InitialHeapSize                          = 134217728                                 {product} {ergonomic}
   size_t MarkStackSize                            = 4194304                                   {product} {ergonomic}
   size_t MaxHeapSize                              = 2147483648                                {product} {command line}
   size_t MaxMetaspaceSize                         = 536870912                                 {product} {command line}
   size_t MaxNewSize                               = 1287651328                                {product} {ergonomic}
   size_t MinHeapDeltaBytes                        = 1048576                                   {product} {ergonomic}
   size_t MinHeapSize                              = 8388608                                   {product} {ergonomic}
    uintx NonNMethodCodeHeapSize                   = 5832780                                {pd product} {ergonomic}
    uintx NonProfiledCodeHeapSize                  = 122912730                              {pd product} {ergonomic}
    uintx ProfiledCodeHeapSize                     = 122912730                              {pd product} {ergonomic}
    uintx ReservedCodeCacheSize                    = 251658240                              {pd product} {ergonomic}
     bool SegmentedCodeCache                       = true                                      {product} {ergonomic}
   size_t SoftMaxHeapSize                          = 2147483648                             {manageable} {ergonomic}
     bool UseCompressedClassPointers               = true                           {product lp64_product} {ergonomic}
     bool UseCompressedOops                        = true                           {product lp64_product} {ergonomic}
     bool UseG1GC                                  = true                                      {product} {ergonomic}
     bool UseLargePagesIndividualAllocation        = false                                  {pd product} {ergonomic}

Logging:
Log output configuration:
 #0: stdout all=warning uptime,level,tags
 #1: stderr all=off uptime,level,tags

Environment Variables:
PATH=C:\WINDOWS\system32;C:\WINDOWS;C:\WINDOWS\System32\Wbem;C:\WINDOWS\System32\WindowsPowerShell\v1.0\;C:\WINDOWS\System32\OpenSSH\;C:\ProgramData\chocolatey\bin;C:\Program Files\nodejs\;C:\Program Files\Git\cmd;C:\Users\Dell\Downloads\platform-tools-latest-windows\platform-tools;C:\Users\Dell\Downloads\gradle-8.2-all\gradle-8.2\bin;C:\Users\Dell\Downloads\android-ndk-r27c-windows\android-ndk-r27c;%JAVA_HOME%\bin;C:\Users\Dell\Downloads\jdk-17.0.12_windows-x64_bin\jdk-17.0.12\bin;%ANDROID_HOME%\platform-tools;C:\Users\Dell\AppData\Local\Android\Sdk\platform-tools;%ANDROID_HOME%\emulator;%ANDROID_HOME%\tools;%ANDROID_HOME%\tools\bin;%ANDROID_HOME%\platform-tools;C:\Python313;C:\Users\Dell\ffmpeg-7.1.1-essentials_build\bin;C:\Users\Dell\AppData\Local\Programs\Python\Python310\Scripts\;C:\Users\Dell\AppData\Local\Programs\Python\Python310\;C:\Users\Dell\AppData\Local\Microsoft\WindowsApps;C:\Users\Dell\AppData\Local\Programs\Microsoft VS Code\bin;C:\Users\Dell\AppData\Roaming\npm;C:\Users\Dell\AppData\Local\Android\Sdk\platform-tools;C:\Users\Dell\AppData\Local\Android\Sdk\platform-tools;C:\Users\Dell\AppData\Local\Android\Sdk\emulator;C:\Users\Dell\AppData\Local\Android\Sdk\tools;C:\Users\Dell\AppData\Local\Android\Sdk\tools\bin;C:\Users\Dell\AppData\Local\Android\Sdk\platform-tools;C:\Python313;C:\Users\Dell\OneDrive\Bureau\ngrok-v3-stable-windows-amd64;
USERNAME=Dell
OS=Windows_NT
PROCESSOR_IDENTIFIER=Intel64 Family 6 Model 78 Stepping 3, GenuineIntel



---------------  S Y S T E M  ---------------

OS:
 Windows 10 , 64 bit Build 19041 (10.0.19041.5915)
OS uptime: 4 days 5:33 hours
Hyper-V role detected

CPU: total 4 (initial active 4) (2 cores per cpu, 2 threads per core) family 6 model 78 stepping 3 microcode 0xf0, cx8, cmov, fxsr, ht, mmx, 3dnowpref, sse, sse2, sse3, ssse3, sse4.1, sse4.2, popcnt, lzcnt, tsc, tscinvbit, avx, avx2, aes, erms, clmul, bmi1, bmi2, rtm, adx, fma, vzeroupper, clflush, clflushopt, hv

Memory: 4k page, system-wide physical 8073M (1022M free)
TotalPageFile size 17456M (AvailPageFile size 8M)
current process WorkingSet (physical memory assigned to process): 574M, peak: 576M
current process commit charge ("private bytes"): 615M, peak: 667M

vm_info: Java HotSpot(TM) 64-Bit Server VM (17.0.12+8-LTS-286) for windows-amd64 JRE (17.0.12+8-LTS-286), built on Jun  5 2024 06:46:59 by "mach5one" with MS VC++ 17.6 (VS2022)

END.
